#
# A fatal error has been detected by the Java Runtime Environment:
#
#  EXCEPTION_ACCESS_VIOLATION (0xc0000005) at pc=0x00007ffa2c9f362e, pid=8676, tid=4252
#
# JRE version: OpenJDK Runtime Environment AdoptOpenJDK-16.0.1+9 (16.0.1+9) (build 16.0.1+9)
# Java VM: OpenJDK 64-Bit Server VM AdoptOpenJDK-16.0.1+9 (16.0.1+9, mixed mode, sharing, tiered, compressed oops, compressed class ptrs, g1 gc, windows-amd64)
# Problematic frame:
# C  [native-platform-file-events.dll+0x2362e]
#
# No core dump will be written. Minidumps are not enabled by default on client versions of Windows
#
# If you would like to submit a bug report, please visit:
#   https://github.com/AdoptOpenJDK/openjdk-support/issues
# The crash happened outside the Java Virtual Machine in native code.
# See problematic frame for where to report the bug.
#

---------------  S U M M A R Y ------------

Command Line: --add-opens=java.base/java.util=ALL-UNNAMED --add-opens=java.base/java.lang=ALL-UNNAMED --add-opens=java.base/java.lang.invoke=ALL-UNNAMED --add-opens=java.base/java.util=ALL-UNNAMED --add-opens=java.prefs/java.util.prefs=ALL-UNNAMED --add-opens=java.prefs/java.util.prefs=ALL-UNNAMED --add-opens=java.base/java.nio.charset=ALL-UNNAMED --add-opens=java.base/java.net=ALL-UNNAMED --add-opens=java.base/java.util.concurrent.atomic=ALL-UNNAMED -XX:MaxMetaspaceSize=256m -XX:+HeapDumpOnOutOfMemoryError -Xms256m -Xmx512m -Dfile.encoding=windows-1252 -Duser.country=FR -Duser.language=fr -Duser.variant org.gradle.launcher.daemon.bootstrap.GradleDaemon 7.0

Host: Intel(R) Core(TM) i5-8400 CPU @ 2.80GHz, 6 cores, 15G,  Windows 10 , 64 bit Build 19041 (10.0.19041.1023)
Time: Fri Jul 23 09:32:23 2021 Paris, Madrid (heure duild 19041 (10.0.19041.1023) elapsed time: 4.619890 seconds (0d 0h 0m 4s)

---------------  T H R E A D  ---------------

Current thread (0x00000203de4551d0):  JavaThread "File watcher server" daemon [_thread_in_native, id=4252, stack(0x000000a2ac600000,0x000000a2ac700000)]

Stack: [0x000000a2ac600000,0x000000a2ac700000],  sp=0x000000a2ac6fec10,  free space=1019k
Native frames: (J=compiled Java code, j=interpreted, Vv=VM code, C=native code)
C  [native-platform-file-events.dll+0x2362e]

Java frames: (J=compiled Java code, j=interpreted, Vv=VM code)
j  net.rubygrapefruit.platform.internal.jni.AbstractFileEventFunctions$NativeFileWatcher.executeRunLoop0(Ljava/lang/Object;)V+0
j  net.rubygrapefruit.platform.internal.jni.AbstractFileEventFunctions$NativeFileWatcher.access$100(Lnet/rubygrapefruit/platform/internal/jni/AbstractFileEventFunctions$NativeFileWatcher;Ljava/lang/Object;)V+2
j  net.rubygrapefruit.platform.internal.jni.AbstractFileEventFunctions$NativeFileWatcher$1.run()V+26
v  ~StubRoutines::call_stub

siginfo: EXCEPTION_ACCESS_VIOLATION (0xc0000005), reading address 0xffffffffffffffff


Register to memory mapping:

RIP=0x00007ffa2c9f362e native-platform-file-events.dll
RAX=0x2473636974736974 is an unknown value
RBX=0x0000000000000001 is an unknown value
RCX=0x2473636974736974 is an unknown value
RDX=0x000000a2ac6fec68 is pointing into the stack for thread: 0x00000203de4551d0
RSP=0x000000a2ac6fec10 is pointing into the stack for thread: 0x00000203de4551d0
RBP=0x000000a2ac6ff608 is pointing into the stack for thread: 0x00000203de4551d0
RSI=0x0 is NULL
RDI=0x00000000ffffffff is an unallocated location in the heap
R8 =0x000000a2ac6fec70 is pointing into the stack for thread: 0x00000203de4551d0
R9 =0x000000007ffea000 points into unknown readable memory: 0x00000000546c6148 | 48 61 6c 54 00 00 00 00
R10=0x00000000546c6148 is an unknown value
R11=0x000006d354c177e3 is an unknown value
R12=0x0 is NULL
R13={method} {0x00000203dff45a08} 'executeRunLoop0' '(Ljava/lang/Object;)V' in 'net/rubygrapefruit/platform/internal/jni/AbstractFileEventFunctions$NativeFileWatcher'
R14=0x000000a2ac6ff630 is pointing into the stack for thread: 0x00000203de4551d0
R15=0x00000203de4551d0 is a thread


Registers:
RAX=0x2473636974736974, RBX=0x0000000000000001, RCX=0x2473636974736974, RDX=0x000000a2ac6fec68
RSP=0x000000a2ac6fec10, RBP=0x000000a2ac6ff608, RSI=0x0000000000000000, RDI=0x00000000ffffffff
R8 =0x000000a2ac6fec70, R9 =0x000000007ffea000, R10=0x00000000546c6148, R11=0x000006d354c177e3
R12=0x0000000000000000, R13=0x00000203dff45a00, R14=0x000000a2ac6ff630, R15=0x00000203de4551d0
RIP=0x00007ffa2c9f362e, EFLAGS=0x0000000000010206

Top of Stack: (sp=0x000000a2ac6fec10)
0x000000a2ac6fec10:   0003614af5e0f728 0003614ad8edafa8
0x000000a2ac6fec20:   0003614af5e0f728 00007ffa2ca0e965
0x000000a2ac6fec30:   000000a2ac6fece8 000000a2ac6fec68
0x000000a2ac6fec40:   000000a200000000 000000a2ac6fec78
0x000000a2ac6fec50:   000000a2ac6f0001 000008a7264c7d5a
0x000000a2ac6fec60:   000000a2ac6fec70 00000000000001e5
0x000000a2ac6fec70:   0003614ad8edafa8 0003614af5e0f728
0x000000a2ac6fec80:   00000000ea9000d8 00007ffa2ca0e4f7
0x000000a2ac6fec90:   000000a2ac6fece8 000000a2ac6fece0
0x000000a2ac6feca0:   00000203db9b0640 00007ffa2c9fd473
0x000000a2ac6fecb0:   000000a200000000 000000a2abefc220
0x000000a2ac6fecc0:   0003614af5e0f728 00000000000001e5
0x000000a2ac6fecd0:   000000a200000000 000000a2ac6fed40
0x000000a2ac6fece0:   0000b9206f5be50a 00000000000001e5
0x000000a2ac6fecf0:   00000203e0c563e0 00007ffa2c9f385c
0x000000a2ac6fed00:   2473636974736974 0000020300000003 

Instructions: (pc=0x00007ffa2c9f362e)
0x00007ffa2c9f352e:   8b 00 48 89 44 24 38 48 8b 44 24 38 48 89 44 24
0x00007ffa2c9f353e:   58 48 8b 84 24 b0 00 00 00 48 83 c0 08 48 89 44
0x00007ffa2c9f354e:   24 40 48 8d 54 24 70 48 8b 4c 24 40 e8 84 1a fe
0x00007ffa2c9f355e:   ff 48 8b 00 48 89 44 24 48 48 8b 44 24 48 48 89
0x00007ffa2c9f356e:   44 24 60 4c 8b 4c 24 50 4c 8b 44 24 58 48 8b 54
0x00007ffa2c9f357e:   24 60 48 8d 4c 24 78 e8 b2 48 fe ff 48 8d 4c 24
0x00007ffa2c9f358e:   78 e8 a8 20 fe ff 48 8b c8 ff 15 6b ba 16 00 89
0x00007ffa2c9f359e:   44 24 24 83 7c 24 24 ff 74 15 8b 44 24 24 83 e0
0x00007ffa2c9f35ae:   10 85 c0 74 0a c7 44 24 28 01 00 00 00 eb 08 c7
0x00007ffa2c9f35be:   44 24 28 00 00 00 00 0f b6 44 24 28 88 44 24 20
0x00007ffa2c9f35ce:   48 8d 4c 24 78 e8 04 49 fe ff 0f b6 44 24 20 48
0x00007ffa2c9f35de:   8b 8c 24 98 00 00 00 48 33 cc e8 35 fe fd ff 48
0x00007ffa2c9f35ee:   81 c4 a8 00 00 00 c3 cc cc cc cc cc cc cc cc cc
0x00007ffa2c9f35fe:   cc cc 48 89 4c 24 08 48 81 ec e8 00 00 00 48 8b
0x00007ffa2c9f360e:   05 a5 1a 15 00 48 33 c4 48 89 84 24 d0 00 00 00
0x00007ffa2c9f361e:   c7 44 24 30 00 00 00 00 48 8b 84 24 f0 00 00 00
0x00007ffa2c9f362e:   83 78 68 03 0f 84 02 01 00 00 48 8b 84 24 f0 00
0x00007ffa2c9f363e:   00 00 48 8b 48 28 ff 15 c6 b9 16 00 89 44 24 38
0x00007ffa2c9f364e:   83 7c 24 38 00 0f 85 d0 00 00 00 ba 07 00 00 00
0x00007ffa2c9f365e:   48 8b 0d e3 69 15 00 e8 cd d9 fd ff 88 44 24 34
0x00007ffa2c9f366e:   0f b6 44 24 34 85 c0 0f 84 90 00 00 00 ff 15 97
0x00007ffa2c9f367e:   b9 16 00 89 44 24 3c 48 8b 84 24 f0 00 00 00 48
0x00007ffa2c9f368e:   83 c0 08 48 8b d0 48 8d 8c 24 90 00 00 00 e8 cd
0x00007ffa2c9f369e:   5b fe ff 48 89 44 24 40 48 8b 44 24 40 48 89 44
0x00007ffa2c9f36ae:   24 48 8b 44 24 30 83 c8 01 89 44 24 30 48 8b 4c
0x00007ffa2c9f36be:   24 48 e8 4e 4d fe ff 48 89 44 24 50 48 8b 84 24
0x00007ffa2c9f36ce:   f0 00 00 00 48 8b 40 28 48 89 44 24 58 8b 44 24
0x00007ffa2c9f36de:   3c 89 44 24 28 48 8b 44 24 50 48 89 44 24 20 4c
0x00007ffa2c9f36ee:   8b 4c 24 58 4c 8d 05 67 4f 11 00 ba 07 00 00 00
0x00007ffa2c9f36fe:   48 8b 0d 43 69 15 00 e8 71 67 fe ff 90 8b 44 24
0x00007ffa2c9f370e:   30 83 e0 01 85 c0 74 13 83 64 24 30 fe 48 8d 8c
0x00007ffa2c9f371e:   24 90 00 00 00 e8 eb 1a fe ff 90 eb 00 48 8b 84 


Stack slot to memory mapping:
stack at sp + 0 slots: 0x0003614af5e0f728 is an unknown value
stack at sp + 1 slots: 0x0003614ad8edafa8 is an unknown value
stack at sp + 2 slots: 0x0003614af5e0f728 is an unknown value
stack at sp + 3 slots: 0x00007ffa2ca0e965 native-platform-file-events.dll
stack at sp + 4 slots: 0x000000a2ac6fece8 is pointing into the stack for thread: 0x00000203de4551d0
stack at sp + 5 slots: 0x000000a2ac6fec68 is pointing into the stack for thread: 0x00000203de4551d0
stack at sp + 6 slots: 0x000000a200000000 is an unknown value
stack at sp + 7 slots: 0x000000a2ac6fec78 is pointing into the stack for thread: 0x00000203de4551d0


---------------  P R O C E S S  ---------------

Threads class SMR info:
_java_thread_list=0x00000203e0c57f70, length=48, elements={
0x00000203befcd980, 0x00000203da561c40, 0x00000203da562750, 0x00000203da573980,
0x00000203da5762a0, 0x00000203da576bb0, 0x00000203da5794e0, 0x00000203da57a120,
0x00000203da57aa70, 0x00000203da5833d0, 0x00000203db0e1db0, 0x00000203db0e2850,
0x00000203db27ef40, 0x00000203db0e1860, 0x00000203db0e2da0, 0x00000203db0e3d90,
0x00000203db0e32f0, 0x00000203db0e0dc0, 0x00000203db0e0870, 0x00000203db0e1310,
0x00000203de4561c0, 0x00000203de458c40, 0x00000203de4581a0, 0x00000203de45bc10,
0x00000203de45c6b0, 0x00000203de45b170, 0x00000203de459c30, 0x00000203de4551d0,
0x00000203de457c50, 0x00000203de454c80, 0x00000203de45a6d0, 0x00000203de455720,
0x00000203de45c160, 0x00000203de4596e0, 0x00000203de4571b0, 0x00000203de455c70,
0x00000203de456c60, 0x00000203de457700, 0x00000203dd7bc7e0, 0x00000203dd7b92c0,
0x00000203dd7bad50, 0x00000203dd7b5da0, 0x00000203dd7bc290, 0x00000203dd7b8d70,
0x00000203dd7bd280, 0x00000203dd7b6840, 0x00000203dd7b9810, 0x00000203dd7ba2b0
}

Java Threads: ( => current thread )
  0x00000203befcd980 JavaThread "main" [_thread_blocked, id=1116, stack(0x000000a2a9f00000,0x000000a2aa000000)]
  0x00000203da561c40 JavaThread "Reference Handler" daemon [_thread_blocked, id=2032, stack(0x000000a2aa600000,0x000000a2aa700000)]
  0x00000203da562750 JavaThread "Finalizer" daemon [_thread_blocked, id=6560, stack(0x000000a2aa700000,0x000000a2aa800000)]
  0x00000203da573980 JavaThread "Signal Dispatcher" daemon [_thread_blocked, id=8124, stack(0x000000a2aa800000,0x000000a2aa900000)]
  0x00000203da5762a0 JavaThread "Attach Listener" daemon [_thread_blocked, id=2232, stack(0x000000a2aa900000,0x000000a2aaa00000)]
  0x00000203da576bb0 JavaThread "Service Thread" daemon [_thread_blocked, id=3828, stack(0x000000a2aaa00000,0x000000a2aab00000)]
  0x00000203da5794e0 JavaThread "Monitor Deflation Thread" daemon [_thread_blocked, id=12632, stack(0x000000a2aab00000,0x000000a2aac00000)]
  0x00000203da57a120 JavaThread "C2 CompilerThread0" daemon [_thread_blocked, id=4644, stack(0x000000a2aac00000,0x000000a2aad00000)]
  0x00000203da57aa70 JavaThread "C1 CompilerThread0" daemon [_thread_blocked, id=11708, stack(0x000000a2aad00000,0x000000a2aae00000)]
  0x00000203da5833d0 JavaThread "Sweeper thread" daemon [_thread_blocked, id=11496, stack(0x000000a2aae00000,0x000000a2aaf00000)]
  0x00000203db0e1db0 JavaThread "Common-Cleaner" daemon [_thread_blocked, id=4012, stack(0x000000a2aaf00000,0x000000a2ab000000)]
  0x00000203db0e2850 JavaThread "Notification Thread" daemon [_thread_blocked, id=13596, stack(0x000000a2ab000000,0x000000a2ab100000)]
  0x00000203db27ef40 JavaThread "C2 CompilerThread1" daemon [_thread_blocked, id=3884, stack(0x000000a2ab200000,0x000000a2ab300000)]
  0x00000203db0e1860 JavaThread "Daemon health stats" [_thread_blocked, id=9044, stack(0x000000a2ab800000,0x000000a2ab900000)]
  0x00000203db0e2da0 JavaThread "Incoming local TCP Connector on port 62727" [_thread_in_native, id=5872, stack(0x000000a2ab900000,0x000000a2aba00000)]
  0x00000203db0e3d90 JavaThread "Daemon periodic checks" [_thread_blocked, id=10336, stack(0x000000a2aba00000,0x000000a2abb00000)]
  0x00000203db0e32f0 JavaThread "Daemon" [_thread_blocked, id=3784, stack(0x000000a2abb00000,0x000000a2abc00000)]
  0x00000203db0e0dc0 JavaThread "Handler for socket connection from /127.0.0.1:62727 to /127.0.0.1:62728" [_thread_in_native, id=7748, stack(0x000000a2abc00000,0x000000a2abd00000)]
  0x00000203db0e0870 JavaThread "Cancel handler" [_thread_blocked, id=10304, stack(0x000000a2abd00000,0x000000a2abe00000)]
  0x00000203db0e1310 JavaThread "Daemon worker" [_thread_in_native, id=4752, stack(0x000000a2abe00000,0x000000a2abf00000)]
  0x00000203de4561c0 JavaThread "Asynchronous log dispatcher for DefaultDaemonConnection: socket connection from /127.0.0.1:62727 to /127.0.0.1:62728" [_thread_blocked, id=1460, stack(0x000000a2abf00000,0x000000a2ac000000)]
  0x00000203de458c40 JavaThread "Stdin handler" [_thread_blocked, id=10736, stack(0x000000a2ac000000,0x000000a2ac100000)]
  0x00000203de4581a0 JavaThread "Daemon client event forwarder" [_thread_blocked, id=5040, stack(0x000000a2ac100000,0x000000a2ac200000)]
  0x00000203de45bc10 JavaThread "Cache worker for file hash cache (C:\Users\80010-02-10\.gradle\caches\7.0\fileHashes)" [_thread_blocked, id=10332, stack(0x000000a2ac200000,0x000000a2ac300000)]
  0x00000203de45c6b0 JavaThread "File lock request listener" [_thread_in_native, id=4048, stack(0x000000a2ac300000,0x000000a2ac400000)]
  0x00000203de45b170 JavaThread "Cache worker for journal cache (C:\Users\80010-02-10\.gradle\caches\journal-1)" [_thread_blocked, id=9532, stack(0x000000a2ac400000,0x000000a2ac500000)]
  0x00000203de459c30 JavaThread "Cache worker for file hash cache (U:\80010-02-10\Behzad\Projects\tableView\.gradle\7.0\fileHashes)" [_thread_blocked, id=8768, stack(0x000000a2ac500000,0x000000a2ac600000)]
=>0x00000203de4551d0 JavaThread "File watcher server" daemon [_thread_in_native, id=4252, stack(0x000000a2ac600000,0x000000a2ac700000)]
  0x00000203de457c50 JavaThread "File watcher consumer" daemon [_thread_blocked, id=9016, stack(0x000000a2ac700000,0x000000a2ac800000)]
  0x00000203de454c80 JavaThread "Cache worker for checksums cache (U:\80010-02-10\Behzad\Projects\tableView\.gradle\checksums)" [_thread_blocked, id=7868, stack(0x000000a2ac800000,0x000000a2ac900000)]
  0x00000203de45a6d0 JavaThread "Cache worker for cache directory md-rule (C:\Users\80010-02-10\.gradle\caches\7.0\md-rule)" [_thread_blocked, id=8588, stack(0x000000a2aca00000,0x000000a2acb00000)]
  0x00000203de455720 JavaThread "Cache worker for execution history cache (C:\Users\80010-02-10\.gradle\caches\7.0\executionHistory)" [_thread_blocked, id=9928, stack(0x000000a2acb00000,0x000000a2acc00000)]
  0x00000203de45c160 JavaThread "jar transforms" [_thread_blocked, id=9636, stack(0x000000a2acd00000,0x000000a2ace00000)]
  0x00000203de4596e0 JavaThread "jar transforms Thread 2" [_thread_blocked, id=80, stack(0x000000a2ace00000,0x000000a2acf00000)]
  0x00000203de4571b0 JavaThread "Cache worker for file content cache (C:\Users\80010-02-10\.gradle\caches\7.0\fileContent)" [_thread_blocked, id=7644, stack(0x000000a2acf00000,0x000000a2ad000000)]
  0x00000203de455c70 JavaThread "jar transforms Thread 3" [_thread_blocked, id=1988, stack(0x000000a2ad000000,0x000000a2ad100000)]
  0x00000203de456c60 JavaThread "jar transforms Thread 4" [_thread_blocked, id=7712, stack(0x000000a2ad100000,0x000000a2ad200000)]
  0x00000203de457700 JavaThread "jar transforms Thread 5" [_thread_blocked, id=13416, stack(0x000000a2ad200000,0x000000a2ad300000)]
  0x00000203dd7bc7e0 JavaThread "jar transforms Thread 6" [_thread_blocked, id=13980, stack(0x000000a2ad300000,0x000000a2ad400000)]
  0x00000203dd7b92c0 JavaThread "Cache worker for dependencies-accessors (U:\80010-02-10\Behzad\Projects\tableView\.gradle\7.0\dependencies-accessors)" [_thread_blocked, id=8156, stack(0x000000a2ad400000,0x000000a2ad500000)]
  0x00000203dd7bad50 JavaThread "Build operations" [_thread_blocked, id=12536, stack(0x000000a2ad600000,0x000000a2ad700000)]
  0x00000203dd7b5da0 JavaThread "Build operations Thread 2" [_thread_blocked, id=11376, stack(0x000000a2ad700000,0x000000a2ad800000)]
  0x00000203dd7bc290 JavaThread "Build operations Thread 3" [_thread_blocked, id=5528, stack(0x000000a2ad800000,0x000000a2ad900000)]
  0x00000203dd7b8d70 JavaThread "Build operations Thread 4" [_thread_blocked, id=12976, stack(0x000000a2ad900000,0x000000a2ada00000)]
  0x00000203dd7bd280 JavaThread "Build operations Thread 5" [_thread_blocked, id=7040, stack(0x000000a2ada00000,0x000000a2adb00000)]
  0x00000203dd7b6840 JavaThread "Build operations Thread 6" [_thread_blocked, id=12784, stack(0x000000a2adb00000,0x000000a2adc00000)]
  0x00000203dd7b9810 JavaThread "Memory manager" [_thread_blocked, id=3024, stack(0x000000a2adc00000,0x000000a2add00000)]
  0x00000203dd7ba2b0 JavaThread "Cache worker for Java compile cache (C:\Users\80010-02-10\.gradle\caches\7.0\javaCompile)" [_thread_blocked, id=6624, stack(0x000000a2ae300000,0x000000a2ae400000)]

Other Threads:
  0x00000203da559330 VMThread "VM Thread" [stack: 0x000000a2aa500000,0x000000a2aa600000] [id=6188]
  0x00000203db106070 WatcherThread [stack: 0x000000a2ab100000,0x000000a2ab200000] [id=9180]
  0x00000203beff6ba0 GCTaskThread "GC Thread#0" [stack: 0x000000a2aa000000,0x000000a2aa100000] [id=8268]
  0x00000203db9e7fb0 GCTaskThread "GC Thread#1" [stack: 0x000000a2ab300000,0x000000a2ab400000] [id=12028]
  0x00000203db9e82c0 GCTaskThread "GC Thread#2" [stack: 0x000000a2ab400000,0x000000a2ab500000] [id=9908]
  0x00000203db9e85d0 GCTaskThread "GC Thread#3" [stack: 0x000000a2ab500000,0x000000a2ab600000] [id=6288]
  0x00000203db9e88e0 GCTaskThread "GC Thread#4" [stack: 0x000000a2ab600000,0x000000a2ab700000] [id=6484]
  0x00000203db9aab00 GCTaskThread "GC Thread#5" [stack: 0x000000a2ab700000,0x000000a2ab800000] [id=8088]
  0x00000203beffba90 ConcurrentGCThread "G1 Main Marker" [stack: 0x000000a2aa100000,0x000000a2aa200000] [id=11368]
  0x00000203beffc330 ConcurrentGCThread "G1 Conc#0" [stack: 0x000000a2aa200000,0x000000a2aa300000] [id=6344]
  0x00000203dcd5c420 ConcurrentGCThread "G1 Conc#1" [stack: 0x000000a2acc00000,0x000000a2acd00000] [id=12908]
  0x00000203bf0ac9f0 ConcurrentGCThread "G1 Refine#0" [stack: 0x000000a2aa300000,0x000000a2aa400000] [id=9632]
  0x00000203bf0ad2a0 ConcurrentGCThread "G1 Service" [stack: 0x000000a2aa400000,0x000000a2aa500000] [id=8256]

Threads with active compile tasks:

VM state: not at safepoint (normal execution)

VM Mutex/Monitor currently owned by a thread: None

Heap address: 0x00000000e0000000, size: 512 MB, Compressed Oops mode: 32-bit

CDS archive(s) mapped at: [0x0000000800000000-0x0000000800bf0000-0x0000000800bf0000), size 12517376, SharedBaseAddress: 0x0000000800000000, ArchiveRelocationMode: 0.
Compressed class space mapped at: 0x0000000800c00000-0x000000080dc00000, reserved size: 218103808
Narrow klass base: 0x0000000800000000, Narrow klass shift: 3, Narrow klass range: 0x100000000

GC Precious Log:
 CPUs: 6 total, 6 available
 Memory: 16219M
 Large Page Support: Disabled
 NUMA Support: Disabled
 Compressed Oops: Enabled (32-bit)
 Heap Region Size: 1M
 Heap Min Capacity: 256M
 Heap Initial Capacity: 256M
 Heap Max Capacity: 512M
 Pre-touch: Disabled
 Parallel Workers: 6
 Concurrent Workers: 2
 Concurrent Refinement Workers: 6
 Periodic GC: Disabled

Heap:
 garbage-first heap   total 262144K, used 157089K [0x00000000e0000000, 0x0000000100000000)
  region size 1024K, 146 young (149504K), 18 survivors (18432K)
 Metaspace       used 53572K, committed 54016K, reserved 262144K
  class space    used 7322K, committed 7552K, reserved 212992K

Heap Regions: E=young(eden), S=young(survivor), O=old, HS=humongous(starts), HC=humongous(continues), CS=collection set, F=free, OA=open archive, CA=closed archive, TAMS=top-at-mark-start (previous, next)
|   0|0x00000000e0000000, 0x00000000e0100000, 0x00000000e0100000|100%| O|  |TAMS 0x00000000e0100000, 0x00000000e0000000| Untracked 
|   1|0x00000000e0100000, 0x00000000e0200000, 0x00000000e0200000|100%| O|  |TAMS 0x00000000e0200000, 0x00000000e0100000| Untracked 
|   2|0x00000000e0200000, 0x00000000e0300000, 0x00000000e0300000|100%| O|  |TAMS 0x00000000e02e7e00, 0x00000000e0200000| Untracked 
|   3|0x00000000e0300000, 0x00000000e0400000, 0x00000000e0400000|100%|HS|  |TAMS 0x00000000e0400000, 0x00000000e0300000| Complete 
|   4|0x00000000e0400000, 0x00000000e0500000, 0x00000000e0500000|100%|HC|  |TAMS 0x00000000e0500000, 0x00000000e0400000| Complete 
|   5|0x00000000e0500000, 0x00000000e0600000, 0x00000000e0600000|100%|HC|  |TAMS 0x00000000e0600000, 0x00000000e0500000| Complete 
|   6|0x00000000e0600000, 0x00000000e0700000, 0x00000000e0700000|100%| O|  |TAMS 0x00000000e0700000, 0x00000000e0600000| Untracked 
|   7|0x00000000e0700000, 0x00000000e0800000, 0x00000000e0800000|100%| O|  |TAMS 0x00000000e0800000, 0x00000000e0700000| Untracked 
|   8|0x00000000e0800000, 0x00000000e0900000, 0x00000000e0900000|100%| O|  |TAMS 0x00000000e0900000, 0x00000000e0800000| Untracked 
|   9|0x00000000e0900000, 0x00000000e0900000, 0x00000000e0a00000|  0%| F|  |TAMS 0x00000000e0900000, 0x00000000e0900000| Untracked 
|  10|0x00000000e0a00000, 0x00000000e0a00000, 0x00000000e0b00000|  0%| F|  |TAMS 0x00000000e0a00000, 0x00000000e0a00000| Untracked 
|  11|0x00000000e0b00000, 0x00000000e0b00000, 0x00000000e0c00000|  0%| F|  |TAMS 0x00000000e0b00000, 0x00000000e0b00000| Untracked 
|  12|0x00000000e0c00000, 0x00000000e0c00000, 0x00000000e0d00000|  0%| F|  |TAMS 0x00000000e0c00000, 0x00000000e0c00000| Untracked 
|  13|0x00000000e0d00000, 0x00000000e0d6a200, 0x00000000e0e00000| 41%| O|  |TAMS 0x00000000e0d00000, 0x00000000e0d00000| Untracked 
|  14|0x00000000e0e00000, 0x00000000e0e00000, 0x00000000e0f00000|  0%| F|  |TAMS 0x00000000e0e00000, 0x00000000e0e00000| Untracked 
|  15|0x00000000e0f00000, 0x00000000e0f00000, 0x00000000e1000000|  0%| F|  |TAMS 0x00000000e0f00000, 0x00000000e0f00000| Untracked 
|  16|0x00000000e1000000, 0x00000000e1000000, 0x00000000e1100000|  0%| F|  |TAMS 0x00000000e1000000, 0x00000000e1000000| Untracked 
|  17|0x00000000e1100000, 0x00000000e1100000, 0x00000000e1200000|  0%| F|  |TAMS 0x00000000e1100000, 0x00000000e1100000| Untracked 
|  18|0x00000000e1200000, 0x00000000e1200000, 0x00000000e1300000|  0%| F|  |TAMS 0x00000000e1200000, 0x00000000e1200000| Untracked 
|  19|0x00000000e1300000, 0x00000000e1300000, 0x00000000e1400000|  0%| F|  |TAMS 0x00000000e1300000, 0x00000000e1300000| Untracked 
|  20|0x00000000e1400000, 0x00000000e1400000, 0x00000000e1500000|  0%| F|  |TAMS 0x00000000e1400000, 0x00000000e1400000| Untracked 
|  21|0x00000000e1500000, 0x00000000e1500000, 0x00000000e1600000|  0%| F|  |TAMS 0x00000000e1500000, 0x00000000e1500000| Untracked 
|  22|0x00000000e1600000, 0x00000000e1600000, 0x00000000e1700000|  0%| F|  |TAMS 0x00000000e1600000, 0x00000000e1600000| Untracked 
|  23|0x00000000e1700000, 0x00000000e1700000, 0x00000000e1800000|  0%| F|  |TAMS 0x00000000e1700000, 0x00000000e1700000| Untracked 
|  24|0x00000000e1800000, 0x00000000e1800000, 0x00000000e1900000|  0%| F|  |TAMS 0x00000000e1800000, 0x00000000e1800000| Untracked 
|  25|0x00000000e1900000, 0x00000000e1900000, 0x00000000e1a00000|  0%| F|  |TAMS 0x00000000e1900000, 0x00000000e1900000| Untracked 
|  26|0x00000000e1a00000, 0x00000000e1a00000, 0x00000000e1b00000|  0%| F|  |TAMS 0x00000000e1a00000, 0x00000000e1a00000| Untracked 
|  27|0x00000000e1b00000, 0x00000000e1b00000, 0x00000000e1c00000|  0%| F|  |TAMS 0x00000000e1b00000, 0x00000000e1b00000| Untracked 
|  28|0x00000000e1c00000, 0x00000000e1c00000, 0x00000000e1d00000|  0%| F|  |TAMS 0x00000000e1c00000, 0x00000000e1c00000| Untracked 
|  29|0x00000000e1d00000, 0x00000000e1d00000, 0x00000000e1e00000|  0%| F|  |TAMS 0x00000000e1d00000, 0x00000000e1d00000| Untracked 
|  30|0x00000000e1e00000, 0x00000000e1e00000, 0x00000000e1f00000|  0%| F|  |TAMS 0x00000000e1e00000, 0x00000000e1e00000| Untracked 
|  31|0x00000000e1f00000, 0x00000000e1f00000, 0x00000000e2000000|  0%| F|  |TAMS 0x00000000e1f00000, 0x00000000e1f00000| Untracked 
|  32|0x00000000e2000000, 0x00000000e2000000, 0x00000000e2100000|  0%| F|  |TAMS 0x00000000e2000000, 0x00000000e2000000| Untracked 
|  33|0x00000000e2100000, 0x00000000e2100000, 0x00000000e2200000|  0%| F|  |TAMS 0x00000000e2100000, 0x00000000e2100000| Untracked 
|  34|0x00000000e2200000, 0x00000000e2200000, 0x00000000e2300000|  0%| F|  |TAMS 0x00000000e2200000, 0x00000000e2200000| Untracked 
|  35|0x00000000e2300000, 0x00000000e2300000, 0x00000000e2400000|  0%| F|  |TAMS 0x00000000e2300000, 0x00000000e2300000| Untracked 
|  36|0x00000000e2400000, 0x00000000e2400000, 0x00000000e2500000|  0%| F|  |TAMS 0x00000000e2400000, 0x00000000e2400000| Untracked 
|  37|0x00000000e2500000, 0x00000000e2500000, 0x00000000e2600000|  0%| F|  |TAMS 0x00000000e2500000, 0x00000000e2500000| Untracked 
|  38|0x00000000e2600000, 0x00000000e2600000, 0x00000000e2700000|  0%| F|  |TAMS 0x00000000e2600000, 0x00000000e2600000| Untracked 
|  39|0x00000000e2700000, 0x00000000e2700000, 0x00000000e2800000|  0%| F|  |TAMS 0x00000000e2700000, 0x00000000e2700000| Untracked 
|  40|0x00000000e2800000, 0x00000000e2800000, 0x00000000e2900000|  0%| F|  |TAMS 0x00000000e2800000, 0x00000000e2800000| Untracked 
|  41|0x00000000e2900000, 0x00000000e2900000, 0x00000000e2a00000|  0%| F|  |TAMS 0x00000000e2900000, 0x00000000e2900000| Untracked 
|  42|0x00000000e2a00000, 0x00000000e2a00000, 0x00000000e2b00000|  0%| F|  |TAMS 0x00000000e2a00000, 0x00000000e2a00000| Untracked 
|  43|0x00000000e2b00000, 0x00000000e2b00000, 0x00000000e2c00000|  0%| F|  |TAMS 0x00000000e2b00000, 0x00000000e2b00000| Untracked 
|  44|0x00000000e2c00000, 0x00000000e2c00000, 0x00000000e2d00000|  0%| F|  |TAMS 0x00000000e2c00000, 0x00000000e2c00000| Untracked 
|  45|0x00000000e2d00000, 0x00000000e2d00000, 0x00000000e2e00000|  0%| F|  |TAMS 0x00000000e2d00000, 0x00000000e2d00000| Untracked 
|  46|0x00000000e2e00000, 0x00000000e2e00000, 0x00000000e2f00000|  0%| F|  |TAMS 0x00000000e2e00000, 0x00000000e2e00000| Untracked 
|  47|0x00000000e2f00000, 0x00000000e2f00000, 0x00000000e3000000|  0%| F|  |TAMS 0x00000000e2f00000, 0x00000000e2f00000| Untracked 
|  48|0x00000000e3000000, 0x00000000e3000000, 0x00000000e3100000|  0%| F|  |TAMS 0x00000000e3000000, 0x00000000e3000000| Untracked 
|  49|0x00000000e3100000, 0x00000000e3100000, 0x00000000e3200000|  0%| F|  |TAMS 0x00000000e3100000, 0x00000000e3100000| Untracked 
|  50|0x00000000e3200000, 0x00000000e3200000, 0x00000000e3300000|  0%| F|  |TAMS 0x00000000e3200000, 0x00000000e3200000| Untracked 
|  51|0x00000000e3300000, 0x00000000e3300000, 0x00000000e3400000|  0%| F|  |TAMS 0x00000000e3300000, 0x00000000e3300000| Untracked 
|  52|0x00000000e3400000, 0x00000000e3400000, 0x00000000e3500000|  0%| F|  |TAMS 0x00000000e3400000, 0x00000000e3400000| Untracked 
|  53|0x00000000e3500000, 0x00000000e3500000, 0x00000000e3600000|  0%| F|  |TAMS 0x00000000e3500000, 0x00000000e3500000| Untracked 
|  54|0x00000000e3600000, 0x00000000e3600000, 0x00000000e3700000|  0%| F|  |TAMS 0x00000000e3600000, 0x00000000e3600000| Untracked 
|  55|0x00000000e3700000, 0x00000000e3700000, 0x00000000e3800000|  0%| F|  |TAMS 0x00000000e3700000, 0x00000000e3700000| Untracked 
|  56|0x00000000e3800000, 0x00000000e3800000, 0x00000000e3900000|  0%| F|  |TAMS 0x00000000e3800000, 0x00000000e3800000| Untracked 
|  57|0x00000000e3900000, 0x00000000e3900000, 0x00000000e3a00000|  0%| F|  |TAMS 0x00000000e3900000, 0x00000000e3900000| Untracked 
|  58|0x00000000e3a00000, 0x00000000e3a00000, 0x00000000e3b00000|  0%| F|  |TAMS 0x00000000e3a00000, 0x00000000e3a00000| Untracked 
|  59|0x00000000e3b00000, 0x00000000e3b00000, 0x00000000e3c00000|  0%| F|  |TAMS 0x00000000e3b00000, 0x00000000e3b00000| Untracked 
|  60|0x00000000e3c00000, 0x00000000e3c00000, 0x00000000e3d00000|  0%| F|  |TAMS 0x00000000e3c00000, 0x00000000e3c00000| Untracked 
|  61|0x00000000e3d00000, 0x00000000e3d00000, 0x00000000e3e00000|  0%| F|  |TAMS 0x00000000e3d00000, 0x00000000e3d00000| Untracked 
|  62|0x00000000e3e00000, 0x00000000e3e00000, 0x00000000e3f00000|  0%| F|  |TAMS 0x00000000e3e00000, 0x00000000e3e00000| Untracked 
|  63|0x00000000e3f00000, 0x00000000e3f00000, 0x00000000e4000000|  0%| F|  |TAMS 0x00000000e3f00000, 0x00000000e3f00000| Untracked 
|  64|0x00000000e4000000, 0x00000000e4000000, 0x00000000e4100000|  0%| F|  |TAMS 0x00000000e4000000, 0x00000000e4000000| Untracked 
|  65|0x00000000e4100000, 0x00000000e4100000, 0x00000000e4200000|  0%| F|  |TAMS 0x00000000e4100000, 0x00000000e4100000| Untracked 
|  66|0x00000000e4200000, 0x00000000e4200000, 0x00000000e4300000|  0%| F|  |TAMS 0x00000000e4200000, 0x00000000e4200000| Untracked 
|  67|0x00000000e4300000, 0x00000000e4300000, 0x00000000e4400000|  0%| F|  |TAMS 0x00000000e4300000, 0x00000000e4300000| Untracked 
|  68|0x00000000e4400000, 0x00000000e4400000, 0x00000000e4500000|  0%| F|  |TAMS 0x00000000e4400000, 0x00000000e4400000| Untracked 
|  69|0x00000000e4500000, 0x00000000e4500000, 0x00000000e4600000|  0%| F|  |TAMS 0x00000000e4500000, 0x00000000e4500000| Untracked 
|  70|0x00000000e4600000, 0x00000000e4600000, 0x00000000e4700000|  0%| F|  |TAMS 0x00000000e4600000, 0x00000000e4600000| Untracked 
|  71|0x00000000e4700000, 0x00000000e4700000, 0x00000000e4800000|  0%| F|  |TAMS 0x00000000e4700000, 0x00000000e4700000| Untracked 
|  72|0x00000000e4800000, 0x00000000e4800000, 0x00000000e4900000|  0%| F|  |TAMS 0x00000000e4800000, 0x00000000e4800000| Untracked 
|  73|0x00000000e4900000, 0x00000000e4900000, 0x00000000e4a00000|  0%| F|  |TAMS 0x00000000e4900000, 0x00000000e4900000| Untracked 
|  74|0x00000000e4a00000, 0x00000000e4a00000, 0x00000000e4b00000|  0%| F|  |TAMS 0x00000000e4a00000, 0x00000000e4a00000| Untracked 
|  75|0x00000000e4b00000, 0x00000000e4b00000, 0x00000000e4c00000|  0%| F|  |TAMS 0x00000000e4b00000, 0x00000000e4b00000| Untracked 
|  76|0x00000000e4c00000, 0x00000000e4c00000, 0x00000000e4d00000|  0%| F|  |TAMS 0x00000000e4c00000, 0x00000000e4c00000| Untracked 
|  77|0x00000000e4d00000, 0x00000000e4d00000, 0x00000000e4e00000|  0%| F|  |TAMS 0x00000000e4d00000, 0x00000000e4d00000| Untracked 
|  78|0x00000000e4e00000, 0x00000000e4e00000, 0x00000000e4f00000|  0%| F|  |TAMS 0x00000000e4e00000, 0x00000000e4e00000| Untracked 
|  79|0x00000000e4f00000, 0x00000000e4f00000, 0x00000000e5000000|  0%| F|  |TAMS 0x00000000e4f00000, 0x00000000e4f00000| Untracked 
|  80|0x00000000e5000000, 0x00000000e5000000, 0x00000000e5100000|  0%| F|  |TAMS 0x00000000e5000000, 0x00000000e5000000| Untracked 
|  81|0x00000000e5100000, 0x00000000e5100000, 0x00000000e5200000|  0%| F|  |TAMS 0x00000000e5100000, 0x00000000e5100000| Untracked 
|  82|0x00000000e5200000, 0x00000000e5200000, 0x00000000e5300000|  0%| F|  |TAMS 0x00000000e5200000, 0x00000000e5200000| Untracked 
|  83|0x00000000e5300000, 0x00000000e5300000, 0x00000000e5400000|  0%| F|  |TAMS 0x00000000e5300000, 0x00000000e5300000| Untracked 
|  84|0x00000000e5400000, 0x00000000e5400000, 0x00000000e5500000|  0%| F|  |TAMS 0x00000000e5400000, 0x00000000e5400000| Untracked 
|  85|0x00000000e5500000, 0x00000000e5500000, 0x00000000e5600000|  0%| F|  |TAMS 0x00000000e5500000, 0x00000000e5500000| Untracked 
|  86|0x00000000e5600000, 0x00000000e5600000, 0x00000000e5700000|  0%| F|  |TAMS 0x00000000e5600000, 0x00000000e5600000| Untracked 
|  87|0x00000000e5700000, 0x00000000e5700000, 0x00000000e5800000|  0%| F|  |TAMS 0x00000000e5700000, 0x00000000e5700000| Untracked 
|  88|0x00000000e5800000, 0x00000000e5800000, 0x00000000e5900000|  0%| F|  |TAMS 0x00000000e5800000, 0x00000000e5800000| Untracked 
|  89|0x00000000e5900000, 0x00000000e5900000, 0x00000000e5a00000|  0%| F|  |TAMS 0x00000000e5900000, 0x00000000e5900000| Untracked 
|  90|0x00000000e5a00000, 0x00000000e5a00000, 0x00000000e5b00000|  0%| F|  |TAMS 0x00000000e5a00000, 0x00000000e5a00000| Untracked 
|  91|0x00000000e5b00000, 0x00000000e5b00000, 0x00000000e5c00000|  0%| F|  |TAMS 0x00000000e5b00000, 0x00000000e5b00000| Untracked 
|  92|0x00000000e5c00000, 0x00000000e5c00000, 0x00000000e5d00000|  0%| F|  |TAMS 0x00000000e5c00000, 0x00000000e5c00000| Untracked 
|  93|0x00000000e5d00000, 0x00000000e5d00000, 0x00000000e5e00000|  0%| F|  |TAMS 0x00000000e5d00000, 0x00000000e5d00000| Untracked 
|  94|0x00000000e5e00000, 0x00000000e5e00000, 0x00000000e5f00000|  0%| F|  |TAMS 0x00000000e5e00000, 0x00000000e5e00000| Untracked 
|  95|0x00000000e5f00000, 0x00000000e5f00000, 0x00000000e6000000|  0%| F|  |TAMS 0x00000000e5f00000, 0x00000000e5f00000| Untracked 
|  96|0x00000000e6000000, 0x00000000e6000000, 0x00000000e6100000|  0%| F|  |TAMS 0x00000000e6000000, 0x00000000e6000000| Untracked 
|  97|0x00000000e6100000, 0x00000000e6100000, 0x00000000e6200000|  0%| F|  |TAMS 0x00000000e6100000, 0x00000000e6100000| Untracked 
|  98|0x00000000e6200000, 0x00000000e6200000, 0x00000000e6300000|  0%| F|  |TAMS 0x00000000e6200000, 0x00000000e6200000| Untracked 
|  99|0x00000000e6300000, 0x00000000e6300000, 0x00000000e6400000|  0%| F|  |TAMS 0x00000000e6300000, 0x00000000e6300000| Untracked 
| 100|0x00000000e6400000, 0x00000000e6400000, 0x00000000e6500000|  0%| F|  |TAMS 0x00000000e6400000, 0x00000000e6400000| Untracked 
| 101|0x00000000e6500000, 0x00000000e6500000, 0x00000000e6600000|  0%| F|  |TAMS 0x00000000e6500000, 0x00000000e6500000| Untracked 
| 102|0x00000000e6600000, 0x00000000e6600000, 0x00000000e6700000|  0%| F|  |TAMS 0x00000000e6600000, 0x00000000e6600000| Untracked 
| 103|0x00000000e6700000, 0x00000000e6700000, 0x00000000e6800000|  0%| F|  |TAMS 0x00000000e6700000, 0x00000000e6700000| Untracked 
| 104|0x00000000e6800000, 0x00000000e6800000, 0x00000000e6900000|  0%| F|  |TAMS 0x00000000e6800000, 0x00000000e6800000| Untracked 
| 105|0x00000000e6900000, 0x00000000e6900000, 0x00000000e6a00000|  0%| F|  |TAMS 0x00000000e6900000, 0x00000000e6900000| Untracked 
| 106|0x00000000e6a00000, 0x00000000e6a00000, 0x00000000e6b00000|  0%| F|  |TAMS 0x00000000e6a00000, 0x00000000e6a00000| Untracked 
| 107|0x00000000e6b00000, 0x00000000e6b00000, 0x00000000e6c00000|  0%| F|  |TAMS 0x00000000e6b00000, 0x00000000e6b00000| Untracked 
| 108|0x00000000e6c00000, 0x00000000e6c00000, 0x00000000e6d00000|  0%| F|  |TAMS 0x00000000e6c00000, 0x00000000e6c00000| Untracked 
| 109|0x00000000e6d00000, 0x00000000e6d00000, 0x00000000e6e00000|  0%| F|  |TAMS 0x00000000e6d00000, 0x00000000e6d00000| Untracked 
| 110|0x00000000e6e00000, 0x00000000e6eb9590, 0x00000000e6f00000| 72%| E|  |TAMS 0x00000000e6e00000, 0x00000000e6e00000| Complete 
| 111|0x00000000e6f00000, 0x00000000e7000000, 0x00000000e7000000|100%| E|CS|TAMS 0x00000000e6f00000, 0x00000000e6f00000| Complete 
| 112|0x00000000e7000000, 0x00000000e7100000, 0x00000000e7100000|100%| E|CS|TAMS 0x00000000e7000000, 0x00000000e7000000| Complete 
| 113|0x00000000e7100000, 0x00000000e7200000, 0x00000000e7200000|100%| E|CS|TAMS 0x00000000e7100000, 0x00000000e7100000| Complete 
| 114|0x00000000e7200000, 0x00000000e7300000, 0x00000000e7300000|100%| E|CS|TAMS 0x00000000e7200000, 0x00000000e7200000| Complete 
| 115|0x00000000e7300000, 0x00000000e7400000, 0x00000000e7400000|100%| E|CS|TAMS 0x00000000e7300000, 0x00000000e7300000| Complete 
| 116|0x00000000e7400000, 0x00000000e7500000, 0x00000000e7500000|100%| E|CS|TAMS 0x00000000e7400000, 0x00000000e7400000| Complete 
| 117|0x00000000e7500000, 0x00000000e7600000, 0x00000000e7600000|100%| E|CS|TAMS 0x00000000e7500000, 0x00000000e7500000| Complete 
| 118|0x00000000e7600000, 0x00000000e7700000, 0x00000000e7700000|100%| E|  |TAMS 0x00000000e7600000, 0x00000000e7600000| Complete 
| 119|0x00000000e7700000, 0x00000000e7800000, 0x00000000e7800000|100%| E|CS|TAMS 0x00000000e7700000, 0x00000000e7700000| Complete 
| 120|0x00000000e7800000, 0x00000000e7900000, 0x00000000e7900000|100%| E|CS|TAMS 0x00000000e7800000, 0x00000000e7800000| Complete 
| 121|0x00000000e7900000, 0x00000000e7a00000, 0x00000000e7a00000|100%| E|CS|TAMS 0x00000000e7900000, 0x00000000e7900000| Complete 
| 122|0x00000000e7a00000, 0x00000000e7b00000, 0x00000000e7b00000|100%| E|CS|TAMS 0x00000000e7a00000, 0x00000000e7a00000| Complete 
| 123|0x00000000e7b00000, 0x00000000e7c00000, 0x00000000e7c00000|100%| E|CS|TAMS 0x00000000e7b00000, 0x00000000e7b00000| Complete 
| 124|0x00000000e7c00000, 0x00000000e7d00000, 0x00000000e7d00000|100%| E|CS|TAMS 0x00000000e7c00000, 0x00000000e7c00000| Complete 
| 125|0x00000000e7d00000, 0x00000000e7e00000, 0x00000000e7e00000|100%| E|CS|TAMS 0x00000000e7d00000, 0x00000000e7d00000| Complete 
| 126|0x00000000e7e00000, 0x00000000e7f00000, 0x00000000e7f00000|100%| E|CS|TAMS 0x00000000e7e00000, 0x00000000e7e00000| Complete 
| 127|0x00000000e7f00000, 0x00000000e8000000, 0x00000000e8000000|100%| E|CS|TAMS 0x00000000e7f00000, 0x00000000e7f00000| Complete 
| 128|0x00000000e8000000, 0x00000000e8100000, 0x00000000e8100000|100%| E|CS|TAMS 0x00000000e8000000, 0x00000000e8000000| Complete 
| 129|0x00000000e8100000, 0x00000000e8200000, 0x00000000e8200000|100%| E|CS|TAMS 0x00000000e8100000, 0x00000000e8100000| Complete 
| 130|0x00000000e8200000, 0x00000000e8300000, 0x00000000e8300000|100%| E|CS|TAMS 0x00000000e8200000, 0x00000000e8200000| Complete 
| 131|0x00000000e8300000, 0x00000000e8400000, 0x00000000e8400000|100%| E|CS|TAMS 0x00000000e8300000, 0x00000000e8300000| Complete 
| 132|0x00000000e8400000, 0x00000000e84fe430, 0x00000000e8500000| 99%| S|CS|TAMS 0x00000000e8400000, 0x00000000e8400000| Complete 
| 133|0x00000000e8500000, 0x00000000e8600000, 0x00000000e8600000|100%| S|CS|TAMS 0x00000000e8500000, 0x00000000e8500000| Complete 
| 134|0x00000000e8600000, 0x00000000e8700000, 0x00000000e8700000|100%| E|CS|TAMS 0x00000000e8600000, 0x00000000e8600000| Complete 
| 135|0x00000000e8700000, 0x00000000e8800000, 0x00000000e8800000|100%| E|CS|TAMS 0x00000000e8700000, 0x00000000e8700000| Complete 
| 136|0x00000000e8800000, 0x00000000e8900000, 0x00000000e8900000|100%| E|CS|TAMS 0x00000000e8800000, 0x00000000e8800000| Complete 
| 137|0x00000000e8900000, 0x00000000e8a00000, 0x00000000e8a00000|100%| E|CS|TAMS 0x00000000e8900000, 0x00000000e8900000| Complete 
| 138|0x00000000e8a00000, 0x00000000e8b00000, 0x00000000e8b00000|100%| E|CS|TAMS 0x00000000e8a00000, 0x00000000e8a00000| Complete 
| 139|0x00000000e8b00000, 0x00000000e8c00000, 0x00000000e8c00000|100%| E|CS|TAMS 0x00000000e8b00000, 0x00000000e8b00000| Complete 
| 140|0x00000000e8c00000, 0x00000000e8d00000, 0x00000000e8d00000|100%| E|CS|TAMS 0x00000000e8c00000, 0x00000000e8c00000| Complete 
| 141|0x00000000e8d00000, 0x00000000e8e00000, 0x00000000e8e00000|100%| E|CS|TAMS 0x00000000e8d00000, 0x00000000e8d00000| Complete 
| 142|0x00000000e8e00000, 0x00000000e8f00000, 0x00000000e8f00000|100%| E|CS|TAMS 0x00000000e8e00000, 0x00000000e8e00000| Complete 
| 143|0x00000000e8f00000, 0x00000000e9000000, 0x00000000e9000000|100%| E|CS|TAMS 0x00000000e8f00000, 0x00000000e8f00000| Complete 
| 144|0x00000000e9000000, 0x00000000e9100000, 0x00000000e9100000|100%| E|CS|TAMS 0x00000000e9000000, 0x00000000e9000000| Complete 
| 145|0x00000000e9100000, 0x00000000e9200000, 0x00000000e9200000|100%| S|CS|TAMS 0x00000000e9100000, 0x00000000e9100000| Complete 
| 146|0x00000000e9200000, 0x00000000e9300000, 0x00000000e9300000|100%| S|CS|TAMS 0x00000000e9200000, 0x00000000e9200000| Complete 
| 147|0x00000000e9300000, 0x00000000e9400000, 0x00000000e9400000|100%| S|CS|TAMS 0x00000000e9300000, 0x00000000e9300000| Complete 
| 148|0x00000000e9400000, 0x00000000e9500000, 0x00000000e9500000|100%| S|CS|TAMS 0x00000000e9400000, 0x00000000e9400000| Complete 
| 149|0x00000000e9500000, 0x00000000e9600000, 0x00000000e9600000|100%| S|CS|TAMS 0x00000000e9500000, 0x00000000e9500000| Complete 
| 150|0x00000000e9600000, 0x00000000e9700000, 0x00000000e9700000|100%| S|CS|TAMS 0x00000000e9600000, 0x00000000e9600000| Complete 
| 151|0x00000000e9700000, 0x00000000e9800000, 0x00000000e9800000|100%| S|CS|TAMS 0x00000000e9700000, 0x00000000e9700000| Complete 
| 152|0x00000000e9800000, 0x00000000e9900000, 0x00000000e9900000|100%| S|CS|TAMS 0x00000000e9800000, 0x00000000e9800000| Complete 
| 153|0x00000000e9900000, 0x00000000e9a00000, 0x00000000e9a00000|100%| S|CS|TAMS 0x00000000e9900000, 0x00000000e9900000| Complete 
| 154|0x00000000e9a00000, 0x00000000e9b00000, 0x00000000e9b00000|100%| S|CS|TAMS 0x00000000e9a00000, 0x00000000e9a00000| Complete 
| 155|0x00000000e9b00000, 0x00000000e9c00000, 0x00000000e9c00000|100%| S|CS|TAMS 0x00000000e9b00000, 0x00000000e9b00000| Complete 
| 156|0x00000000e9c00000, 0x00000000e9d00000, 0x00000000e9d00000|100%| S|CS|TAMS 0x00000000e9c00000, 0x00000000e9c00000| Complete 
| 157|0x00000000e9d00000, 0x00000000e9e00000, 0x00000000e9e00000|100%| S|CS|TAMS 0x00000000e9d00000, 0x00000000e9d00000| Complete 
| 158|0x00000000e9e00000, 0x00000000e9f00000, 0x00000000e9f00000|100%| S|CS|TAMS 0x00000000e9e00000, 0x00000000e9e00000| Complete 
| 159|0x00000000e9f00000, 0x00000000ea000000, 0x00000000ea000000|100%| S|CS|TAMS 0x00000000e9f00000, 0x00000000e9f00000| Complete 
| 160|0x00000000ea000000, 0x00000000ea100000, 0x00000000ea100000|100%| S|CS|TAMS 0x00000000ea000000, 0x00000000ea000000| Complete 
| 161|0x00000000ea100000, 0x00000000ea200000, 0x00000000ea200000|100%| E|CS|TAMS 0x00000000ea100000, 0x00000000ea100000| Complete 
| 162|0x00000000ea200000, 0x00000000ea300000, 0x00000000ea300000|100%| E|CS|TAMS 0x00000000ea200000, 0x00000000ea200000| Complete 
| 163|0x00000000ea300000, 0x00000000ea400000, 0x00000000ea400000|100%| E|CS|TAMS 0x00000000ea300000, 0x00000000ea300000| Complete 
| 164|0x00000000ea400000, 0x00000000ea500000, 0x00000000ea500000|100%| E|CS|TAMS 0x00000000ea400000, 0x00000000ea400000| Complete 
| 165|0x00000000ea500000, 0x00000000ea600000, 0x00000000ea600000|100%| E|CS|TAMS 0x00000000ea500000, 0x00000000ea500000| Complete 
| 166|0x00000000ea600000, 0x00000000ea700000, 0x00000000ea700000|100%| E|CS|TAMS 0x00000000ea600000, 0x00000000ea600000| Complete 
| 167|0x00000000ea700000, 0x00000000ea800000, 0x00000000ea800000|100%| E|CS|TAMS 0x00000000ea700000, 0x00000000ea700000| Complete 
| 168|0x00000000ea800000, 0x00000000ea900000, 0x00000000ea900000|100%| E|CS|TAMS 0x00000000ea800000, 0x00000000ea800000| Complete 
| 169|0x00000000ea900000, 0x00000000eaa00000, 0x00000000eaa00000|100%| E|CS|TAMS 0x00000000ea900000, 0x00000000ea900000| Complete 
| 170|0x00000000eaa00000, 0x00000000eab00000, 0x00000000eab00000|100%| E|CS|TAMS 0x00000000eaa00000, 0x00000000eaa00000| Complete 
| 171|0x00000000eab00000, 0x00000000eac00000, 0x00000000eac00000|100%| E|CS|TAMS 0x00000000eab00000, 0x00000000eab00000| Complete 
| 172|0x00000000eac00000, 0x00000000ead00000, 0x00000000ead00000|100%| E|CS|TAMS 0x00000000eac00000, 0x00000000eac00000| Complete 
| 173|0x00000000ead00000, 0x00000000eae00000, 0x00000000eae00000|100%| E|CS|TAMS 0x00000000ead00000, 0x00000000ead00000| Complete 
| 174|0x00000000eae00000, 0x00000000eaf00000, 0x00000000eaf00000|100%| E|CS|TAMS 0x00000000eae00000, 0x00000000eae00000| Complete 
| 175|0x00000000eaf00000, 0x00000000eb000000, 0x00000000eb000000|100%| E|CS|TAMS 0x00000000eaf00000, 0x00000000eaf00000| Complete 
| 176|0x00000000eb000000, 0x00000000eb100000, 0x00000000eb100000|100%| E|CS|TAMS 0x00000000eb000000, 0x00000000eb000000| Complete 
| 177|0x00000000eb100000, 0x00000000eb200000, 0x00000000eb200000|100%| E|CS|TAMS 0x00000000eb100000, 0x00000000eb100000| Complete 
| 178|0x00000000eb200000, 0x00000000eb300000, 0x00000000eb300000|100%| E|CS|TAMS 0x00000000eb200000, 0x00000000eb200000| Complete 
| 179|0x00000000eb300000, 0x00000000eb400000, 0x00000000eb400000|100%| E|CS|TAMS 0x00000000eb300000, 0x00000000eb300000| Complete 
| 180|0x00000000eb400000, 0x00000000eb500000, 0x00000000eb500000|100%| E|CS|TAMS 0x00000000eb400000, 0x00000000eb400000| Complete 
| 181|0x00000000eb500000, 0x00000000eb600000, 0x00000000eb600000|100%| E|CS|TAMS 0x00000000eb500000, 0x00000000eb500000| Complete 
| 182|0x00000000eb600000, 0x00000000eb700000, 0x00000000eb700000|100%| E|CS|TAMS 0x00000000eb600000, 0x00000000eb600000| Complete 
| 183|0x00000000eb700000, 0x00000000eb800000, 0x00000000eb800000|100%| E|CS|TAMS 0x00000000eb700000, 0x00000000eb700000| Complete 
| 184|0x00000000eb800000, 0x00000000eb900000, 0x00000000eb900000|100%| E|CS|TAMS 0x00000000eb800000, 0x00000000eb800000| Complete 
| 185|0x00000000eb900000, 0x00000000eba00000, 0x00000000eba00000|100%| E|CS|TAMS 0x00000000eb900000, 0x00000000eb900000| Complete 
| 186|0x00000000eba00000, 0x00000000ebb00000, 0x00000000ebb00000|100%| E|CS|TAMS 0x00000000eba00000, 0x00000000eba00000| Complete 
| 187|0x00000000ebb00000, 0x00000000ebc00000, 0x00000000ebc00000|100%| E|CS|TAMS 0x00000000ebb00000, 0x00000000ebb00000| Complete 
| 188|0x00000000ebc00000, 0x00000000ebd00000, 0x00000000ebd00000|100%| E|CS|TAMS 0x00000000ebc00000, 0x00000000ebc00000| Complete 
| 189|0x00000000ebd00000, 0x00000000ebe00000, 0x00000000ebe00000|100%| E|CS|TAMS 0x00000000ebd00000, 0x00000000ebd00000| Complete 
| 190|0x00000000ebe00000, 0x00000000ebf00000, 0x00000000ebf00000|100%| E|CS|TAMS 0x00000000ebe00000, 0x00000000ebe00000| Complete 
| 191|0x00000000ebf00000, 0x00000000ec000000, 0x00000000ec000000|100%| E|CS|TAMS 0x00000000ebf00000, 0x00000000ebf00000| Complete 
| 192|0x00000000ec000000, 0x00000000ec100000, 0x00000000ec100000|100%| E|CS|TAMS 0x00000000ec000000, 0x00000000ec000000| Complete 
| 193|0x00000000ec100000, 0x00000000ec200000, 0x00000000ec200000|100%| E|CS|TAMS 0x00000000ec100000, 0x00000000ec100000| Complete 
| 194|0x00000000ec200000, 0x00000000ec300000, 0x00000000ec300000|100%| E|CS|TAMS 0x00000000ec200000, 0x00000000ec200000| Complete 
| 195|0x00000000ec300000, 0x00000000ec400000, 0x00000000ec400000|100%| E|CS|TAMS 0x00000000ec300000, 0x00000000ec300000| Complete 
| 196|0x00000000ec400000, 0x00000000ec500000, 0x00000000ec500000|100%| E|CS|TAMS 0x00000000ec400000, 0x00000000ec400000| Complete 
| 197|0x00000000ec500000, 0x00000000ec600000, 0x00000000ec600000|100%| E|CS|TAMS 0x00000000ec500000, 0x00000000ec500000| Complete 
| 198|0x00000000ec600000, 0x00000000ec700000, 0x00000000ec700000|100%| E|CS|TAMS 0x00000000ec600000, 0x00000000ec600000| Complete 
| 199|0x00000000ec700000, 0x00000000ec800000, 0x00000000ec800000|100%| E|CS|TAMS 0x00000000ec700000, 0x00000000ec700000| Complete 
| 200|0x00000000ec800000, 0x00000000ec900000, 0x00000000ec900000|100%| E|CS|TAMS 0x00000000ec800000, 0x00000000ec800000| Complete 
| 201|0x00000000ec900000, 0x00000000eca00000, 0x00000000eca00000|100%| E|CS|TAMS 0x00000000ec900000, 0x00000000ec900000| Complete 
| 202|0x00000000eca00000, 0x00000000ecb00000, 0x00000000ecb00000|100%| E|CS|TAMS 0x00000000eca00000, 0x00000000eca00000| Complete 
| 203|0x00000000ecb00000, 0x00000000ecc00000, 0x00000000ecc00000|100%| E|CS|TAMS 0x00000000ecb00000, 0x00000000ecb00000| Complete 
| 204|0x00000000ecc00000, 0x00000000ecd00000, 0x00000000ecd00000|100%| E|CS|TAMS 0x00000000ecc00000, 0x00000000ecc00000| Complete 
| 205|0x00000000ecd00000, 0x00000000ece00000, 0x00000000ece00000|100%| E|CS|TAMS 0x00000000ecd00000, 0x00000000ecd00000| Complete 
| 206|0x00000000ece00000, 0x00000000ecf00000, 0x00000000ecf00000|100%| E|CS|TAMS 0x00000000ece00000, 0x00000000ece00000| Complete 
| 207|0x00000000ecf00000, 0x00000000ed000000, 0x00000000ed000000|100%| E|CS|TAMS 0x00000000ecf00000, 0x00000000ecf00000| Complete 
| 208|0x00000000ed000000, 0x00000000ed100000, 0x00000000ed100000|100%| E|CS|TAMS 0x00000000ed000000, 0x00000000ed000000| Complete 
| 209|0x00000000ed100000, 0x00000000ed200000, 0x00000000ed200000|100%| E|CS|TAMS 0x00000000ed100000, 0x00000000ed100000| Complete 
| 210|0x00000000ed200000, 0x00000000ed300000, 0x00000000ed300000|100%| E|CS|TAMS 0x00000000ed200000, 0x00000000ed200000| Complete 
| 211|0x00000000ed300000, 0x00000000ed400000, 0x00000000ed400000|100%| E|CS|TAMS 0x00000000ed300000, 0x00000000ed300000| Complete 
| 212|0x00000000ed400000, 0x00000000ed500000, 0x00000000ed500000|100%| E|CS|TAMS 0x00000000ed400000, 0x00000000ed400000| Complete 
| 213|0x00000000ed500000, 0x00000000ed600000, 0x00000000ed600000|100%| E|CS|TAMS 0x00000000ed500000, 0x00000000ed500000| Complete 
| 214|0x00000000ed600000, 0x00000000ed700000, 0x00000000ed700000|100%| E|CS|TAMS 0x00000000ed600000, 0x00000000ed600000| Complete 
| 215|0x00000000ed700000, 0x00000000ed800000, 0x00000000ed800000|100%| E|CS|TAMS 0x00000000ed700000, 0x00000000ed700000| Complete 
| 216|0x00000000ed800000, 0x00000000ed900000, 0x00000000ed900000|100%| E|CS|TAMS 0x00000000ed800000, 0x00000000ed800000| Complete 
| 217|0x00000000ed900000, 0x00000000eda00000, 0x00000000eda00000|100%| E|CS|TAMS 0x00000000ed900000, 0x00000000ed900000| Complete 
| 218|0x00000000eda00000, 0x00000000edb00000, 0x00000000edb00000|100%| E|CS|TAMS 0x00000000eda00000, 0x00000000eda00000| Complete 
| 219|0x00000000edb00000, 0x00000000edc00000, 0x00000000edc00000|100%| E|CS|TAMS 0x00000000edb00000, 0x00000000edb00000| Complete 
| 220|0x00000000edc00000, 0x00000000edd00000, 0x00000000edd00000|100%| E|CS|TAMS 0x00000000edc00000, 0x00000000edc00000| Complete 
| 221|0x00000000edd00000, 0x00000000ede00000, 0x00000000ede00000|100%| E|CS|TAMS 0x00000000edd00000, 0x00000000edd00000| Complete 
| 222|0x00000000ede00000, 0x00000000edf00000, 0x00000000edf00000|100%| E|CS|TAMS 0x00000000ede00000, 0x00000000ede00000| Complete 
| 223|0x00000000edf00000, 0x00000000ee000000, 0x00000000ee000000|100%| E|CS|TAMS 0x00000000edf00000, 0x00000000edf00000| Complete 
| 224|0x00000000ee000000, 0x00000000ee100000, 0x00000000ee100000|100%| E|CS|TAMS 0x00000000ee000000, 0x00000000ee000000| Complete 
| 225|0x00000000ee100000, 0x00000000ee200000, 0x00000000ee200000|100%| E|CS|TAMS 0x00000000ee100000, 0x00000000ee100000| Complete 
| 226|0x00000000ee200000, 0x00000000ee300000, 0x00000000ee300000|100%| E|CS|TAMS 0x00000000ee200000, 0x00000000ee200000| Complete 
| 227|0x00000000ee300000, 0x00000000ee400000, 0x00000000ee400000|100%| E|CS|TAMS 0x00000000ee300000, 0x00000000ee300000| Complete 
| 228|0x00000000ee400000, 0x00000000ee500000, 0x00000000ee500000|100%| E|CS|TAMS 0x00000000ee400000, 0x00000000ee400000| Complete 
| 229|0x00000000ee500000, 0x00000000ee600000, 0x00000000ee600000|100%| E|CS|TAMS 0x00000000ee500000, 0x00000000ee500000| Complete 
| 230|0x00000000ee600000, 0x00000000ee700000, 0x00000000ee700000|100%| E|CS|TAMS 0x00000000ee600000, 0x00000000ee600000| Complete 
| 231|0x00000000ee700000, 0x00000000ee800000, 0x00000000ee800000|100%| E|CS|TAMS 0x00000000ee700000, 0x00000000ee700000| Complete 
| 232|0x00000000ee800000, 0x00000000ee900000, 0x00000000ee900000|100%| E|CS|TAMS 0x00000000ee800000, 0x00000000ee800000| Complete 
| 233|0x00000000ee900000, 0x00000000eea00000, 0x00000000eea00000|100%| E|CS|TAMS 0x00000000ee900000, 0x00000000ee900000| Complete 
| 234|0x00000000eea00000, 0x00000000eeb00000, 0x00000000eeb00000|100%| E|CS|TAMS 0x00000000eea00000, 0x00000000eea00000| Complete 
| 235|0x00000000eeb00000, 0x00000000eec00000, 0x00000000eec00000|100%| E|CS|TAMS 0x00000000eeb00000, 0x00000000eeb00000| Complete 
| 236|0x00000000eec00000, 0x00000000eed00000, 0x00000000eed00000|100%| E|CS|TAMS 0x00000000eec00000, 0x00000000eec00000| Complete 
| 237|0x00000000eed00000, 0x00000000eee00000, 0x00000000eee00000|100%| E|CS|TAMS 0x00000000eed00000, 0x00000000eed00000| Complete 
| 238|0x00000000eee00000, 0x00000000eef00000, 0x00000000eef00000|100%| E|CS|TAMS 0x00000000eee00000, 0x00000000eee00000| Complete 
| 239|0x00000000eef00000, 0x00000000ef000000, 0x00000000ef000000|100%| E|CS|TAMS 0x00000000eef00000, 0x00000000eef00000| Complete 
| 240|0x00000000ef000000, 0x00000000ef100000, 0x00000000ef100000|100%| E|CS|TAMS 0x00000000ef000000, 0x00000000ef000000| Complete 
| 241|0x00000000ef100000, 0x00000000ef200000, 0x00000000ef200000|100%| E|CS|TAMS 0x00000000ef100000, 0x00000000ef100000| Complete 
| 242|0x00000000ef200000, 0x00000000ef300000, 0x00000000ef300000|100%| E|CS|TAMS 0x00000000ef200000, 0x00000000ef200000| Complete 
| 243|0x00000000ef300000, 0x00000000ef400000, 0x00000000ef400000|100%| E|CS|TAMS 0x00000000ef300000, 0x00000000ef300000| Complete 
| 244|0x00000000ef400000, 0x00000000ef500000, 0x00000000ef500000|100%| E|CS|TAMS 0x00000000ef400000, 0x00000000ef400000| Complete 
| 245|0x00000000ef500000, 0x00000000ef600000, 0x00000000ef600000|100%| E|CS|TAMS 0x00000000ef500000, 0x00000000ef500000| Complete 
| 246|0x00000000ef600000, 0x00000000ef700000, 0x00000000ef700000|100%| E|CS|TAMS 0x00000000ef600000, 0x00000000ef600000| Complete 
| 247|0x00000000ef700000, 0x00000000ef800000, 0x00000000ef800000|100%| E|CS|TAMS 0x00000000ef700000, 0x00000000ef700000| Complete 
| 248|0x00000000ef800000, 0x00000000ef900000, 0x00000000ef900000|100%| E|CS|TAMS 0x00000000ef800000, 0x00000000ef800000| Complete 
| 249|0x00000000ef900000, 0x00000000efa00000, 0x00000000efa00000|100%| E|CS|TAMS 0x00000000ef900000, 0x00000000ef900000| Complete 
| 250|0x00000000efa00000, 0x00000000efb00000, 0x00000000efb00000|100%| E|CS|TAMS 0x00000000efa00000, 0x00000000efa00000| Complete 
| 251|0x00000000efb00000, 0x00000000efc00000, 0x00000000efc00000|100%| E|CS|TAMS 0x00000000efb00000, 0x00000000efb00000| Complete 
| 252|0x00000000efc00000, 0x00000000efd00000, 0x00000000efd00000|100%| E|CS|TAMS 0x00000000efc00000, 0x00000000efc00000| Complete 
| 253|0x00000000efd00000, 0x00000000efe00000, 0x00000000efe00000|100%| E|CS|TAMS 0x00000000efd00000, 0x00000000efd00000| Complete 
| 254|0x00000000efe00000, 0x00000000eff00000, 0x00000000eff00000|100%| E|CS|TAMS 0x00000000efe00000, 0x00000000efe00000| Complete 
| 255|0x00000000eff00000, 0x00000000f0000000, 0x00000000f0000000|100%| E|CS|TAMS 0x00000000eff00000, 0x00000000eff00000| Complete 

Card table byte_map: [0x00000203d6b90000,0x00000203d6c90000] _byte_map_base: 0x00000203d6490000

Marking Bits (Prev, Next): (CMBitMap*) 0x00000203beff7040, (CMBitMap*) 0x00000203beff7080
 Prev Bits: [0x00000203d6d90000, 0x00000203d7590000)
 Next Bits: [0x00000203d7590000, 0x00000203d7d90000)

Polling page: 0x00000203bcfb0000

Metaspace:

Usage:
  Non-class:     45.17 MB used.
      Class:      7.15 MB used.
       Both:     52.32 MB used.

Virtual space:
  Non-class space:       48.00 MB reserved,      45.38 MB ( 95%) committed,  6 nodes.
      Class space:      208.00 MB reserved,       7.38 MB (  4%) committed,  1 nodes.
              Both:      256.00 MB reserved,      52.75 MB ( 21%) committed. 

Chunk freelists:
   Non-Class:  2.44 MB
       Class:  671.00 KB
        Both:  3.10 MB

MaxMetaspaceSize: 256.00 MB
CompressedClassSpaceSize: 208.00 MB
 - commit_granule_bytes: 65536.
 - commit_granule_words: 8192.
 - virtual_space_node_default_size: 1048576.
 - enlarge_chunks_in_place: 1.
 - new_chunks_are_fully_committed: 0.
 - uncommit_free_chunks: 1.
 - use_allocation_guard: 0.
 - handle_deallocations: 1.


Internal statistics:

num_allocs_failed_limit: 6.
num_arena_births: 596.
num_arena_deaths: 0.
num_vsnodes_births: 7.
num_vsnodes_deaths: 0.
num_space_committed: 844.
num_space_uncommitted: 0.
num_chunks_returned_to_freelist: 6.
num_chunks_taken_from_freelist: 2701.
num_chunk_merges: 6.
num_chunk_splits: 1774.
num_chunks_enlarged: 1184.
num_purges: 0.

CodeHeap 'non-profiled nmethods': size=120000Kb used=2288Kb max_used=3110Kb free=117711Kb
 bounds [0x00000203cf450000, 0x00000203cf760000, 0x00000203d6980000]
CodeHeap 'profiled nmethods': size=120000Kb used=8951Kb max_used=10605Kb free=111048Kb
 bounds [0x00000203c7f20000, 0x00000203c8980000, 0x00000203cf450000]
CodeHeap 'non-nmethods': size=5760Kb used=2343Kb max_used=2396Kb free=3416Kb
 bounds [0x00000203c7980000, 0x00000203c7bf0000, 0x00000203c7f20000]
 total_blobs=5552 nmethods=4694 adapters=770
 compilation: enabled
              stopped_count=0, restarted_count=0
 full_count=0

Compilation events (20 events):
Event: 4.607 Thread 0x00000203da57aa70 nmethod 5496 0x00000203c861d990 code [0x00000203c861db40, 0x00000203c861dd18]
Event: 4.609 Thread 0x00000203da57a120 nmethod 5364 0x00000203cf6da410 code [0x00000203cf6da760, 0x00000203cf6dddb0]
Event: 4.609 Thread 0x00000203da57a120 5495       4       java.lang.Number::<init> (5 bytes)
Event: 4.610 Thread 0x00000203da57a120 nmethod 5495 0x00000203cf4ba090 code [0x00000203cf4ba200, 0x00000203cf4ba278]
Event: 4.610 Thread 0x00000203da57a120 5486       4       java.lang.Class::descriptorString (160 bytes)
Event: 4.610 Thread 0x00000203da57aa70 5497       3       java.io.ObjectOutputStream$HandleTable::hash (8 bytes)
Event: 4.610 Thread 0x00000203da57aa70 nmethod 5497 0x00000203c827f690 code [0x00000203c827f840, 0x00000203c827f988]
Event: 4.610 Thread 0x00000203da57aa70 5498       3       java.io.ObjectOutputStream$BlockDataOutputStream::writeBytes (144 bytes)
Event: 4.610 Thread 0x00000203da57aa70 nmethod 5498 0x00000203c8064790 code [0x00000203c80649a0, 0x00000203c8065058]
Event: 4.610 Thread 0x00000203da57aa70 5500       3       java.io.ObjectOutputStream$HandleTable::lookup (56 bytes)
Event: 4.610 Thread 0x00000203da57aa70 nmethod 5500 0x00000203c7f9f490 code [0x00000203c7f9f660, 0x00000203c7f9fa08]
Event: 4.610 Thread 0x00000203da57aa70 5502       3       java.io.ObjectOutputStream$BlockDataOutputStream::setBlockDataMode (35 bytes)
Event: 4.610 Thread 0x00000203da57aa70 nmethod 5502 0x00000203c852ae10 code [0x00000203c852afc0, 0x00000203c852b1e8]
Event: 4.611 Thread 0x00000203da57aa70 5503       3       java.io.ObjectOutputStream$BlockDataOutputStream::getUTFLength (124 bytes)
Event: 4.611 Thread 0x00000203da57aa70 nmethod 5503 0x00000203c82cc990 code [0x00000203c82ccb80, 0x00000203c82cd168]
Event: 4.611 Thread 0x00000203da57aa70 5499       3       java.io.ObjectOutputStream$BlockDataOutputStream::writeByte (33 bytes)
Event: 4.611 Thread 0x00000203da57aa70 nmethod 5499 0x00000203c867a510 code [0x00000203c867a6c0, 0x00000203c867a8a8]
Event: 4.611 Thread 0x00000203da57aa70 5501       3       java.util.AbstractList$Itr::<init> (31 bytes)
Event: 4.611 Thread 0x00000203da57aa70 nmethod 5501 0x00000203c8465190 code [0x00000203c8465340, 0x00000203c8465518]
Event: 4.611 Thread 0x00000203da57aa70 5506   !   3       java.io.ObjectOutputStream::writeObject0 (620 bytes)

GC Heap History (8 events):
Event: 0.403 GC heap before
{Heap before GC invocations=0 (full 0):
 garbage-first heap   total 262144K, used 26624K [0x00000000e0000000, 0x0000000100000000)
  region size 1024K, 21 young (21504K), 0 survivors (0K)
 Metaspace       used 3191K, committed 3328K, reserved 221184K
  class space    used 384K, committed 448K, reserved 212992K
}
Event: 0.406 GC heap after
{Heap after GC invocations=1 (full 0):
 garbage-first heap   total 262144K, used 9150K [0x00000000e0000000, 0x0000000100000000)
  region size 1024K, 3 young (3072K), 3 survivors (3072K)
 Metaspace       used 3191K, committed 3328K, reserved 221184K
  class space    used 384K, committed 448K, reserved 212992K
}
Event: 0.626 GC heap before
{Heap before GC invocations=1 (full 0):
 garbage-first heap   total 262144K, used 32702K [0x00000000e0000000, 0x0000000100000000)
  region size 1024K, 26 young (26624K), 3 survivors (3072K)
 Metaspace       used 4119K, committed 4288K, reserved 221184K
  class space    used 481K, committed 576K, reserved 212992K
}
Event: 0.627 GC heap after
{Heap after GC invocations=2 (full 0):
 garbage-first heap   total 262144K, used 9738K [0x00000000e0000000, 0x0000000100000000)
  region size 1024K, 1 young (1024K), 1 survivors (1024K)
 Metaspace       used 4119K, committed 4288K, reserved 221184K
  class space    used 481K, committed 576K, reserved 212992K
}
Event: 1.966 GC heap before
{Heap before GC invocations=2 (full 0):
 garbage-first heap   total 262144K, used 122378K [0x00000000e0000000, 0x0000000100000000)
  region size 1024K, 111 young (113664K), 1 survivors (1024K)
 Metaspace       used 20960K, committed 21248K, reserved 237568K
  class space    used 3027K, committed 3200K, reserved 212992K
}
Event: 1.972 GC heap after
{Heap after GC invocations=3 (full 0):
 garbage-first heap   total 262144K, used 19830K [0x00000000e0000000, 0x0000000100000000)
  region size 1024K, 11 young (11264K), 11 survivors (11264K)
 Metaspace       used 20960K, committed 21248K, reserved 237568K
  class space    used 3027K, committed 3200K, reserved 212992K
}
Event: 3.017 GC heap before
{Heap before GC invocations=4 (full 0):
 garbage-first heap   total 262144K, used 119158K [0x00000000e0000000, 0x0000000100000000)
  region size 1024K, 106 young (108544K), 11 survivors (11264K)
 Metaspace       used 35136K, committed 35520K, reserved 245760K
  class space    used 4651K, committed 4864K, reserved 212992K
}
Event: 3.025 GC heap after
{Heap after GC invocations=5 (full 0):
 garbage-first heap   total 262144K, used 28065K [0x00000000e0000000, 0x0000000100000000)
  region size 1024K, 18 young (18432K), 18 survivors (18432K)
 Metaspace       used 35136K, committed 35520K, reserved 245760K
  class space    used 4651K, committed 4864K, reserved 212992K
}

Deoptimization events (20 events):
Event: 4.586 Thread 0x00000203db0e1310 Uncommon trap: trap_request=0xffffffc6 fr.pc=0x00000203cf5e4dd0 relative=0x0000000000000670
Event: 4.586 Thread 0x00000203db0e1310 Uncommon trap: reason=bimorphic_or_optimized_type_check action=maybe_recompile pc=0x00000203cf5e4dd0 method=java.util.regex.Pattern$Start.match(Ljava/util/regex/Matcher;ILjava/lang/CharSequence;)Z @ 44 c2
Event: 4.586 Thread 0x00000203db0e1310 DEOPT PACKING pc=0x00000203cf5e4dd0 sp=0x000000a2abefba50
Event: 4.586 Thread 0x00000203db0e1310 DEOPT UNPACKING pc=0x00000203c79cd72e sp=0x000000a2abefba20 mode 2
Event: 4.609 Thread 0x00000203db0e1310 Uncommon trap: trap_request=0xffffffde fr.pc=0x00000203cf473244 relative=0x00000000000001a4
Event: 4.609 Thread 0x00000203db0e1310 Uncommon trap: reason=class_check action=maybe_recompile pc=0x00000203cf473244 method=java.lang.String.equals(Ljava/lang/Object;)Z @ 8 c2
Event: 4.609 Thread 0x00000203db0e1310 DEOPT PACKING pc=0x00000203cf473244 sp=0x000000a2abefc100
Event: 4.609 Thread 0x00000203db0e1310 DEOPT UNPACKING pc=0x00000203c79cd72e sp=0x000000a2abefc0a8 mode 2
Event: 4.609 Thread 0x00000203db0e1310 Uncommon trap: trap_request=0xffffffde fr.pc=0x00000203cf473244 relative=0x00000000000001a4
Event: 4.609 Thread 0x00000203db0e1310 Uncommon trap: reason=class_check action=maybe_recompile pc=0x00000203cf473244 method=java.lang.String.equals(Ljava/lang/Object;)Z @ 8 c2
Event: 4.609 Thread 0x00000203db0e1310 DEOPT PACKING pc=0x00000203cf473244 sp=0x000000a2abefc100
Event: 4.609 Thread 0x00000203db0e1310 DEOPT UNPACKING pc=0x00000203c79cd72e sp=0x000000a2abefc0a8 mode 2
Event: 4.609 Thread 0x00000203db0e1310 Uncommon trap: trap_request=0xffffffde fr.pc=0x00000203cf473244 relative=0x00000000000001a4
Event: 4.609 Thread 0x00000203db0e1310 Uncommon trap: reason=class_check action=maybe_recompile pc=0x00000203cf473244 method=java.lang.String.equals(Ljava/lang/Object;)Z @ 8 c2
Event: 4.610 Thread 0x00000203db0e1310 DEOPT PACKING pc=0x00000203cf473244 sp=0x000000a2abefc100
Event: 4.610 Thread 0x00000203db0e1310 DEOPT UNPACKING pc=0x00000203c79cd72e sp=0x000000a2abefc0a8 mode 2
Event: 4.610 Thread 0x00000203db0e1310 Uncommon trap: trap_request=0xffffffde fr.pc=0x00000203cf473244 relative=0x00000000000001a4
Event: 4.610 Thread 0x00000203db0e1310 Uncommon trap: reason=class_check action=maybe_recompile pc=0x00000203cf473244 method=java.lang.String.equals(Ljava/lang/Object;)Z @ 8 c2
Event: 4.610 Thread 0x00000203db0e1310 DEOPT PACKING pc=0x00000203cf473244 sp=0x000000a2abefc100
Event: 4.610 Thread 0x00000203db0e1310 DEOPT UNPACKING pc=0x00000203c79cd72e sp=0x000000a2abefc0a8 mode 2

Classes unloaded (0 events):
No events

Classes redefined (0 events):
No events

Internal exceptions (20 events):
Event: 3.902 Thread 0x00000203de4581a0 Exception <a 'java/lang/NoSuchMethodError'{0x00000000eae8e508}: static Lorg/gradle/internal/build/event/types/AbstractProgressEvent;.<clinit>()V> (0x00000000eae8e508) 
thrown [e:\jenkins\tmp\workspace\build\src\src\hotspot\share\prims\jni.cpp, line 1210]
Event: 3.902 Thread 0x00000203de4581a0 Exception <a 'java/lang/NoSuchMethodError'{0x00000000eae977f8}: static Lorg/gradle/internal/build/event/types/DefaultTaskDescriptor;.<clinit>()V> (0x00000000eae977f8) 
thrown [e:\jenkins\tmp\workspace\build\src\src\hotspot\share\prims\jni.cpp, line 1210]
Event: 3.903 Thread 0x00000203de4581a0 Exception <a 'java/lang/NoSuchMethodError'{0x00000000e8ffeea0}: static Lorg/gradle/internal/operations/OperationIdentifier;.<clinit>()V> (0x00000000e8ffeea0) 
thrown [e:\jenkins\tmp\workspace\build\src\src\hotspot\share\prims\jni.cpp, line 1210]
Event: 3.904 Thread 0x00000203de4581a0 Exception <a 'java/lang/NoSuchMethodError'{0x00000000e8e06e30}: static Lorg/gradle/internal/build/event/types/DefaultBinaryPluginIdentifier;.<clinit>()V> (0x00000000e8e06e30) 
thrown [e:\jenkins\tmp\workspace\build\src\src\hotspot\share\prims\jni.cpp, line 1210]
Event: 4.032 Thread 0x00000203dd7ba800 Exception <a 'java/lang/IncompatibleClassChangeError'{0x00000000e8ced3b8}: Found class java.lang.Object, but interface was expected> (0x00000000e8ced3b8) 
thrown [e:\jenkins\tmp\workspace\build\src\src\hotspot\share\interpreter\linkResolver.cpp, line 857]
Event: 4.086 Thread 0x00000203dd7ba800 Exception <a 'java/lang/NoSuchMethodError'{0x00000000e8abae58}: 'int java.lang.invoke.DirectMethodHandle$Holder.invokeStaticInit(java.lang.Object, java.lang.Object, java.lang.Object, java.lang.Object, java.lang.Object)'> (0x00000000e8abae58) 
thrown [e:\jenkins\tmp\workspace\build\src\src\hotspot\share\interpreter\linkResolver.cpp, line 790]
Event: 4.107 Thread 0x00000203dd7ba800 Exception <a 'java/lang/NoSuchMethodError'{0x00000000e884f948}: 'void java.lang.invoke.DirectMethodHandle$Holder.invokeVirtual(java.lang.Object, java.lang.Object)'> (0x00000000e884f948) 
thrown [e:\jenkins\tmp\workspace\build\src\src\hotspot\share\interpreter\linkResolver.cpp, line 790]
Event: 4.486 Thread 0x00000203dd7ba800 Exception <a 'java/lang/NoSuchMethodError'{0x00000000e7681da0}: 'int java.lang.invoke.DirectMethodHandle$Holder.invokeVirtual(java.lang.Object, java.lang.Object, java.lang.Object)'> (0x00000000e7681da0) 
thrown [e:\jenkins\tmp\workspace\build\src\src\hotspot\share\interpreter\linkResolver.cpp, line 790]
Event: 4.525 Thread 0x00000203dd7ba800 Exception <a 'sun/nio/fs/WindowsException'{0x00000000e75d77e0}> (0x00000000e75d77e0) 
thrown [e:\jenkins\tmp\workspace\build\src\src\hotspot\share\prims\jni.cpp, line 579]
Event: 4.525 Thread 0x00000203dd7ba800 Exception <a 'sun/nio/fs/WindowsException'{0x00000000e75d7b00}> (0x00000000e75d7b00) 
thrown [e:\jenkins\tmp\workspace\build\src\src\hotspot\share\prims\jni.cpp, line 579]
Event: 4.533 Thread 0x00000203dd7ba800 Exception <a 'java/lang/NoSuchMethodError'{0x00000000e749ef00}: 'java.lang.Object java.lang.invoke.DirectMethodHandle$Holder.invokeVirtual(java.lang.Object, java.lang.Object, java.lang.Object, int, int)'> (0x00000000e749ef00) 
thrown [e:\jenkins\tmp\workspace\build\src\src\hotspot\share\interpreter\linkResolver.cpp, line 790]
Event: 4.534 Thread 0x00000203dd7ba800 Exception <a 'java/lang/NoSuchMethodError'{0x00000000e74a6a18}: 'java.lang.Object java.lang.invoke.DirectMethodHandle$Holder.invokeVirtual(java.lang.Object, java.lang.Object, int)'> (0x00000000e74a6a18) 
thrown [e:\jenkins\tmp\workspace\build\src\src\hotspot\share\interpreter\linkResolver.cpp, line 790]
Event: 4.535 Thread 0x00000203dd7ba800 Exception <a 'java/lang/NoSuchMethodError'{0x00000000e74b0e88}: 'java.lang.Object java.lang.invoke.DirectMethodHandle$Holder.invokeSpecial(java.lang.Object, java.lang.Object, java.lang.Object, int, int)'> (0x00000000e74b0e88) 
thrown [e:\jenkins\tmp\workspace\build\src\src\hotspot\share\interpreter\linkResolver.cpp, line 790]
Event: 4.552 Thread 0x00000203dd7ba800 Exception <a 'java/lang/reflect/InvocationTargetException'{0x00000000e7261a30}> (0x00000000e7261a30) 
thrown [e:\jenkins\tmp\workspace\build\src\src\hotspot\share\runtime\reflection.cpp, line 1157]
Event: 4.581 Thread 0x00000203de4581a0 Exception <a 'java/lang/NoSuchMethodError'{0x00000000e8e0fbc8}: static Lorg/gradle/internal/build/event/types/DefaultTaskFinishedProgressEvent;.<clinit>()V> (0x00000000e8e0fbc8) 
thrown [e:\jenkins\tmp\workspace\build\src\src\hotspot\share\prims\jni.cpp, line 1210]
Event: 4.583 Thread 0x00000203de4581a0 Exception <a 'java/lang/NoSuchMethodError'{0x00000000e71fd3e0}: static Lorg/gradle/internal/build/event/types/DefaultTaskFailureResult;.<clinit>()V> (0x00000000e71fd3e0) 
thrown [e:\jenkins\tmp\workspace\build\src\src\hotspot\share\prims\jni.cpp, line 1210]
Event: 4.583 Thread 0x00000203de4581a0 Exception <a 'java/lang/NoSuchMethodError'{0x00000000e71fe8c0}: static Lorg/gradle/internal/build/event/types/AbstractTaskResult;.<clinit>()V> (0x00000000e71fe8c0) 
thrown [e:\jenkins\tmp\workspace\build\src\src\hotspot\share\prims\jni.cpp, line 1210]
Event: 4.583 Thread 0x00000203de4581a0 Exception <a 'java/lang/NoSuchMethodError'{0x00000000e7000188}: static Lorg/gradle/internal/build/event/types/AbstractResult;.<clinit>()V> (0x00000000e7000188) 
thrown [e:\jenkins\tmp\workspace\build\src\src\hotspot\share\prims\jni.cpp, line 1210]
Event: 4.585 Thread 0x00000203de4581a0 Exception <a 'java/lang/NoSuchMethodError'{0x00000000e7017c90}: static [Ljava/lang/Object;.<clinit>()V> (0x00000000e7017c90) 
thrown [e:\jenkins\tmp\workspace\build\src\src\hotspot\share\prims\jni.cpp, line 1210]
Event: 4.585 Thread 0x00000203de4581a0 Exception <a 'java/lang/NoSuchMethodError'{0x00000000e70261d8}: static Lorg/gradle/internal/build/event/types/DefaultFailure;.<clinit>()V> (0x00000000e70261d8) 
thrown [e:\jenkins\tmp\workspace\build\src\src\hotspot\share\prims\jni.cpp, line 1210]

Events (20 events):
Event: 4.579 loading class java/lang/Throwable$PrintStreamOrWriter
Event: 4.579 loading class java/lang/Throwable$PrintStreamOrWriter done
Event: 4.579 loading class java/lang/Throwable$WrappedPrintWriter done
Event: 4.579 loading class java/lang/StackTraceElement$HashedModules
Event: 4.579 loading class java/lang/StackTraceElement$HashedModules done
Event: 4.582 Thread 0x00000203dd7b72e0 Thread exited: 0x00000203dd7b72e0
Event: 4.582 Thread 0x00000203dd7b6d90 Thread exited: 0x00000203dd7b6d90
Event: 4.582 Thread 0x00000203dd7bd7d0 Thread exited: 0x00000203dd7bd7d0
Event: 4.582 Thread 0x00000203dd7b62f0 Thread exited: 0x00000203dd7b62f0
Event: 4.582 Thread 0x00000203dd7ba800 Thread exited: 0x00000203dd7ba800
Event: 4.585 loading class java/util/concurrent/ConcurrentLinkedQueue$Itr
Event: 4.585 loading class java/util/concurrent/ConcurrentLinkedQueue$Itr done
Event: 4.586 loading class java/util/logging/LogRecord
Event: 4.587 loading class java/util/logging/LogRecord done
Event: 4.590 Executing  VM operation: HandshakeAllThreads
Event: 4.590 Executing  VM operation: HandshakeAllThreads done
Event: 4.607 loading class java/lang/Short$ShortCache
Event: 4.607 loading class java/lang/Short$ShortCache done
Event: 4.608 loading class java/util/AbstractList$ListItr
Event: 4.608 loading class java/util/AbstractList$ListItr done


Dynamic libraries:
0x00007ff626270000 - 0x00007ff62627e000 	C:\Program Files\AdoptOpenJDK\jdk-16.0.1.9-hotspot\bin\java.exe
0x00007ffa6ca70000 - 0x00007ffa6cc65000 	C:\WINDOWS\SYSTEM32\ntdll.dll
0x00007ffa6bb50000 - 0x00007ffa6bc0d000 	C:\WINDOWS\System32\KERNEL32.DLL
0x00007ffa6a530000 - 0x00007ffa6a7f9000 	C:\WINDOWS\System32\KERNELBASE.dll
0x00007ffa6a8a0000 - 0x00007ffa6a9a0000 	C:\WINDOWS\System32\ucrtbase.dll
0x00007ffa65af0000 - 0x00007ffa65b08000 	C:\Program Files\AdoptOpenJDK\jdk-16.0.1.9-hotspot\bin\jli.dll
0x00007ffa63c50000 - 0x00007ffa63c69000 	C:\Program Files\AdoptOpenJDK\jdk-16.0.1.9-hotspot\bin\VCRUNTIME140.dll
0x00007ffa6c890000 - 0x00007ffa6ca30000 	C:\WINDOWS\System32\USER32.dll
0x00007ffa6a4b0000 - 0x00007ffa6a4d2000 	C:\WINDOWS\System32\win32u.dll
0x00007ffa497a0000 - 0x00007ffa49a3a000 	C:\WINDOWS\WinSxS\amd64_microsoft.windows.common-controls_6595b64144ccf1df_6.0.19041.1083_none_60bbe31371f34e71\COMCTL32.dll
0x00007ffa6c280000 - 0x00007ffa6c2aa000 	C:\WINDOWS\System32\GDI32.dll
0x00007ffa6c130000 - 0x00007ffa6c1ce000 	C:\WINDOWS\System32\msvcrt.dll
0x00007ffa6a3a0000 - 0x00007ffa6a4ab000 	C:\WINDOWS\System32\gdi32full.dll
0x00007ffa6a800000 - 0x00007ffa6a89d000 	C:\WINDOWS\System32\msvcp_win.dll
0x00007ffa6b070000 - 0x00007ffa6b0a0000 	C:\WINDOWS\System32\IMM32.DLL
0x00007ffa63c40000 - 0x00007ffa63c4c000 	C:\Program Files\AdoptOpenJDK\jdk-16.0.1.9-hotspot\bin\vcruntime140_1.dll
0x00007ffa5a3b0000 - 0x00007ffa5a441000 	C:\Program Files\AdoptOpenJDK\jdk-16.0.1.9-hotspot\bin\msvcp140.dll
0x00007ffa0c140000 - 0x00007ffa0cd78000 	C:\Program Files\AdoptOpenJDK\jdk-16.0.1.9-hotspot\bin\server\jvm.dll
0x00007ffa6c6d0000 - 0x00007ffa6c77c000 	C:\WINDOWS\System32\ADVAPI32.dll
0x00007ffa6afc0000 - 0x00007ffa6b05b000 	C:\WINDOWS\System32\sechost.dll
0x00007ffa6c4b0000 - 0x00007ffa6c5da000 	C:\WINDOWS\System32\RPCRT4.dll
0x00007ffa6b840000 - 0x00007ffa6b848000 	C:\WINDOWS\System32\PSAPI.DLL
0x00007ffa44d10000 - 0x00007ffa44d19000 	C:\WINDOWS\SYSTEM32\WSOCK32.dll
0x00007ffa4d770000 - 0x00007ffa4d797000 	C:\WINDOWS\SYSTEM32\WINMM.dll
0x00007ffa62420000 - 0x00007ffa6242a000 	C:\WINDOWS\SYSTEM32\VERSION.dll
0x00007ffa6c660000 - 0x00007ffa6c6cb000 	C:\WINDOWS\System32\WS2_32.dll
0x00007ffa68100000 - 0x00007ffa68112000 	C:\WINDOWS\SYSTEM32\kernel.appcore.dll
0x00007ffa5f780000 - 0x00007ffa5f78a000 	C:\Program Files\AdoptOpenJDK\jdk-16.0.1.9-hotspot\bin\jimage.dll
0x00007ffa64fb0000 - 0x00007ffa65194000 	C:\WINDOWS\SYSTEM32\DBGHELP.DLL
0x00007ffa64da0000 - 0x00007ffa64dcc000 	C:\WINDOWS\SYSTEM32\dbgcore.DLL
0x00007ffa6aa50000 - 0x00007ffa6aad3000 	C:\WINDOWS\System32\bcryptPrimitives.dll
0x00007ffa5af80000 - 0x00007ffa5afa5000 	C:\Program Files\AdoptOpenJDK\jdk-16.0.1.9-hotspot\bin\java.dll
0x00007ffa6b100000 - 0x00007ffa6b83f000 	C:\WINDOWS\System32\SHELL32.dll
0x00007ffa68300000 - 0x00007ffa68a91000 	C:\WINDOWS\SYSTEM32\windows.storage.dll
0x00007ffa6bdd0000 - 0x00007ffa6c125000 	C:\WINDOWS\System32\combase.dll
0x00007ffa69c20000 - 0x00007ffa69c4c000 	C:\WINDOWS\SYSTEM32\Wldp.dll
0x00007ffa6c1d0000 - 0x00007ffa6c27e000 	C:\WINDOWS\System32\SHCORE.dll
0x00007ffa6c780000 - 0x00007ffa6c7d5000 	C:\WINDOWS\System32\shlwapi.dll
0x00007ffa6a0f0000 - 0x00007ffa6a10f000 	C:\WINDOWS\SYSTEM32\profapi.dll
0x00007ffa5c390000 - 0x00007ffa5c3a9000 	C:\Program Files\AdoptOpenJDK\jdk-16.0.1.9-hotspot\bin\net.dll
0x00007ffa63580000 - 0x00007ffa6368a000 	C:\WINDOWS\SYSTEM32\WINHTTP.dll
0x00007ffa69980000 - 0x00007ffa699ea000 	C:\WINDOWS\system32\mswsock.dll
0x00007ffa5b3e0000 - 0x00007ffa5b3f3000 	C:\Program Files\AdoptOpenJDK\jdk-16.0.1.9-hotspot\bin\nio.dll
0x00007ffa5ad10000 - 0x00007ffa5ad28000 	C:\Program Files\AdoptOpenJDK\jdk-16.0.1.9-hotspot\bin\zip.dll
0x00007ffa5f770000 - 0x00007ffa5f780000 	C:\Program Files\AdoptOpenJDK\jdk-16.0.1.9-hotspot\bin\verify.dll
0x00007ffa5a5e0000 - 0x00007ffa5a607000 	C:\Users\80010-02-10\.gradle\native\49d0259a56938c7f99b2704e745ce422c4f750a7a20b539a32ccef96729676b1\windows-amd64\native-platform.dll
0x00007ffa2c9d0000 - 0x00007ffa2cb66000 	C:\Users\80010-02-10\.gradle\native\12488b8bf47d2d4c9fbf2f6322a914ad602e24e48041cd04a747c6da556b65c4\windows-amd64\native-platform-file-events.dll
0x00007ffa5f2f0000 - 0x00007ffa5f2f9000 	C:\Program Files\AdoptOpenJDK\jdk-16.0.1.9-hotspot\bin\management.dll
0x00007ffa5dcd0000 - 0x00007ffa5dcdb000 	C:\Program Files\AdoptOpenJDK\jdk-16.0.1.9-hotspot\bin\management_ext.dll
0x00007ffa69b60000 - 0x00007ffa69b78000 	C:\WINDOWS\SYSTEM32\CRYPTSP.dll
0x00007ffa69250000 - 0x00007ffa69284000 	C:\WINDOWS\system32\rsaenh.dll
0x00007ffa6a310000 - 0x00007ffa6a337000 	C:\WINDOWS\System32\bcrypt.dll
0x00007ffa6a0b0000 - 0x00007ffa6a0de000 	C:\WINDOWS\SYSTEM32\USERENV.dll
0x00007ffa69b80000 - 0x00007ffa69b8c000 	C:\WINDOWS\SYSTEM32\CRYPTBASE.dll
0x00007ffa69600000 - 0x00007ffa6963b000 	C:\WINDOWS\SYSTEM32\IPHLPAPI.DLL
0x00007ffa6b060000 - 0x00007ffa6b068000 	C:\WINDOWS\System32\NSI.dll
0x00007ffa659a0000 - 0x00007ffa659b7000 	C:\WINDOWS\SYSTEM32\dhcpcsvc6.DLL
0x00007ffa65950000 - 0x00007ffa6596d000 	C:\WINDOWS\SYSTEM32\dhcpcsvc.DLL
0x00007ffa69640000 - 0x00007ffa6970c000 	C:\WINDOWS\SYSTEM32\DNSAPI.dll
0x00007ffa5c6f0000 - 0x00007ffa5c6fe000 	C:\Program Files\AdoptOpenJDK\jdk-16.0.1.9-hotspot\bin\sunmscapi.dll
0x00007ffa6a1b0000 - 0x00007ffa6a30f000 	C:\WINDOWS\System32\CRYPT32.dll
0x00007ffa69c90000 - 0x00007ffa69cb7000 	C:\WINDOWS\SYSTEM32\ncrypt.dll
0x00007ffa69c50000 - 0x00007ffa69c8b000 	C:\WINDOWS\SYSTEM32\NTASN1.dll
0x00007ffa5aff0000 - 0x00007ffa5aff7000 	C:\WINDOWS\system32\wshunix.dll

dbghelp: loaded successfully - version: 4.0.5 - missing functions: none
symbol engine: initialized successfully - sym options: 0x614 - pdb path: .;C:\Program Files\AdoptOpenJDK\jdk-16.0.1.9-hotspot\bin;C:\WINDOWS\SYSTEM32;C:\WINDOWS\WinSxS\amd64_microsoft.windows.common-controls_6595b64144ccf1df_6.0.19041.1083_none_60bbe31371f34e71;C:\Program Files\AdoptOpenJDK\jdk-16.0.1.9-hotspot\bin\server;C:\Users\80010-02-10\.gradle\native\49d0259a56938c7f99b2704e745ce422c4f750a7a20b539a32ccef96729676b1\windows-amd64;C:\Users\80010-02-10\.gradle\native\12488b8bf47d2d4c9fbf2f6322a914ad602e24e48041cd04a747c6da556b65c4\windows-amd64

VM Arguments:
jvm_args: --add-opens=java.base/java.util=ALL-UNNAMED --add-opens=java.base/java.lang=ALL-UNNAMED --add-opens=java.base/java.lang.invoke=ALL-UNNAMED --add-opens=java.base/java.util=ALL-UNNAMED --add-opens=java.prefs/java.util.prefs=ALL-UNNAMED --add-opens=java.prefs/java.util.prefs=ALL-UNNAMED --add-opens=java.base/java.nio.charset=ALL-UNNAMED --add-opens=java.base/java.net=ALL-UNNAMED --add-opens=java.base/java.util.concurrent.atomic=ALL-UNNAMED -XX:MaxMetaspaceSize=256m -XX:+HeapDumpOnOutOfMemoryError -Xms256m -Xmx512m -Dfile.encoding=windows-1252 -Duser.country=FR -Duser.language=fr -Duser.variant 
java_command: org.gradle.launcher.daemon.bootstrap.GradleDaemon 7.0
java_class_path (initial): C:\Users\80010-02-10\.gradle\wrapper\dists\gradle-7.0-bin\2p9ebqfz6ilrfozi676ogco7n\gradle-7.0\lib\gradle-launcher-7.0.jar
Launcher Type: SUN_STANDARD

[Global flags]
     intx CICompilerCount                          = 3                                         {product} {ergonomic}
   size_t CompressedClassSpaceSize                 = 218103808                                 {product} {ergonomic}
     uint ConcGCThreads                            = 2                                         {product} {ergonomic}
     uint G1ConcRefinementThreads                  = 6                                         {product} {ergonomic}
   size_t G1HeapRegionSize                         = 1048576                                   {product} {ergonomic}
    uintx GCDrainStackTargetSize                   = 64                                        {product} {ergonomic}
     bool HeapDumpOnOutOfMemoryError               = true                                   {manageable} {command line}
   size_t InitialHeapSize                          = 268435456                                 {product} {command line}
   size_t MarkStackSize                            = 4194304                                   {product} {ergonomic}
   size_t MaxHeapSize                              = 536870912                                 {product} {command line}
   size_t MaxMetaspaceSize                         = 268435456                                 {product} {command line}
   size_t MaxNewSize                               = 321912832                                 {product} {ergonomic}
   size_t MinHeapDeltaBytes                        = 1048576                                   {product} {ergonomic}
   size_t MinHeapSize                              = 268435456                                 {product} {command line}
    uintx NonNMethodCodeHeapSize                   = 5832780                                {pd product} {ergonomic}
    uintx NonProfiledCodeHeapSize                  = 122912730                              {pd product} {ergonomic}
    uintx ProfiledCodeHeapSize                     = 122912730                              {pd product} {ergonomic}
    uintx ReservedCodeCacheSize                    = 251658240                              {pd product} {ergonomic}
     bool SegmentedCodeCache                       = true                                      {product} {ergonomic}
   size_t SoftMaxHeapSize                          = 536870912                              {manageable} {ergonomic}
     bool UseCompressedClassPointers               = true                           {product lp64_product} {ergonomic}
     bool UseCompressedOops                        = true                           {product lp64_product} {ergonomic}
     bool UseG1GC                                  = true                                      {product} {ergonomic}
     bool UseLargePagesIndividualAllocation        = false                                  {pd product} {ergonomic}

Logging:
Log output configuration:
 #0: stdout all=warning uptime,level,tags
 #1: stderr all=off uptime,level,tags

Environment Variables:
JAVA_HOME=C:\Program Files\AdoptOpenJDK\jdk-16.0.1.9-hotspot\
PATH=C:\Program Files\AdoptOpenJDK\jdk-16.0.1.9-hotspot\bin;C:\Program Files (x86)\Common Files\Oracle\Java\javapath;C:\WINDOWS\system32;C:\WINDOWS;C:\WINDOWS\System32\Wbem;C:\WINDOWS\System32\WindowsPowerShell\v1.0\;C:\WINDOWS\System32\OpenSSH\;C:\Program Files (x86)\Microsoft VS Code\bin;C:\Program Files\dotnet\;C:\Program Files\Microsoft SQL Server\130\Tools\Binn\;C:\Program Files\Microsoft SQL Server\Client SDK\ODBC\170\Tools\Binn\;C:\ProgramData\ComposerSetup\bin;C:\Program Files\Symfony;C:\php-7.4.20;C:\Program Files\Git\cmd;C:\Users\80010-02-10\AppData\Local\Microsoft\WindowsApps;C:\Users\80010-02-10\AppData\Roaming\Composer\vendor\bin;C:\Program Files\JetBrains\PhpStorm 2021.1.3\bin;;C:\Program Files\JetBrains\IntelliJ IDEA 2021.1.3\bin;
USERNAME=80010-02-10
OS=Windows_NT
PROCESSOR_IDENTIFIER=Intel64 Family 6 Model 158 Stepping 10, GenuineIntel



---------------  S Y S T E M  ---------------

OS:
 Windows 10 , 64 bit Build 19041 (10.0.19041.1023)
OS uptime: 11 days 0:16 hours

CPU: total 6 (initial active 6) (6 cores per cpu, 1 threads per core) family 6 model 158 stepping 10 microcode 0xb4, cx8, cmov, fxsr, mmx, 3dnowpref, sse, sse2, sse3, ssse3, sse4.1, sse4.2, popcnt, lzcnt, tsc, tscinvbit, avx, avx2, aes, erms, clmul, bmi1, bmi2, adx, fma, vzeroupper, clflush, clflushopt

Memory: 4k page, system-wide physical 16219M (8183M free)
TotalPageFile size 18651M (AvailPageFile size 7478M)
current process WorkingSet (physical memory assigned to process): 353M, peak: 353M
current process commit charge ("private bytes"): 482M, peak: 483M

vm_info: OpenJDK 64-Bit Server VM (16.0.1+9) for windows-amd64 JRE (16.0.1+9), built on Apr 21 2021 12:30:27 by "" with MS VC++ 16.7 (VS2019)

END.
