#
# A fatal error has been detected by the Java Runtime Environment:
#
#  EXCEPTION_ACCESS_VIOLATION (0xc0000005) at pc=0x00007ffa2c9f362e, pid=4256, tid=12632
#
# JRE version: OpenJDK Runtime Environment AdoptOpenJDK-16.0.1+9 (16.0.1+9) (build 16.0.1+9)
# Java VM: OpenJDK 64-Bit Server VM AdoptOpenJDK-16.0.1+9 (16.0.1+9, mixed mode, sharing, tiered, compressed oops, compressed class ptrs, g1 gc, windows-amd64)
# Problematic frame:
# C  [native-platform-file-events.dll+0x2362e]
#
# No core dump will be written. Minidumps are not enabled by default on client versions of Windows
#
# If you would like to submit a bug report, please visit:
#   https://github.com/AdoptOpenJDK/openjdk-support/issues
# The crash happened outside the Java Virtual Machine in native code.
# See problematic frame for where to report the bug.
#

---------------  S U M M A R Y ------------

Command Line: --add-opens=java.base/java.util=ALL-UNNAMED --add-opens=java.base/java.lang=ALL-UNNAMED --add-opens=java.base/java.lang.invoke=ALL-UNNAMED --add-opens=java.base/java.util=ALL-UNNAMED --add-opens=java.prefs/java.util.prefs=ALL-UNNAMED --add-opens=java.prefs/java.util.prefs=ALL-UNNAMED --add-opens=java.base/java.nio.charset=ALL-UNNAMED --add-opens=java.base/java.net=ALL-UNNAMED --add-opens=java.base/java.util.concurrent.atomic=ALL-UNNAMED -XX:MaxMetaspaceSize=256m -XX:+HeapDumpOnOutOfMemoryError -Xms256m -Xmx512m -Dfile.encoding=windows-1252 -Duser.country=FR -Duser.language=fr -Duser.variant org.gradle.launcher.daemon.bootstrap.GradleDaemon 7.0

Host: Intel(R) Core(TM) i5-8400 CPU @ 2.80GHz, 6 cores, 15G,  Windows 10 , 64 bit Build 19041 (10.0.19041.1023)
Time: Fri Jul 23 10:17:52 2021 Paris, Madrid (heure duild 19041 (10.0.19041.1023) elapsed time: 111.578178 seconds (0d 0h 1m 51s)

---------------  T H R E A D  ---------------

Current thread (0x000002267c610e60):  JavaThread "File watcher server" daemon [_thread_in_native, id=12632, stack(0x00000038aa500000,0x00000038aa600000)]

Stack: [0x00000038aa500000,0x00000038aa600000],  sp=0x00000038aa5fe630,  free space=1017k
Native frames: (J=compiled Java code, j=interpreted, Vv=VM code, C=native code)
C  [native-platform-file-events.dll+0x2362e]

Java frames: (J=compiled Java code, j=interpreted, Vv=VM code)
j  net.rubygrapefruit.platform.internal.jni.AbstractFileEventFunctions$NativeFileWatcher.executeRunLoop0(Ljava/lang/Object;)V+0
j  net.rubygrapefruit.platform.internal.jni.AbstractFileEventFunctions$NativeFileWatcher.access$100(Lnet/rubygrapefruit/platform/internal/jni/AbstractFileEventFunctions$NativeFileWatcher;Ljava/lang/Object;)V+2
j  net.rubygrapefruit.platform.internal.jni.AbstractFileEventFunctions$NativeFileWatcher$1.run()V+26
v  ~StubRoutines::call_stub

siginfo: EXCEPTION_ACCESS_VIOLATION (0xc0000005), reading address 0xffffffffffffffff


Register to memory mapping:

RIP=0x00007ffa2c9f362e native-platform-file-events.dll
RAX=0x2473636974736974 is an unknown value
RBX=0x0000000000000001 is an unknown value
RCX=0x2473636974736974 is an unknown value
RDX=0x00000038aa5fe688 is pointing into the stack for thread: 0x000002267c610e60
RSP=0x00000038aa5fe630 is pointing into the stack for thread: 0x000002267c610e60
RBP=0x00000038aa5ff028 is pointing into the stack for thread: 0x000002267c610e60
RSI=0x0 is NULL
RDI=0x00000000ffffffff is an unallocated location in the heap
R8 =0x00000038aa5fe690 is pointing into the stack for thread: 0x000002267c610e60
R9 =0x000000007ffea000 points into unknown readable memory: 0x00000000546c6148 | 48 61 6c 54 00 00 00 00
R10=0x00000000546c6148 is an unknown value
R11=0x000006d354c177e3 is an unknown value
R12=0x0 is NULL
R13={method} {0x000002267eb47c38} 'executeRunLoop0' '(Ljava/lang/Object;)V' in 'net/rubygrapefruit/platform/internal/jni/AbstractFileEventFunctions$NativeFileWatcher'
R14=0x00000038aa5ff050 is pointing into the stack for thread: 0x000002267c610e60
R15=0x000002267c610e60 is a thread


Registers:
RAX=0x2473636974736974, RBX=0x0000000000000001, RCX=0x2473636974736974, RDX=0x00000038aa5fe688
RSP=0x00000038aa5fe630, RBP=0x00000038aa5ff028, RSI=0x0000000000000000, RDI=0x00000000ffffffff
R8 =0x00000038aa5fe690, R9 =0x000000007ffea000, R10=0x00000000546c6148, R11=0x000006d354c177e3
R12=0x0000000000000000, R13=0x000002267eb47c30, R14=0x00000038aa5ff050, R15=0x000002267c610e60
RIP=0x00007ffa2c9f362e, EFLAGS=0x0000000000010206

Top of Stack: (sp=0x00000038aa5fe630)
0x00000038aa5fe630:   000363c67d47becc 000363c67d3b4764
0x00000038aa5fe640:   000363c67d47becc 00007ffa2ca0e965
0x00000038aa5fe650:   00000038aa5fe708 00000038aa5fe688
0x00000038aa5fe660:   0000003800000000 00000038aa5fe698
0x00000038aa5fe670:   00000038aa5f0001 000008ad8140b7ab
0x00000038aa5fe680:   00000038aa5fe690 0000000000000000
0x00000038aa5fe690:   000363c67d3b4764 000363c67d47becc
0x00000038aa5fe6a0:   00000000eaa808d8 00007ffa2ca0e4f7
0x00000038aa5fe6b0:   00000038aa5fe708 00000038aa5fe700
0x00000038aa5fe6c0:   000002267a6da7e0 00007ffa2c9fd473
0x00000038aa5fe6d0:   0000003800000000 00000038a9dfbd80
0x00000038aa5fe6e0:   000363c67d47becc 0000000000000000
0x00000038aa5fe6f0:   0000003800000000 00000038aa5fe760
0x00000038aa5fe700:   0000d06c7d88cfca 0000000000000000
0x00000038aa5fe710:   000002267c78ff10 00007ffa2c9f385c
0x00000038aa5fe720:   2473636974736974 0000022600000003 

Instructions: (pc=0x00007ffa2c9f362e)
0x00007ffa2c9f352e:   8b 00 48 89 44 24 38 48 8b 44 24 38 48 89 44 24
0x00007ffa2c9f353e:   58 48 8b 84 24 b0 00 00 00 48 83 c0 08 48 89 44
0x00007ffa2c9f354e:   24 40 48 8d 54 24 70 48 8b 4c 24 40 e8 84 1a fe
0x00007ffa2c9f355e:   ff 48 8b 00 48 89 44 24 48 48 8b 44 24 48 48 89
0x00007ffa2c9f356e:   44 24 60 4c 8b 4c 24 50 4c 8b 44 24 58 48 8b 54
0x00007ffa2c9f357e:   24 60 48 8d 4c 24 78 e8 b2 48 fe ff 48 8d 4c 24
0x00007ffa2c9f358e:   78 e8 a8 20 fe ff 48 8b c8 ff 15 6b ba 16 00 89
0x00007ffa2c9f359e:   44 24 24 83 7c 24 24 ff 74 15 8b 44 24 24 83 e0
0x00007ffa2c9f35ae:   10 85 c0 74 0a c7 44 24 28 01 00 00 00 eb 08 c7
0x00007ffa2c9f35be:   44 24 28 00 00 00 00 0f b6 44 24 28 88 44 24 20
0x00007ffa2c9f35ce:   48 8d 4c 24 78 e8 04 49 fe ff 0f b6 44 24 20 48
0x00007ffa2c9f35de:   8b 8c 24 98 00 00 00 48 33 cc e8 35 fe fd ff 48
0x00007ffa2c9f35ee:   81 c4 a8 00 00 00 c3 cc cc cc cc cc cc cc cc cc
0x00007ffa2c9f35fe:   cc cc 48 89 4c 24 08 48 81 ec e8 00 00 00 48 8b
0x00007ffa2c9f360e:   05 a5 1a 15 00 48 33 c4 48 89 84 24 d0 00 00 00
0x00007ffa2c9f361e:   c7 44 24 30 00 00 00 00 48 8b 84 24 f0 00 00 00
0x00007ffa2c9f362e:   83 78 68 03 0f 84 02 01 00 00 48 8b 84 24 f0 00
0x00007ffa2c9f363e:   00 00 48 8b 48 28 ff 15 c6 b9 16 00 89 44 24 38
0x00007ffa2c9f364e:   83 7c 24 38 00 0f 85 d0 00 00 00 ba 07 00 00 00
0x00007ffa2c9f365e:   48 8b 0d e3 69 15 00 e8 cd d9 fd ff 88 44 24 34
0x00007ffa2c9f366e:   0f b6 44 24 34 85 c0 0f 84 90 00 00 00 ff 15 97
0x00007ffa2c9f367e:   b9 16 00 89 44 24 3c 48 8b 84 24 f0 00 00 00 48
0x00007ffa2c9f368e:   83 c0 08 48 8b d0 48 8d 8c 24 90 00 00 00 e8 cd
0x00007ffa2c9f369e:   5b fe ff 48 89 44 24 40 48 8b 44 24 40 48 89 44
0x00007ffa2c9f36ae:   24 48 8b 44 24 30 83 c8 01 89 44 24 30 48 8b 4c
0x00007ffa2c9f36be:   24 48 e8 4e 4d fe ff 48 89 44 24 50 48 8b 84 24
0x00007ffa2c9f36ce:   f0 00 00 00 48 8b 40 28 48 89 44 24 58 8b 44 24
0x00007ffa2c9f36de:   3c 89 44 24 28 48 8b 44 24 50 48 89 44 24 20 4c
0x00007ffa2c9f36ee:   8b 4c 24 58 4c 8d 05 67 4f 11 00 ba 07 00 00 00
0x00007ffa2c9f36fe:   48 8b 0d 43 69 15 00 e8 71 67 fe ff 90 8b 44 24
0x00007ffa2c9f370e:   30 83 e0 01 85 c0 74 13 83 64 24 30 fe 48 8d 8c
0x00007ffa2c9f371e:   24 90 00 00 00 e8 eb 1a fe ff 90 eb 00 48 8b 84 


Stack slot to memory mapping:
stack at sp + 0 slots: 0x000363c67d47becc is an unknown value
stack at sp + 1 slots: 0x000363c67d3b4764 is an unknown value
stack at sp + 2 slots: 0x000363c67d47becc is an unknown value
stack at sp + 3 slots: 0x00007ffa2ca0e965 native-platform-file-events.dll
stack at sp + 4 slots: 0x00000038aa5fe708 is pointing into the stack for thread: 0x000002267c610e60
stack at sp + 5 slots: 0x00000038aa5fe688 is pointing into the stack for thread: 0x000002267c610e60
stack at sp + 6 slots: 0x0000003800000000 is an unknown value
stack at sp + 7 slots: 0x00000038aa5fe698 is pointing into the stack for thread: 0x000002267c610e60


---------------  P R O C E S S  ---------------

Threads class SMR info:
_java_thread_list=0x000002267dae9290, length=53, elements={
0x000002266cc02bf0, 0x000002267918df50, 0x000002267918ed20, 0x00000226791a3900,
0x00000226791a6220, 0x00000226791a6b30, 0x00000226791a9460, 0x00000226791aa150,
0x00000226791b2b60, 0x00000226791d54d0, 0x0000022679cf8e10, 0x0000022679cf7380,
0x0000022679cf9360, 0x0000022679cf8370, 0x0000022679cf9e00, 0x0000022679cfa350,
0x0000022679cf98b0, 0x0000022679cf6e30, 0x000002267c611e50, 0x000002267c613e30,
0x000002267c614380, 0x000002267c6123a0, 0x000002267c611900, 0x000002267c6148d0,
0x000002267c60e3e0, 0x000002267c6138e0, 0x000002267c610e60, 0x000002267c60e930,
0x000002267c6113b0, 0x000002267c6128f0, 0x000002267c610910, 0x000002267c612e40,
0x000002267c60ee80, 0x000002267c615e10, 0x000002267c60f920, 0x000002267c614e20,
0x000002267c615370, 0x000002267c60fe70, 0x000002267c6158c0, 0x000002267c60f3d0,
0x000002267c4411a0, 0x000002267c442190, 0x000002267c4401b0, 0x000002267c442c30,
0x000002267c440c50, 0x000002267c4416f0, 0x000002267c440700, 0x000002267c43f710,
0x000002267d42bb00, 0x000002267d429080, 0x000002267d42b5b0, 0x000002267d429b20,
0x000002267a69e8b0
}

Java Threads: ( => current thread )
  0x000002266cc02bf0 JavaThread "main" [_thread_blocked, id=712, stack(0x00000038a7d00000,0x00000038a7e00000)]
  0x000002267918df50 JavaThread "Reference Handler" daemon [_thread_blocked, id=6324, stack(0x00000038a8400000,0x00000038a8500000)]
  0x000002267918ed20 JavaThread "Finalizer" daemon [_thread_blocked, id=13620, stack(0x00000038a8500000,0x00000038a8600000)]
  0x00000226791a3900 JavaThread "Signal Dispatcher" daemon [_thread_blocked, id=13564, stack(0x00000038a8600000,0x00000038a8700000)]
  0x00000226791a6220 JavaThread "Attach Listener" daemon [_thread_blocked, id=7356, stack(0x00000038a8700000,0x00000038a8800000)]
  0x00000226791a6b30 JavaThread "Service Thread" daemon [_thread_blocked, id=13724, stack(0x00000038a8800000,0x00000038a8900000)]
  0x00000226791a9460 JavaThread "Monitor Deflation Thread" daemon [_thread_blocked, id=8244, stack(0x00000038a8900000,0x00000038a8a00000)]
  0x00000226791aa150 JavaThread "C2 CompilerThread0" daemon [_thread_blocked, id=5324, stack(0x00000038a8a00000,0x00000038a8b00000)]
  0x00000226791b2b60 JavaThread "C1 CompilerThread0" daemon [_thread_blocked, id=12376, stack(0x00000038a8b00000,0x00000038a8c00000)]
  0x00000226791d54d0 JavaThread "Sweeper thread" daemon [_thread_blocked, id=13740, stack(0x00000038a8c00000,0x00000038a8d00000)]
  0x0000022679cf8e10 JavaThread "Common-Cleaner" daemon [_thread_blocked, id=2404, stack(0x00000038a8d00000,0x00000038a8e00000)]
  0x0000022679cf7380 JavaThread "Notification Thread" daemon [_thread_blocked, id=10064, stack(0x00000038a8e00000,0x00000038a8f00000)]
  0x0000022679cf9360 JavaThread "Daemon health stats" [_thread_blocked, id=9128, stack(0x00000038a9700000,0x00000038a9800000)]
  0x0000022679cf8370 JavaThread "Incoming local TCP Connector on port 54090" [_thread_in_native, id=3300, stack(0x00000038a9800000,0x00000038a9900000)]
  0x0000022679cf9e00 JavaThread "Daemon periodic checks" [_thread_blocked, id=8872, stack(0x00000038a9900000,0x00000038a9a00000)]
  0x0000022679cfa350 JavaThread "Daemon" [_thread_blocked, id=13168, stack(0x00000038a9a00000,0x00000038a9b00000)]
  0x0000022679cf98b0 JavaThread "Handler for socket connection from /127.0.0.1:54090 to /127.0.0.1:54091" [_thread_in_native, id=7708, stack(0x00000038a9b00000,0x00000038a9c00000)]
  0x0000022679cf6e30 JavaThread "Cancel handler" [_thread_blocked, id=9276, stack(0x00000038a9c00000,0x00000038a9d00000)]
  0x000002267c611e50 JavaThread "Daemon worker" [_thread_blocked, id=13520, stack(0x00000038a9d00000,0x00000038a9e00000)]
  0x000002267c613e30 JavaThread "Asynchronous log dispatcher for DefaultDaemonConnection: socket connection from /127.0.0.1:54090 to /127.0.0.1:54091" [_thread_blocked, id=5708, stack(0x00000038a9e00000,0x00000038a9f00000)]
  0x000002267c614380 JavaThread "Stdin handler" [_thread_blocked, id=3956, stack(0x00000038a9f00000,0x00000038aa000000)]
  0x000002267c6123a0 JavaThread "Daemon client event forwarder" [_thread_blocked, id=1264, stack(0x00000038aa000000,0x00000038aa100000)]
  0x000002267c611900 JavaThread "Cache worker for file hash cache (C:\Users\80010-02-10\.gradle\caches\7.0\fileHashes)" [_thread_blocked, id=10404, stack(0x00000038aa100000,0x00000038aa200000)]
  0x000002267c6148d0 JavaThread "File lock request listener" [_thread_in_native, id=3196, stack(0x00000038aa200000,0x00000038aa300000)]
  0x000002267c60e3e0 JavaThread "Cache worker for journal cache (C:\Users\80010-02-10\.gradle\caches\journal-1)" [_thread_blocked, id=7436, stack(0x00000038aa300000,0x00000038aa400000)]
  0x000002267c6138e0 JavaThread "Cache worker for file hash cache (U:\80010-02-10\Behzad\Projects\tableView\.gradle\7.0\fileHashes)" [_thread_blocked, id=11564, stack(0x00000038aa400000,0x00000038aa500000)]
=>0x000002267c610e60 JavaThread "File watcher server" daemon [_thread_in_native, id=12632, stack(0x00000038aa500000,0x00000038aa600000)]
  0x000002267c60e930 JavaThread "File watcher consumer" daemon [_thread_blocked, id=2536, stack(0x00000038aa600000,0x00000038aa700000)]
  0x000002267c6113b0 JavaThread "Cache worker for checksums cache (U:\80010-02-10\Behzad\Projects\tableView\.gradle\checksums)" [_thread_blocked, id=8460, stack(0x00000038aa700000,0x00000038aa800000)]
  0x000002267c6128f0 JavaThread "Cache worker for cache directory md-supplier (C:\Users\80010-02-10\.gradle\caches\7.0\md-supplier)" [_thread_blocked, id=8916, stack(0x00000038aa800000,0x00000038aa900000)]
  0x000002267c610910 JavaThread "Cache worker for cache directory md-rule (C:\Users\80010-02-10\.gradle\caches\7.0\md-rule)" [_thread_blocked, id=7940, stack(0x00000038aa900000,0x00000038aaa00000)]
  0x000002267c612e40 JavaThread "Cache worker for execution history cache (C:\Users\80010-02-10\.gradle\caches\7.0\executionHistory)" [_thread_blocked, id=10520, stack(0x00000038aaa00000,0x00000038aab00000)]
  0x000002267c60ee80 JavaThread "jar transforms" [_thread_blocked, id=10812, stack(0x00000038aac00000,0x00000038aad00000)]
  0x000002267c615e10 JavaThread "jar transforms Thread 2" [_thread_blocked, id=13652, stack(0x00000038aad00000,0x00000038aae00000)]
  0x000002267c60f920 JavaThread "Cache worker for file content cache (C:\Users\80010-02-10\.gradle\caches\7.0\fileContent)" [_thread_blocked, id=6856, stack(0x00000038aae00000,0x00000038aaf00000)]
  0x000002267c614e20 JavaThread "jar transforms Thread 3" [_thread_blocked, id=13972, stack(0x00000038aaf00000,0x00000038ab000000)]
  0x000002267c615370 JavaThread "jar transforms Thread 4" [_thread_blocked, id=5348, stack(0x00000038ab000000,0x00000038ab100000)]
  0x000002267c60fe70 JavaThread "jar transforms Thread 5" [_thread_blocked, id=12340, stack(0x00000038ab100000,0x00000038ab200000)]
  0x000002267c6158c0 JavaThread "Build operations" [_thread_blocked, id=9936, stack(0x00000038ab200000,0x00000038ab300000)]
  0x000002267c60f3d0 JavaThread "jar transforms Thread 6" [_thread_blocked, id=2260, stack(0x00000038ab300000,0x00000038ab400000)]
  0x000002267c4411a0 JavaThread "Cache worker for dependencies-accessors (U:\80010-02-10\Behzad\Projects\tableView\.gradle\7.0\dependencies-accessors)" [_thread_blocked, id=8544, stack(0x00000038ab500000,0x00000038ab600000)]
  0x000002267c442190 JavaThread "Cache worker for Build Output Cleanup Cache (U:\80010-02-10\Behzad\Projects\tableView\.gradle\buildOutputCleanup)" [_thread_blocked, id=9808, stack(0x00000038ab600000,0x00000038ab700000)]
  0x000002267c4401b0 JavaThread "Build operations Thread 2" [_thread_blocked, id=11272, stack(0x00000038ab700000,0x00000038ab800000)]
  0x000002267c442c30 JavaThread "Build operations Thread 3" [_thread_blocked, id=1068, stack(0x00000038ab800000,0x00000038ab900000)]
  0x000002267c440c50 JavaThread "Build operations Thread 4" [_thread_blocked, id=3752, stack(0x00000038ab900000,0x00000038aba00000)]
  0x000002267c4416f0 JavaThread "Build operations Thread 5" [_thread_blocked, id=11388, stack(0x00000038aba00000,0x00000038abb00000)]
  0x000002267c440700 JavaThread "Build operations Thread 6" [_thread_blocked, id=9332, stack(0x00000038abb00000,0x00000038abc00000)]
  0x000002267c43f710 JavaThread "Memory manager" [_thread_blocked, id=6364, stack(0x00000038abc00000,0x00000038abd00000)]
  0x000002267d42bb00 JavaThread "Cache worker for execution history cache (U:\80010-02-10\Behzad\Projects\tableView\.gradle\7.0\executionHistory)" [_thread_blocked, id=7908, stack(0x00000038ac200000,0x00000038ac300000)]
  0x000002267d429080 JavaThread "Exec process" [_thread_blocked, id=4976, stack(0x00000038ac300000,0x00000038ac400000)]
  0x000002267d42b5b0 JavaThread "Exec process Thread 2" [_thread_blocked, id=12064, stack(0x00000038ac400000,0x00000038ac500000)]
  0x000002267d429b20 JavaThread "Exec process Thread 3" [_thread_blocked, id=7704, stack(0x00000038ac500000,0x00000038ac600000)]
  0x000002267a69e8b0 JavaThread "C2 CompilerThread1" daemon [_thread_in_native, id=11004, stack(0x00000038a7b00000,0x00000038a7c00000)]

Other Threads:
  0x00000226791883e0 VMThread "VM Thread" [stack: 0x00000038a8300000,0x00000038a8400000] [id=10488]
  0x0000022679cff420 WatcherThread [stack: 0x00000038a8f00000,0x00000038a9000000] [id=7192]
  0x000002266cc24390 GCTaskThread "GC Thread#0" [stack: 0x00000038a7e00000,0x00000038a7f00000] [id=4920]
  0x000002267a6be390 GCTaskThread "GC Thread#1" [stack: 0x00000038a9100000,0x00000038a9200000] [id=8600]
  0x000002267a6be6a0 GCTaskThread "GC Thread#2" [stack: 0x00000038a9200000,0x00000038a9300000] [id=13444]
  0x000002267a672880 GCTaskThread "GC Thread#3" [stack: 0x00000038a9300000,0x00000038a9400000] [id=2332]
  0x000002267a672b90 GCTaskThread "GC Thread#4" [stack: 0x00000038a9400000,0x00000038a9500000] [id=7604]
  0x000002267a672ea0 GCTaskThread "GC Thread#5" [stack: 0x00000038a9500000,0x00000038a9600000] [id=9148]
  0x000002266cc293e0 ConcurrentGCThread "G1 Main Marker" [stack: 0x00000038a7f00000,0x00000038a8000000] [id=4348]
  0x000002266cc29de0 ConcurrentGCThread "G1 Conc#0" [stack: 0x00000038a8000000,0x00000038a8100000] [id=4264]
  0x000002267c5a0c80 ConcurrentGCThread "G1 Conc#1" [stack: 0x00000038aab00000,0x00000038aac00000] [id=7200]
  0x000002266ccdddd0 ConcurrentGCThread "G1 Refine#0" [stack: 0x00000038a8100000,0x00000038a8200000] [id=13384]
  0x000002267a70f270 ConcurrentGCThread "G1 Refine#1" [stack: 0x00000038a9600000,0x00000038a9700000] [id=11464]
  0x000002266ccde7e0 ConcurrentGCThread "G1 Service" [stack: 0x00000038a8200000,0x00000038a8300000] [id=13880]

Threads with active compile tasks:
C2 CompilerThread1   111635 5593       4       sun.invoke.util.VerifyAccess::isClassAccessible (230 bytes)

VM state: not at safepoint (normal execution)

VM Mutex/Monitor currently owned by a thread: None

Heap address: 0x00000000e0000000, size: 512 MB, Compressed Oops mode: 32-bit

CDS archive(s) mapped at: [0x0000000800000000-0x0000000800bf0000-0x0000000800bf0000), size 12517376, SharedBaseAddress: 0x0000000800000000, ArchiveRelocationMode: 0.
Compressed class space mapped at: 0x0000000800c00000-0x000000080dc00000, reserved size: 218103808
Narrow klass base: 0x0000000800000000, Narrow klass shift: 3, Narrow klass range: 0x100000000

GC Precious Log:
 CPUs: 6 total, 6 available
 Memory: 16219M
 Large Page Support: Disabled
 NUMA Support: Disabled
 Compressed Oops: Enabled (32-bit)
 Heap Region Size: 1M
 Heap Min Capacity: 256M
 Heap Initial Capacity: 256M
 Heap Max Capacity: 512M
 Pre-touch: Disabled
 Parallel Workers: 6
 Concurrent Workers: 2
 Concurrent Refinement Workers: 6
 Periodic GC: Disabled

Heap:
 garbage-first heap   total 262144K, used 43799K [0x00000000e0000000, 0x0000000100000000)
  region size 1024K, 24 young (24576K), 19 survivors (19456K)
 Metaspace       used 51056K, committed 51648K, reserved 262144K
  class space    used 7147K, committed 7424K, reserved 212992K

Heap Regions: E=young(eden), S=young(survivor), O=old, HS=humongous(starts), HC=humongous(continues), CS=collection set, F=free, OA=open archive, CA=closed archive, TAMS=top-at-mark-start (previous, next)
|   0|0x00000000e0000000, 0x00000000e0100000, 0x00000000e0100000|100%| O|  |TAMS 0x00000000e0100000, 0x00000000e0000000| Untracked 
|   1|0x00000000e0100000, 0x00000000e0200000, 0x00000000e0200000|100%| O|  |TAMS 0x00000000e0200000, 0x00000000e0100000| Untracked 
|   2|0x00000000e0200000, 0x00000000e0300000, 0x00000000e0300000|100%| O|  |TAMS 0x00000000e02e3c00, 0x00000000e0200000| Untracked 
|   3|0x00000000e0300000, 0x00000000e0400000, 0x00000000e0400000|100%|HS|  |TAMS 0x00000000e0400000, 0x00000000e0300000| Complete 
|   4|0x00000000e0400000, 0x00000000e0500000, 0x00000000e0500000|100%|HC|  |TAMS 0x00000000e0500000, 0x00000000e0400000| Complete 
|   5|0x00000000e0500000, 0x00000000e0600000, 0x00000000e0600000|100%|HC|  |TAMS 0x00000000e0600000, 0x00000000e0500000| Complete 
|   6|0x00000000e0600000, 0x00000000e0700000, 0x00000000e0700000|100%| O|  |TAMS 0x00000000e0700000, 0x00000000e0600000| Untracked 
|   7|0x00000000e0700000, 0x00000000e0800000, 0x00000000e0800000|100%| O|  |TAMS 0x00000000e0800000, 0x00000000e0700000| Untracked 
|   8|0x00000000e0800000, 0x00000000e0900000, 0x00000000e0900000|100%| O|  |TAMS 0x00000000e0900000, 0x00000000e0800000| Untracked 
|   9|0x00000000e0900000, 0x00000000e0900000, 0x00000000e0a00000|  0%| F|  |TAMS 0x00000000e0900000, 0x00000000e0900000| Untracked 
|  10|0x00000000e0a00000, 0x00000000e0b00000, 0x00000000e0b00000|100%| O|  |TAMS 0x00000000e0a00000, 0x00000000e0a00000| Untracked 
|  11|0x00000000e0b00000, 0x00000000e0c00000, 0x00000000e0c00000|100%| O|  |TAMS 0x00000000e0b00000, 0x00000000e0b00000| Untracked 
|  12|0x00000000e0c00000, 0x00000000e0d00000, 0x00000000e0d00000|100%|HS|  |TAMS 0x00000000e0d00000, 0x00000000e0c00000| Complete 
|  13|0x00000000e0d00000, 0x00000000e0e00000, 0x00000000e0e00000|100%| O|  |TAMS 0x00000000e0d00000, 0x00000000e0d00000| Untracked 
|  14|0x00000000e0e00000, 0x00000000e0f00000, 0x00000000e0f00000|100%| O|  |TAMS 0x00000000e0e00000, 0x00000000e0e00000| Untracked 
|  15|0x00000000e0f00000, 0x00000000e1000000, 0x00000000e1000000|100%| O|  |TAMS 0x00000000e0f00000, 0x00000000e0f00000| Untracked 
|  16|0x00000000e1000000, 0x00000000e1100000, 0x00000000e1100000|100%| O|  |TAMS 0x00000000e1000000, 0x00000000e1000000| Untracked 
|  17|0x00000000e1100000, 0x00000000e1200000, 0x00000000e1200000|100%| O|  |TAMS 0x00000000e1100000, 0x00000000e1100000| Untracked 
|  18|0x00000000e1200000, 0x00000000e1300000, 0x00000000e1300000|100%| O|  |TAMS 0x00000000e1200000, 0x00000000e1200000| Untracked 
|  19|0x00000000e1300000, 0x00000000e1400000, 0x00000000e1400000|100%| O|  |TAMS 0x00000000e1300000, 0x00000000e1300000| Untracked 
|  20|0x00000000e1400000, 0x00000000e14ede00, 0x00000000e1500000| 92%| O|  |TAMS 0x00000000e1400000, 0x00000000e1400000| Untracked 
|  21|0x00000000e1500000, 0x00000000e1500000, 0x00000000e1600000|  0%| F|  |TAMS 0x00000000e1500000, 0x00000000e1500000| Untracked 
|  22|0x00000000e1600000, 0x00000000e1600000, 0x00000000e1700000|  0%| F|  |TAMS 0x00000000e1600000, 0x00000000e1600000| Untracked 
|  23|0x00000000e1700000, 0x00000000e1700000, 0x00000000e1800000|  0%| F|  |TAMS 0x00000000e1700000, 0x00000000e1700000| Untracked 
|  24|0x00000000e1800000, 0x00000000e1800000, 0x00000000e1900000|  0%| F|  |TAMS 0x00000000e1800000, 0x00000000e1800000| Untracked 
|  25|0x00000000e1900000, 0x00000000e1900000, 0x00000000e1a00000|  0%| F|  |TAMS 0x00000000e1900000, 0x00000000e1900000| Untracked 
|  26|0x00000000e1a00000, 0x00000000e1a00000, 0x00000000e1b00000|  0%| F|  |TAMS 0x00000000e1a00000, 0x00000000e1a00000| Untracked 
|  27|0x00000000e1b00000, 0x00000000e1b00000, 0x00000000e1c00000|  0%| F|  |TAMS 0x00000000e1b00000, 0x00000000e1b00000| Untracked 
|  28|0x00000000e1c00000, 0x00000000e1c00000, 0x00000000e1d00000|  0%| F|  |TAMS 0x00000000e1c00000, 0x00000000e1c00000| Untracked 
|  29|0x00000000e1d00000, 0x00000000e1d00000, 0x00000000e1e00000|  0%| F|  |TAMS 0x00000000e1d00000, 0x00000000e1d00000| Untracked 
|  30|0x00000000e1e00000, 0x00000000e1e00000, 0x00000000e1f00000|  0%| F|  |TAMS 0x00000000e1e00000, 0x00000000e1e00000| Untracked 
|  31|0x00000000e1f00000, 0x00000000e1f00000, 0x00000000e2000000|  0%| F|  |TAMS 0x00000000e1f00000, 0x00000000e1f00000| Untracked 
|  32|0x00000000e2000000, 0x00000000e2000000, 0x00000000e2100000|  0%| F|  |TAMS 0x00000000e2000000, 0x00000000e2000000| Untracked 
|  33|0x00000000e2100000, 0x00000000e2100000, 0x00000000e2200000|  0%| F|  |TAMS 0x00000000e2100000, 0x00000000e2100000| Untracked 
|  34|0x00000000e2200000, 0x00000000e2200000, 0x00000000e2300000|  0%| F|  |TAMS 0x00000000e2200000, 0x00000000e2200000| Untracked 
|  35|0x00000000e2300000, 0x00000000e2300000, 0x00000000e2400000|  0%| F|  |TAMS 0x00000000e2300000, 0x00000000e2300000| Untracked 
|  36|0x00000000e2400000, 0x00000000e2400000, 0x00000000e2500000|  0%| F|  |TAMS 0x00000000e2400000, 0x00000000e2400000| Untracked 
|  37|0x00000000e2500000, 0x00000000e2500000, 0x00000000e2600000|  0%| F|  |TAMS 0x00000000e2500000, 0x00000000e2500000| Untracked 
|  38|0x00000000e2600000, 0x00000000e2600000, 0x00000000e2700000|  0%| F|  |TAMS 0x00000000e2600000, 0x00000000e2600000| Untracked 
|  39|0x00000000e2700000, 0x00000000e2700000, 0x00000000e2800000|  0%| F|  |TAMS 0x00000000e2700000, 0x00000000e2700000| Untracked 
|  40|0x00000000e2800000, 0x00000000e2800000, 0x00000000e2900000|  0%| F|  |TAMS 0x00000000e2800000, 0x00000000e2800000| Untracked 
|  41|0x00000000e2900000, 0x00000000e2900000, 0x00000000e2a00000|  0%| F|  |TAMS 0x00000000e2900000, 0x00000000e2900000| Untracked 
|  42|0x00000000e2a00000, 0x00000000e2a00000, 0x00000000e2b00000|  0%| F|  |TAMS 0x00000000e2a00000, 0x00000000e2a00000| Untracked 
|  43|0x00000000e2b00000, 0x00000000e2b00000, 0x00000000e2c00000|  0%| F|  |TAMS 0x00000000e2b00000, 0x00000000e2b00000| Untracked 
|  44|0x00000000e2c00000, 0x00000000e2c00000, 0x00000000e2d00000|  0%| F|  |TAMS 0x00000000e2c00000, 0x00000000e2c00000| Untracked 
|  45|0x00000000e2d00000, 0x00000000e2d00000, 0x00000000e2e00000|  0%| F|  |TAMS 0x00000000e2d00000, 0x00000000e2d00000| Untracked 
|  46|0x00000000e2e00000, 0x00000000e2e00000, 0x00000000e2f00000|  0%| F|  |TAMS 0x00000000e2e00000, 0x00000000e2e00000| Untracked 
|  47|0x00000000e2f00000, 0x00000000e2f00000, 0x00000000e3000000|  0%| F|  |TAMS 0x00000000e2f00000, 0x00000000e2f00000| Untracked 
|  48|0x00000000e3000000, 0x00000000e3000000, 0x00000000e3100000|  0%| F|  |TAMS 0x00000000e3000000, 0x00000000e3000000| Untracked 
|  49|0x00000000e3100000, 0x00000000e3100000, 0x00000000e3200000|  0%| F|  |TAMS 0x00000000e3100000, 0x00000000e3100000| Untracked 
|  50|0x00000000e3200000, 0x00000000e3200000, 0x00000000e3300000|  0%| F|  |TAMS 0x00000000e3200000, 0x00000000e3200000| Untracked 
|  51|0x00000000e3300000, 0x00000000e3300000, 0x00000000e3400000|  0%| F|  |TAMS 0x00000000e3300000, 0x00000000e3300000| Untracked 
|  52|0x00000000e3400000, 0x00000000e3400000, 0x00000000e3500000|  0%| F|  |TAMS 0x00000000e3400000, 0x00000000e3400000| Untracked 
|  53|0x00000000e3500000, 0x00000000e3500000, 0x00000000e3600000|  0%| F|  |TAMS 0x00000000e3500000, 0x00000000e3500000| Untracked 
|  54|0x00000000e3600000, 0x00000000e3600000, 0x00000000e3700000|  0%| F|  |TAMS 0x00000000e3600000, 0x00000000e3600000| Untracked 
|  55|0x00000000e3700000, 0x00000000e3700000, 0x00000000e3800000|  0%| F|  |TAMS 0x00000000e3700000, 0x00000000e3700000| Untracked 
|  56|0x00000000e3800000, 0x00000000e3800000, 0x00000000e3900000|  0%| F|  |TAMS 0x00000000e3800000, 0x00000000e3800000| Untracked 
|  57|0x00000000e3900000, 0x00000000e3900000, 0x00000000e3a00000|  0%| F|  |TAMS 0x00000000e3900000, 0x00000000e3900000| Untracked 
|  58|0x00000000e3a00000, 0x00000000e3a00000, 0x00000000e3b00000|  0%| F|  |TAMS 0x00000000e3a00000, 0x00000000e3a00000| Untracked 
|  59|0x00000000e3b00000, 0x00000000e3b00000, 0x00000000e3c00000|  0%| F|  |TAMS 0x00000000e3b00000, 0x00000000e3b00000| Untracked 
|  60|0x00000000e3c00000, 0x00000000e3c00000, 0x00000000e3d00000|  0%| F|  |TAMS 0x00000000e3c00000, 0x00000000e3c00000| Untracked 
|  61|0x00000000e3d00000, 0x00000000e3d00000, 0x00000000e3e00000|  0%| F|  |TAMS 0x00000000e3d00000, 0x00000000e3d00000| Untracked 
|  62|0x00000000e3e00000, 0x00000000e3e00000, 0x00000000e3f00000|  0%| F|  |TAMS 0x00000000e3e00000, 0x00000000e3e00000| Untracked 
|  63|0x00000000e3f00000, 0x00000000e3f00000, 0x00000000e4000000|  0%| F|  |TAMS 0x00000000e3f00000, 0x00000000e3f00000| Untracked 
|  64|0x00000000e4000000, 0x00000000e4000000, 0x00000000e4100000|  0%| F|  |TAMS 0x00000000e4000000, 0x00000000e4000000| Untracked 
|  65|0x00000000e4100000, 0x00000000e4100000, 0x00000000e4200000|  0%| F|  |TAMS 0x00000000e4100000, 0x00000000e4100000| Untracked 
|  66|0x00000000e4200000, 0x00000000e4200000, 0x00000000e4300000|  0%| F|  |TAMS 0x00000000e4200000, 0x00000000e4200000| Untracked 
|  67|0x00000000e4300000, 0x00000000e4300000, 0x00000000e4400000|  0%| F|  |TAMS 0x00000000e4300000, 0x00000000e4300000| Untracked 
|  68|0x00000000e4400000, 0x00000000e4400000, 0x00000000e4500000|  0%| F|  |TAMS 0x00000000e4400000, 0x00000000e4400000| Untracked 
|  69|0x00000000e4500000, 0x00000000e4500000, 0x00000000e4600000|  0%| F|  |TAMS 0x00000000e4500000, 0x00000000e4500000| Untracked 
|  70|0x00000000e4600000, 0x00000000e4600000, 0x00000000e4700000|  0%| F|  |TAMS 0x00000000e4600000, 0x00000000e4600000| Untracked 
|  71|0x00000000e4700000, 0x00000000e4700000, 0x00000000e4800000|  0%| F|  |TAMS 0x00000000e4700000, 0x00000000e4700000| Untracked 
|  72|0x00000000e4800000, 0x00000000e4800000, 0x00000000e4900000|  0%| F|  |TAMS 0x00000000e4800000, 0x00000000e4800000| Untracked 
|  73|0x00000000e4900000, 0x00000000e4900000, 0x00000000e4a00000|  0%| F|  |TAMS 0x00000000e4900000, 0x00000000e4900000| Untracked 
|  74|0x00000000e4a00000, 0x00000000e4a00000, 0x00000000e4b00000|  0%| F|  |TAMS 0x00000000e4a00000, 0x00000000e4a00000| Untracked 
|  75|0x00000000e4b00000, 0x00000000e4b00000, 0x00000000e4c00000|  0%| F|  |TAMS 0x00000000e4b00000, 0x00000000e4b00000| Untracked 
|  76|0x00000000e4c00000, 0x00000000e4c00000, 0x00000000e4d00000|  0%| F|  |TAMS 0x00000000e4c00000, 0x00000000e4c00000| Untracked 
|  77|0x00000000e4d00000, 0x00000000e4d00000, 0x00000000e4e00000|  0%| F|  |TAMS 0x00000000e4d00000, 0x00000000e4d00000| Untracked 
|  78|0x00000000e4e00000, 0x00000000e4e00000, 0x00000000e4f00000|  0%| F|  |TAMS 0x00000000e4e00000, 0x00000000e4e00000| Untracked 
|  79|0x00000000e4f00000, 0x00000000e4f00000, 0x00000000e5000000|  0%| F|  |TAMS 0x00000000e4f00000, 0x00000000e4f00000| Untracked 
|  80|0x00000000e5000000, 0x00000000e5000000, 0x00000000e5100000|  0%| F|  |TAMS 0x00000000e5000000, 0x00000000e5000000| Untracked 
|  81|0x00000000e5100000, 0x00000000e5100000, 0x00000000e5200000|  0%| F|  |TAMS 0x00000000e5100000, 0x00000000e5100000| Untracked 
|  82|0x00000000e5200000, 0x00000000e5200000, 0x00000000e5300000|  0%| F|  |TAMS 0x00000000e5200000, 0x00000000e5200000| Untracked 
|  83|0x00000000e5300000, 0x00000000e5300000, 0x00000000e5400000|  0%| F|  |TAMS 0x00000000e5300000, 0x00000000e5300000| Untracked 
|  84|0x00000000e5400000, 0x00000000e54d7fd0, 0x00000000e5500000| 84%| S|CS|TAMS 0x00000000e5400000, 0x00000000e5400000| Complete 
|  85|0x00000000e5500000, 0x00000000e5600000, 0x00000000e5600000|100%| S|CS|TAMS 0x00000000e5500000, 0x00000000e5500000| Complete 
|  86|0x00000000e5600000, 0x00000000e5700000, 0x00000000e5700000|100%| S|CS|TAMS 0x00000000e5600000, 0x00000000e5600000| Complete 
|  87|0x00000000e5700000, 0x00000000e5800000, 0x00000000e5800000|100%| S|CS|TAMS 0x00000000e5700000, 0x00000000e5700000| Complete 
|  88|0x00000000e5800000, 0x00000000e5900000, 0x00000000e5900000|100%| S|CS|TAMS 0x00000000e5800000, 0x00000000e5800000| Complete 
|  89|0x00000000e5900000, 0x00000000e5a00000, 0x00000000e5a00000|100%| S|CS|TAMS 0x00000000e5900000, 0x00000000e5900000| Complete 
|  90|0x00000000e5a00000, 0x00000000e5b00000, 0x00000000e5b00000|100%| S|CS|TAMS 0x00000000e5a00000, 0x00000000e5a00000| Complete 
|  91|0x00000000e5b00000, 0x00000000e5c00000, 0x00000000e5c00000|100%| S|CS|TAMS 0x00000000e5b00000, 0x00000000e5b00000| Complete 
|  92|0x00000000e5c00000, 0x00000000e5d00000, 0x00000000e5d00000|100%| S|CS|TAMS 0x00000000e5c00000, 0x00000000e5c00000| Complete 
|  93|0x00000000e5d00000, 0x00000000e5e00000, 0x00000000e5e00000|100%| S|CS|TAMS 0x00000000e5d00000, 0x00000000e5d00000| Complete 
|  94|0x00000000e5e00000, 0x00000000e5f00000, 0x00000000e5f00000|100%| S|CS|TAMS 0x00000000e5e00000, 0x00000000e5e00000| Complete 
|  95|0x00000000e5f00000, 0x00000000e6000000, 0x00000000e6000000|100%| S|CS|TAMS 0x00000000e5f00000, 0x00000000e5f00000| Complete 
|  96|0x00000000e6000000, 0x00000000e6100000, 0x00000000e6100000|100%| S|CS|TAMS 0x00000000e6000000, 0x00000000e6000000| Complete 
|  97|0x00000000e6100000, 0x00000000e6200000, 0x00000000e6200000|100%| S|CS|TAMS 0x00000000e6100000, 0x00000000e6100000| Complete 
|  98|0x00000000e6200000, 0x00000000e6300000, 0x00000000e6300000|100%| S|CS|TAMS 0x00000000e6200000, 0x00000000e6200000| Complete 
|  99|0x00000000e6300000, 0x00000000e6400000, 0x00000000e6400000|100%| S|CS|TAMS 0x00000000e6300000, 0x00000000e6300000| Complete 
| 100|0x00000000e6400000, 0x00000000e6500000, 0x00000000e6500000|100%| S|CS|TAMS 0x00000000e6400000, 0x00000000e6400000| Complete 
| 101|0x00000000e6500000, 0x00000000e6600000, 0x00000000e6600000|100%| S|CS|TAMS 0x00000000e6500000, 0x00000000e6500000| Complete 
| 102|0x00000000e6600000, 0x00000000e6700000, 0x00000000e6700000|100%| S|CS|TAMS 0x00000000e6600000, 0x00000000e6600000| Complete 
| 103|0x00000000e6700000, 0x00000000e6700000, 0x00000000e6800000|  0%| F|  |TAMS 0x00000000e6700000, 0x00000000e6700000| Untracked 
| 104|0x00000000e6800000, 0x00000000e6800000, 0x00000000e6900000|  0%| F|  |TAMS 0x00000000e6800000, 0x00000000e6800000| Untracked 
| 105|0x00000000e6900000, 0x00000000e6900000, 0x00000000e6a00000|  0%| F|  |TAMS 0x00000000e6900000, 0x00000000e6900000| Untracked 
| 106|0x00000000e6a00000, 0x00000000e6a00000, 0x00000000e6b00000|  0%| F|  |TAMS 0x00000000e6a00000, 0x00000000e6a00000| Untracked 
| 107|0x00000000e6b00000, 0x00000000e6b00000, 0x00000000e6c00000|  0%| F|  |TAMS 0x00000000e6b00000, 0x00000000e6b00000| Untracked 
| 108|0x00000000e6c00000, 0x00000000e6c00000, 0x00000000e6d00000|  0%| F|  |TAMS 0x00000000e6c00000, 0x00000000e6c00000| Untracked 
| 109|0x00000000e6d00000, 0x00000000e6d00000, 0x00000000e6e00000|  0%| F|  |TAMS 0x00000000e6d00000, 0x00000000e6d00000| Untracked 
| 110|0x00000000e6e00000, 0x00000000e6e00000, 0x00000000e6f00000|  0%| F|  |TAMS 0x00000000e6e00000, 0x00000000e6e00000| Untracked 
| 111|0x00000000e6f00000, 0x00000000e6f00000, 0x00000000e7000000|  0%| F|  |TAMS 0x00000000e6f00000, 0x00000000e6f00000| Untracked 
| 112|0x00000000e7000000, 0x00000000e7000000, 0x00000000e7100000|  0%| F|  |TAMS 0x00000000e7000000, 0x00000000e7000000| Untracked 
| 113|0x00000000e7100000, 0x00000000e7100000, 0x00000000e7200000|  0%| F|  |TAMS 0x00000000e7100000, 0x00000000e7100000| Untracked 
| 114|0x00000000e7200000, 0x00000000e7200000, 0x00000000e7300000|  0%| F|  |TAMS 0x00000000e7200000, 0x00000000e7200000| Untracked 
| 115|0x00000000e7300000, 0x00000000e7300000, 0x00000000e7400000|  0%| F|  |TAMS 0x00000000e7300000, 0x00000000e7300000| Untracked 
| 116|0x00000000e7400000, 0x00000000e7400000, 0x00000000e7500000|  0%| F|  |TAMS 0x00000000e7400000, 0x00000000e7400000| Untracked 
| 117|0x00000000e7500000, 0x00000000e7500000, 0x00000000e7600000|  0%| F|  |TAMS 0x00000000e7500000, 0x00000000e7500000| Untracked 
| 118|0x00000000e7600000, 0x00000000e7600000, 0x00000000e7700000|  0%| F|  |TAMS 0x00000000e7600000, 0x00000000e7600000| Untracked 
| 119|0x00000000e7700000, 0x00000000e7700000, 0x00000000e7800000|  0%| F|  |TAMS 0x00000000e7700000, 0x00000000e7700000| Untracked 
| 120|0x00000000e7800000, 0x00000000e7800000, 0x00000000e7900000|  0%| F|  |TAMS 0x00000000e7800000, 0x00000000e7800000| Untracked 
| 121|0x00000000e7900000, 0x00000000e7900000, 0x00000000e7a00000|  0%| F|  |TAMS 0x00000000e7900000, 0x00000000e7900000| Untracked 
| 122|0x00000000e7a00000, 0x00000000e7a00000, 0x00000000e7b00000|  0%| F|  |TAMS 0x00000000e7a00000, 0x00000000e7a00000| Untracked 
| 123|0x00000000e7b00000, 0x00000000e7b00000, 0x00000000e7c00000|  0%| F|  |TAMS 0x00000000e7b00000, 0x00000000e7b00000| Untracked 
| 124|0x00000000e7c00000, 0x00000000e7c00000, 0x00000000e7d00000|  0%| F|  |TAMS 0x00000000e7c00000, 0x00000000e7c00000| Untracked 
| 125|0x00000000e7d00000, 0x00000000e7d00000, 0x00000000e7e00000|  0%| F|  |TAMS 0x00000000e7d00000, 0x00000000e7d00000| Untracked 
| 126|0x00000000e7e00000, 0x00000000e7e00000, 0x00000000e7f00000|  0%| F|  |TAMS 0x00000000e7e00000, 0x00000000e7e00000| Untracked 
| 127|0x00000000e7f00000, 0x00000000e7f00000, 0x00000000e8000000|  0%| F|  |TAMS 0x00000000e7f00000, 0x00000000e7f00000| Untracked 
| 128|0x00000000e8000000, 0x00000000e8000000, 0x00000000e8100000|  0%| F|  |TAMS 0x00000000e8000000, 0x00000000e8000000| Untracked 
| 129|0x00000000e8100000, 0x00000000e8100000, 0x00000000e8200000|  0%| F|  |TAMS 0x00000000e8100000, 0x00000000e8100000| Untracked 
| 130|0x00000000e8200000, 0x00000000e8200000, 0x00000000e8300000|  0%| F|  |TAMS 0x00000000e8200000, 0x00000000e8200000| Untracked 
| 131|0x00000000e8300000, 0x00000000e8300000, 0x00000000e8400000|  0%| F|  |TAMS 0x00000000e8300000, 0x00000000e8300000| Untracked 
| 132|0x00000000e8400000, 0x00000000e8400000, 0x00000000e8500000|  0%| F|  |TAMS 0x00000000e8400000, 0x00000000e8400000| Untracked 
| 133|0x00000000e8500000, 0x00000000e8500000, 0x00000000e8600000|  0%| F|  |TAMS 0x00000000e8500000, 0x00000000e8500000| Untracked 
| 134|0x00000000e8600000, 0x00000000e8600000, 0x00000000e8700000|  0%| F|  |TAMS 0x00000000e8600000, 0x00000000e8600000| Untracked 
| 135|0x00000000e8700000, 0x00000000e8700000, 0x00000000e8800000|  0%| F|  |TAMS 0x00000000e8700000, 0x00000000e8700000| Untracked 
| 136|0x00000000e8800000, 0x00000000e8800000, 0x00000000e8900000|  0%| F|  |TAMS 0x00000000e8800000, 0x00000000e8800000| Untracked 
| 137|0x00000000e8900000, 0x00000000e8900000, 0x00000000e8a00000|  0%| F|  |TAMS 0x00000000e8900000, 0x00000000e8900000| Untracked 
| 138|0x00000000e8a00000, 0x00000000e8a00000, 0x00000000e8b00000|  0%| F|  |TAMS 0x00000000e8a00000, 0x00000000e8a00000| Untracked 
| 139|0x00000000e8b00000, 0x00000000e8b00000, 0x00000000e8c00000|  0%| F|  |TAMS 0x00000000e8b00000, 0x00000000e8b00000| Untracked 
| 140|0x00000000e8c00000, 0x00000000e8c00000, 0x00000000e8d00000|  0%| F|  |TAMS 0x00000000e8c00000, 0x00000000e8c00000| Untracked 
| 141|0x00000000e8d00000, 0x00000000e8d00000, 0x00000000e8e00000|  0%| F|  |TAMS 0x00000000e8d00000, 0x00000000e8d00000| Untracked 
| 142|0x00000000e8e00000, 0x00000000e8e00000, 0x00000000e8f00000|  0%| F|  |TAMS 0x00000000e8e00000, 0x00000000e8e00000| Untracked 
| 143|0x00000000e8f00000, 0x00000000e8f00000, 0x00000000e9000000|  0%| F|  |TAMS 0x00000000e8f00000, 0x00000000e8f00000| Untracked 
| 144|0x00000000e9000000, 0x00000000e9000000, 0x00000000e9100000|  0%| F|  |TAMS 0x00000000e9000000, 0x00000000e9000000| Untracked 
| 145|0x00000000e9100000, 0x00000000e9100000, 0x00000000e9200000|  0%| F|  |TAMS 0x00000000e9100000, 0x00000000e9100000| Untracked 
| 146|0x00000000e9200000, 0x00000000e9200000, 0x00000000e9300000|  0%| F|  |TAMS 0x00000000e9200000, 0x00000000e9200000| Untracked 
| 147|0x00000000e9300000, 0x00000000e9300000, 0x00000000e9400000|  0%| F|  |TAMS 0x00000000e9300000, 0x00000000e9300000| Untracked 
| 148|0x00000000e9400000, 0x00000000e9400000, 0x00000000e9500000|  0%| F|  |TAMS 0x00000000e9400000, 0x00000000e9400000| Untracked 
| 149|0x00000000e9500000, 0x00000000e9500000, 0x00000000e9600000|  0%| F|  |TAMS 0x00000000e9500000, 0x00000000e9500000| Untracked 
| 150|0x00000000e9600000, 0x00000000e9600000, 0x00000000e9700000|  0%| F|  |TAMS 0x00000000e9600000, 0x00000000e9600000| Untracked 
| 151|0x00000000e9700000, 0x00000000e9700000, 0x00000000e9800000|  0%| F|  |TAMS 0x00000000e9700000, 0x00000000e9700000| Untracked 
| 152|0x00000000e9800000, 0x00000000e9800000, 0x00000000e9900000|  0%| F|  |TAMS 0x00000000e9800000, 0x00000000e9800000| Untracked 
| 153|0x00000000e9900000, 0x00000000e9900000, 0x00000000e9a00000|  0%| F|  |TAMS 0x00000000e9900000, 0x00000000e9900000| Untracked 
| 154|0x00000000e9a00000, 0x00000000e9a00000, 0x00000000e9b00000|  0%| F|  |TAMS 0x00000000e9a00000, 0x00000000e9a00000| Untracked 
| 155|0x00000000e9b00000, 0x00000000e9b00000, 0x00000000e9c00000|  0%| F|  |TAMS 0x00000000e9b00000, 0x00000000e9b00000| Untracked 
| 156|0x00000000e9c00000, 0x00000000e9c00000, 0x00000000e9d00000|  0%| F|  |TAMS 0x00000000e9c00000, 0x00000000e9c00000| Untracked 
| 157|0x00000000e9d00000, 0x00000000e9d00000, 0x00000000e9e00000|  0%| F|  |TAMS 0x00000000e9d00000, 0x00000000e9d00000| Untracked 
| 158|0x00000000e9e00000, 0x00000000e9e00000, 0x00000000e9f00000|  0%| F|  |TAMS 0x00000000e9e00000, 0x00000000e9e00000| Untracked 
| 159|0x00000000e9f00000, 0x00000000e9f00000, 0x00000000ea000000|  0%| F|  |TAMS 0x00000000e9f00000, 0x00000000e9f00000| Untracked 
| 160|0x00000000ea000000, 0x00000000ea000000, 0x00000000ea100000|  0%| F|  |TAMS 0x00000000ea000000, 0x00000000ea000000| Untracked 
| 161|0x00000000ea100000, 0x00000000ea100000, 0x00000000ea200000|  0%| F|  |TAMS 0x00000000ea100000, 0x00000000ea100000| Untracked 
| 162|0x00000000ea200000, 0x00000000ea200000, 0x00000000ea300000|  0%| F|  |TAMS 0x00000000ea200000, 0x00000000ea200000| Untracked 
| 163|0x00000000ea300000, 0x00000000ea300000, 0x00000000ea400000|  0%| F|  |TAMS 0x00000000ea300000, 0x00000000ea300000| Untracked 
| 164|0x00000000ea400000, 0x00000000ea400000, 0x00000000ea500000|  0%| F|  |TAMS 0x00000000ea400000, 0x00000000ea400000| Untracked 
| 165|0x00000000ea500000, 0x00000000ea500000, 0x00000000ea600000|  0%| F|  |TAMS 0x00000000ea500000, 0x00000000ea500000| Untracked 
| 166|0x00000000ea600000, 0x00000000ea600000, 0x00000000ea700000|  0%| F|  |TAMS 0x00000000ea600000, 0x00000000ea600000| Untracked 
| 167|0x00000000ea700000, 0x00000000ea700000, 0x00000000ea800000|  0%| F|  |TAMS 0x00000000ea700000, 0x00000000ea700000| Untracked 
| 168|0x00000000ea800000, 0x00000000ea800000, 0x00000000ea900000|  0%| F|  |TAMS 0x00000000ea800000, 0x00000000ea800000| Untracked 
| 169|0x00000000ea900000, 0x00000000ea900000, 0x00000000eaa00000|  0%| F|  |TAMS 0x00000000ea900000, 0x00000000ea900000| Untracked 
| 170|0x00000000eaa00000, 0x00000000eaa00000, 0x00000000eab00000|  0%| F|  |TAMS 0x00000000eaa00000, 0x00000000eaa00000| Untracked 
| 171|0x00000000eab00000, 0x00000000eab00000, 0x00000000eac00000|  0%| F|  |TAMS 0x00000000eab00000, 0x00000000eab00000| Untracked 
| 172|0x00000000eac00000, 0x00000000eac00000, 0x00000000ead00000|  0%| F|  |TAMS 0x00000000eac00000, 0x00000000eac00000| Untracked 
| 173|0x00000000ead00000, 0x00000000ead00000, 0x00000000eae00000|  0%| F|  |TAMS 0x00000000ead00000, 0x00000000ead00000| Untracked 
| 174|0x00000000eae00000, 0x00000000eae00000, 0x00000000eaf00000|  0%| F|  |TAMS 0x00000000eae00000, 0x00000000eae00000| Untracked 
| 175|0x00000000eaf00000, 0x00000000eaf00000, 0x00000000eb000000|  0%| F|  |TAMS 0x00000000eaf00000, 0x00000000eaf00000| Untracked 
| 176|0x00000000eb000000, 0x00000000eb000000, 0x00000000eb100000|  0%| F|  |TAMS 0x00000000eb000000, 0x00000000eb000000| Untracked 
| 177|0x00000000eb100000, 0x00000000eb100000, 0x00000000eb200000|  0%| F|  |TAMS 0x00000000eb100000, 0x00000000eb100000| Untracked 
| 178|0x00000000eb200000, 0x00000000eb200000, 0x00000000eb300000|  0%| F|  |TAMS 0x00000000eb200000, 0x00000000eb200000| Untracked 
| 179|0x00000000eb300000, 0x00000000eb300000, 0x00000000eb400000|  0%| F|  |TAMS 0x00000000eb300000, 0x00000000eb300000| Untracked 
| 180|0x00000000eb400000, 0x00000000eb400000, 0x00000000eb500000|  0%| F|  |TAMS 0x00000000eb400000, 0x00000000eb400000| Untracked 
| 181|0x00000000eb500000, 0x00000000eb500000, 0x00000000eb600000|  0%| F|  |TAMS 0x00000000eb500000, 0x00000000eb500000| Untracked 
| 182|0x00000000eb600000, 0x00000000eb600000, 0x00000000eb700000|  0%| F|  |TAMS 0x00000000eb600000, 0x00000000eb600000| Untracked 
| 183|0x00000000eb700000, 0x00000000eb700000, 0x00000000eb800000|  0%| F|  |TAMS 0x00000000eb700000, 0x00000000eb700000| Untracked 
| 184|0x00000000eb800000, 0x00000000eb800000, 0x00000000eb900000|  0%| F|  |TAMS 0x00000000eb800000, 0x00000000eb800000| Untracked 
| 185|0x00000000eb900000, 0x00000000eb900000, 0x00000000eba00000|  0%| F|  |TAMS 0x00000000eb900000, 0x00000000eb900000| Untracked 
| 186|0x00000000eba00000, 0x00000000eba00000, 0x00000000ebb00000|  0%| F|  |TAMS 0x00000000eba00000, 0x00000000eba00000| Untracked 
| 187|0x00000000ebb00000, 0x00000000ebb00000, 0x00000000ebc00000|  0%| F|  |TAMS 0x00000000ebb00000, 0x00000000ebb00000| Untracked 
| 188|0x00000000ebc00000, 0x00000000ebc00000, 0x00000000ebd00000|  0%| F|  |TAMS 0x00000000ebc00000, 0x00000000ebc00000| Untracked 
| 189|0x00000000ebd00000, 0x00000000ebd00000, 0x00000000ebe00000|  0%| F|  |TAMS 0x00000000ebd00000, 0x00000000ebd00000| Untracked 
| 190|0x00000000ebe00000, 0x00000000ebe00000, 0x00000000ebf00000|  0%| F|  |TAMS 0x00000000ebe00000, 0x00000000ebe00000| Untracked 
| 191|0x00000000ebf00000, 0x00000000ebf00000, 0x00000000ec000000|  0%| F|  |TAMS 0x00000000ebf00000, 0x00000000ebf00000| Untracked 
| 192|0x00000000ec000000, 0x00000000ec000000, 0x00000000ec100000|  0%| F|  |TAMS 0x00000000ec000000, 0x00000000ec000000| Untracked 
| 193|0x00000000ec100000, 0x00000000ec100000, 0x00000000ec200000|  0%| F|  |TAMS 0x00000000ec100000, 0x00000000ec100000| Untracked 
| 194|0x00000000ec200000, 0x00000000ec200000, 0x00000000ec300000|  0%| F|  |TAMS 0x00000000ec200000, 0x00000000ec200000| Untracked 
| 195|0x00000000ec300000, 0x00000000ec300000, 0x00000000ec400000|  0%| F|  |TAMS 0x00000000ec300000, 0x00000000ec300000| Untracked 
| 196|0x00000000ec400000, 0x00000000ec400000, 0x00000000ec500000|  0%| F|  |TAMS 0x00000000ec400000, 0x00000000ec400000| Untracked 
| 197|0x00000000ec500000, 0x00000000ec500000, 0x00000000ec600000|  0%| F|  |TAMS 0x00000000ec500000, 0x00000000ec500000| Untracked 
| 198|0x00000000ec600000, 0x00000000ec600000, 0x00000000ec700000|  0%| F|  |TAMS 0x00000000ec600000, 0x00000000ec600000| Untracked 
| 199|0x00000000ec700000, 0x00000000ec700000, 0x00000000ec800000|  0%| F|  |TAMS 0x00000000ec700000, 0x00000000ec700000| Untracked 
| 200|0x00000000ec800000, 0x00000000ec800000, 0x00000000ec900000|  0%| F|  |TAMS 0x00000000ec800000, 0x00000000ec800000| Untracked 
| 201|0x00000000ec900000, 0x00000000ec900000, 0x00000000eca00000|  0%| F|  |TAMS 0x00000000ec900000, 0x00000000ec900000| Untracked 
| 202|0x00000000eca00000, 0x00000000eca00000, 0x00000000ecb00000|  0%| F|  |TAMS 0x00000000eca00000, 0x00000000eca00000| Untracked 
| 203|0x00000000ecb00000, 0x00000000ecb00000, 0x00000000ecc00000|  0%| F|  |TAMS 0x00000000ecb00000, 0x00000000ecb00000| Untracked 
| 204|0x00000000ecc00000, 0x00000000ecc00000, 0x00000000ecd00000|  0%| F|  |TAMS 0x00000000ecc00000, 0x00000000ecc00000| Untracked 
| 205|0x00000000ecd00000, 0x00000000ecd00000, 0x00000000ece00000|  0%| F|  |TAMS 0x00000000ecd00000, 0x00000000ecd00000| Untracked 
| 206|0x00000000ece00000, 0x00000000ece00000, 0x00000000ecf00000|  0%| F|  |TAMS 0x00000000ece00000, 0x00000000ece00000| Untracked 
| 207|0x00000000ecf00000, 0x00000000ecf00000, 0x00000000ed000000|  0%| F|  |TAMS 0x00000000ecf00000, 0x00000000ecf00000| Untracked 
| 208|0x00000000ed000000, 0x00000000ed000000, 0x00000000ed100000|  0%| F|  |TAMS 0x00000000ed000000, 0x00000000ed000000| Untracked 
| 209|0x00000000ed100000, 0x00000000ed100000, 0x00000000ed200000|  0%| F|  |TAMS 0x00000000ed100000, 0x00000000ed100000| Untracked 
| 210|0x00000000ed200000, 0x00000000ed200000, 0x00000000ed300000|  0%| F|  |TAMS 0x00000000ed200000, 0x00000000ed200000| Untracked 
| 211|0x00000000ed300000, 0x00000000ed300000, 0x00000000ed400000|  0%| F|  |TAMS 0x00000000ed300000, 0x00000000ed300000| Untracked 
| 212|0x00000000ed400000, 0x00000000ed400000, 0x00000000ed500000|  0%| F|  |TAMS 0x00000000ed400000, 0x00000000ed400000| Untracked 
| 213|0x00000000ed500000, 0x00000000ed500000, 0x00000000ed600000|  0%| F|  |TAMS 0x00000000ed500000, 0x00000000ed500000| Untracked 
| 214|0x00000000ed600000, 0x00000000ed600000, 0x00000000ed700000|  0%| F|  |TAMS 0x00000000ed600000, 0x00000000ed600000| Untracked 
| 215|0x00000000ed700000, 0x00000000ed700000, 0x00000000ed800000|  0%| F|  |TAMS 0x00000000ed700000, 0x00000000ed700000| Untracked 
| 216|0x00000000ed800000, 0x00000000ed800000, 0x00000000ed900000|  0%| F|  |TAMS 0x00000000ed800000, 0x00000000ed800000| Untracked 
| 217|0x00000000ed900000, 0x00000000ed900000, 0x00000000eda00000|  0%| F|  |TAMS 0x00000000ed900000, 0x00000000ed900000| Untracked 
| 218|0x00000000eda00000, 0x00000000eda00000, 0x00000000edb00000|  0%| F|  |TAMS 0x00000000eda00000, 0x00000000eda00000| Untracked 
| 219|0x00000000edb00000, 0x00000000edb00000, 0x00000000edc00000|  0%| F|  |TAMS 0x00000000edb00000, 0x00000000edb00000| Untracked 
| 220|0x00000000edc00000, 0x00000000edc00000, 0x00000000edd00000|  0%| F|  |TAMS 0x00000000edc00000, 0x00000000edc00000| Untracked 
| 221|0x00000000edd00000, 0x00000000edd00000, 0x00000000ede00000|  0%| F|  |TAMS 0x00000000edd00000, 0x00000000edd00000| Untracked 
| 222|0x00000000ede00000, 0x00000000ede00000, 0x00000000edf00000|  0%| F|  |TAMS 0x00000000ede00000, 0x00000000ede00000| Untracked 
| 223|0x00000000edf00000, 0x00000000edf00000, 0x00000000ee000000|  0%| F|  |TAMS 0x00000000edf00000, 0x00000000edf00000| Untracked 
| 224|0x00000000ee000000, 0x00000000ee000000, 0x00000000ee100000|  0%| F|  |TAMS 0x00000000ee000000, 0x00000000ee000000| Untracked 
| 225|0x00000000ee100000, 0x00000000ee100000, 0x00000000ee200000|  0%| F|  |TAMS 0x00000000ee100000, 0x00000000ee100000| Untracked 
| 226|0x00000000ee200000, 0x00000000ee200000, 0x00000000ee300000|  0%| F|  |TAMS 0x00000000ee200000, 0x00000000ee200000| Untracked 
| 227|0x00000000ee300000, 0x00000000ee300000, 0x00000000ee400000|  0%| F|  |TAMS 0x00000000ee300000, 0x00000000ee300000| Untracked 
| 228|0x00000000ee400000, 0x00000000ee400000, 0x00000000ee500000|  0%| F|  |TAMS 0x00000000ee400000, 0x00000000ee400000| Untracked 
| 229|0x00000000ee500000, 0x00000000ee500000, 0x00000000ee600000|  0%| F|  |TAMS 0x00000000ee500000, 0x00000000ee500000| Untracked 
| 230|0x00000000ee600000, 0x00000000ee600000, 0x00000000ee700000|  0%| F|  |TAMS 0x00000000ee600000, 0x00000000ee600000| Untracked 
| 231|0x00000000ee700000, 0x00000000ee700000, 0x00000000ee800000|  0%| F|  |TAMS 0x00000000ee700000, 0x00000000ee700000| Untracked 
| 232|0x00000000ee800000, 0x00000000ee800000, 0x00000000ee900000|  0%| F|  |TAMS 0x00000000ee800000, 0x00000000ee800000| Untracked 
| 233|0x00000000ee900000, 0x00000000ee900000, 0x00000000eea00000|  0%| F|  |TAMS 0x00000000ee900000, 0x00000000ee900000| Untracked 
| 234|0x00000000eea00000, 0x00000000eea00000, 0x00000000eeb00000|  0%| F|  |TAMS 0x00000000eea00000, 0x00000000eea00000| Untracked 
| 235|0x00000000eeb00000, 0x00000000eeb00000, 0x00000000eec00000|  0%| F|  |TAMS 0x00000000eeb00000, 0x00000000eeb00000| Untracked 
| 236|0x00000000eec00000, 0x00000000eec00000, 0x00000000eed00000|  0%| F|  |TAMS 0x00000000eec00000, 0x00000000eec00000| Untracked 
| 237|0x00000000eed00000, 0x00000000eed00000, 0x00000000eee00000|  0%| F|  |TAMS 0x00000000eed00000, 0x00000000eed00000| Untracked 
| 238|0x00000000eee00000, 0x00000000eee00000, 0x00000000eef00000|  0%| F|  |TAMS 0x00000000eee00000, 0x00000000eee00000| Untracked 
| 239|0x00000000eef00000, 0x00000000eef00000, 0x00000000ef000000|  0%| F|  |TAMS 0x00000000eef00000, 0x00000000eef00000| Untracked 
| 240|0x00000000ef000000, 0x00000000ef000000, 0x00000000ef100000|  0%| F|  |TAMS 0x00000000ef000000, 0x00000000ef000000| Untracked 
| 241|0x00000000ef100000, 0x00000000ef100000, 0x00000000ef200000|  0%| F|  |TAMS 0x00000000ef100000, 0x00000000ef100000| Untracked 
| 242|0x00000000ef200000, 0x00000000ef200000, 0x00000000ef300000|  0%| F|  |TAMS 0x00000000ef200000, 0x00000000ef200000| Untracked 
| 243|0x00000000ef300000, 0x00000000ef300000, 0x00000000ef400000|  0%| F|  |TAMS 0x00000000ef300000, 0x00000000ef300000| Untracked 
| 244|0x00000000ef400000, 0x00000000ef400000, 0x00000000ef500000|  0%| F|  |TAMS 0x00000000ef400000, 0x00000000ef400000| Untracked 
| 245|0x00000000ef500000, 0x00000000ef500000, 0x00000000ef600000|  0%| F|  |TAMS 0x00000000ef500000, 0x00000000ef500000| Untracked 
| 246|0x00000000ef600000, 0x00000000ef600000, 0x00000000ef700000|  0%| F|  |TAMS 0x00000000ef600000, 0x00000000ef600000| Untracked 
| 247|0x00000000ef700000, 0x00000000ef700000, 0x00000000ef800000|  0%| F|  |TAMS 0x00000000ef700000, 0x00000000ef700000| Untracked 
| 248|0x00000000ef800000, 0x00000000ef800000, 0x00000000ef900000|  0%| F|  |TAMS 0x00000000ef800000, 0x00000000ef800000| Untracked 
| 249|0x00000000ef900000, 0x00000000ef900000, 0x00000000efa00000|  0%| F|  |TAMS 0x00000000ef900000, 0x00000000ef900000| Untracked 
| 250|0x00000000efa00000, 0x00000000efa00000, 0x00000000efb00000|  0%| F|  |TAMS 0x00000000efa00000, 0x00000000efa00000| Untracked 
| 251|0x00000000efb00000, 0x00000000efc00000, 0x00000000efc00000|100%| E|  |TAMS 0x00000000efb00000, 0x00000000efb00000| Complete 
| 252|0x00000000efc00000, 0x00000000efd00000, 0x00000000efd00000|100%| E|CS|TAMS 0x00000000efc00000, 0x00000000efc00000| Complete 
| 253|0x00000000efd00000, 0x00000000efe00000, 0x00000000efe00000|100%| E|CS|TAMS 0x00000000efd00000, 0x00000000efd00000| Complete 
| 254|0x00000000efe00000, 0x00000000eff00000, 0x00000000eff00000|100%| E|CS|TAMS 0x00000000efe00000, 0x00000000efe00000| Complete 
| 255|0x00000000eff00000, 0x00000000f0000000, 0x00000000f0000000|100%| E|CS|TAMS 0x00000000eff00000, 0x00000000eff00000| Complete 

Card table byte_map: [0x00000226757c0000,0x00000226758c0000] _byte_map_base: 0x00000226750c0000

Marking Bits (Prev, Next): (CMBitMap*) 0x000002266cc24990, (CMBitMap*) 0x000002266cc249d0
 Prev Bits: [0x00000226759c0000, 0x00000226761c0000)
 Next Bits: [0x00000226761c0000, 0x00000226769c0000)

Polling page: 0x000002266ab50000

Metaspace:

Usage:
  Non-class:     42.88 MB used.
      Class:      6.98 MB used.
       Both:     49.86 MB used.

Virtual space:
  Non-class space:       48.00 MB reserved,      43.19 MB ( 90%) committed,  6 nodes.
      Class space:      208.00 MB reserved,       7.25 MB (  3%) committed,  1 nodes.
              Both:      256.00 MB reserved,      50.44 MB ( 20%) committed. 

Chunk freelists:
   Non-Class:  3.92 MB
       Class:  672.00 KB
        Both:  4.58 MB

MaxMetaspaceSize: 256.00 MB
CompressedClassSpaceSize: 208.00 MB
 - commit_granule_bytes: 65536.
 - commit_granule_words: 8192.
 - virtual_space_node_default_size: 1048576.
 - enlarge_chunks_in_place: 1.
 - new_chunks_are_fully_committed: 0.
 - uncommit_free_chunks: 1.
 - use_allocation_guard: 0.
 - handle_deallocations: 1.


Internal statistics:

num_allocs_failed_limit: 6.
num_arena_births: 598.
num_arena_deaths: 0.
num_vsnodes_births: 7.
num_vsnodes_deaths: 0.
num_space_committed: 807.
num_space_uncommitted: 0.
num_chunks_returned_to_freelist: 6.
num_chunks_taken_from_freelist: 2655.
num_chunk_merges: 6.
num_chunk_splits: 1696.
num_chunks_enlarged: 1110.
num_purges: 0.

CodeHeap 'non-profiled nmethods': size=120000Kb used=2481Kb max_used=3311Kb free=117518Kb
 bounds [0x0000022607ad0000, 0x0000022607e10000, 0x000002260f000000]
CodeHeap 'profiled nmethods': size=120000Kb used=9441Kb max_used=11392Kb free=110558Kb
 bounds [0x00000226005a0000, 0x00000226010d0000, 0x0000022607ad0000]
CodeHeap 'non-nmethods': size=5760Kb used=2405Kb max_used=2469Kb free=3354Kb
 bounds [0x0000022600000000, 0x0000022600270000, 0x00000226005a0000]
 total_blobs=5713 nmethods=4820 adapters=803
 compilation: enabled
              stopped_count=0, restarted_count=0
 full_count=0

Compilation events (20 events):
Event: 111.560 Thread 0x00000226791b2b60 nmethod 5559 0x0000022600982390 code [0x0000022600982540, 0x00000226009826c8]
Event: 111.560 Thread 0x00000226791b2b60 5558       3       kotlin.reflect.jvm.internal.impl.name.FqNameUnsafe::asString (13 bytes)
Event: 111.560 Thread 0x00000226791b2b60 nmethod 5558 0x000002260099ef90 code [0x000002260099f140, 0x000002260099f2c8]
Event: 111.561 Thread 0x00000226791b2b60 5560   !   3       org.gradle.internal.event.AbstractBroadcastDispatch::dispatch (74 bytes)
Event: 111.561 Thread 0x00000226791b2b60 nmethod 5560 0x000002260066a910 code [0x000002260066abe0, 0x000002260066bbc8]
Event: 111.561 Thread 0x00000226791b2b60 5561       1       org.gradle.launcher.daemon.server.exec.LogToClient::access$100 (5 bytes)
Event: 111.561 Thread 0x00000226791b2b60 nmethod 5561 0x0000022607ae9310 code [0x0000022607ae94a0, 0x0000022607ae9558]
Event: 111.562 Thread 0x00000226791aa150 5562       4       org.gradle.internal.logging.text.AbstractLineChoppingStyledTextOutput$1::execute (9 bytes)
Event: 111.563 Thread 0x00000226791b2b60 5565       1       java.lang.StringLatin1$CharsSpliterator::characteristics (5 bytes)
Event: 111.563 Thread 0x00000226791b2b60 nmethod 5565 0x0000022607ad8e10 code [0x0000022607ad8fa0, 0x0000022607ad9078]
Event: 111.563 Thread 0x00000226791b2b60 5567       3       java.lang.invoke.InvokerBytecodeGenerator::emitIconstInsn (75 bytes)
Event: 111.564 Thread 0x00000226791b2b60 nmethod 5567 0x00000226005cb610 code [0x00000226005cb840, 0x00000226005cc138]
Event: 111.565 Thread 0x00000226791b2b60 5568       3       com.gradle.scan.agent.serialization.scan.serializer.kryo.e::a (15 bytes)
Event: 111.565 Thread 0x00000226791b2b60 nmethod 5568 0x00000226007a5410 code [0x00000226007a55c0, 0x00000226007a57c8]
Event: 111.567 Thread 0x00000226791b2b60 5571       3       org.gradle.internal.file.DefaultFileHierarchySet$Node::isChildOfOrThis (110 bytes)
Event: 111.567 Thread 0x00000226791aa150 nmethod 5562 0x0000022607b84190 code [0x0000022607b84380, 0x0000022607b84a08]
Event: 111.567 Thread 0x00000226791aa150 5563       4       org.gradle.internal.logging.text.AbstractLineChoppingStyledTextOutput$1::execute (130 bytes)
Event: 111.568 Thread 0x00000226791b2b60 nmethod 5571 0x00000226006e6410 code [0x00000226006e6740, 0x00000226006e7d18]
Event: 111.568 Thread 0x00000226791b2b60 5572       3       org.gradle.internal.file.DefaultFileHierarchySet$Node::contains (101 bytes)
Event: 111.568 Thread 0x00000226791b2b60 nmethod 5572 0x00000226005f2f90 code [0x00000226005f31e0, 0x00000226005f3bd8]

GC Heap History (10 events):
Event: 0.407 GC heap before
{Heap before GC invocations=0 (full 0):
 garbage-first heap   total 262144K, used 26624K [0x00000000e0000000, 0x0000000100000000)
  region size 1024K, 21 young (21504K), 0 survivors (0K)
 Metaspace       used 3193K, committed 3328K, reserved 221184K
  class space    used 384K, committed 448K, reserved 212992K
}
Event: 0.410 GC heap after
{Heap after GC invocations=1 (full 0):
 garbage-first heap   total 262144K, used 9006K [0x00000000e0000000, 0x0000000100000000)
  region size 1024K, 3 young (3072K), 3 survivors (3072K)
 Metaspace       used 3193K, committed 3328K, reserved 221184K
  class space    used 384K, committed 448K, reserved 212992K
}
Event: 0.691 GC heap before
{Heap before GC invocations=1 (full 0):
 garbage-first heap   total 262144K, used 32558K [0x00000000e0000000, 0x0000000100000000)
  region size 1024K, 26 young (26624K), 3 survivors (3072K)
 Metaspace       used 4115K, committed 4288K, reserved 221184K
  class space    used 481K, committed 576K, reserved 212992K
}
Event: 0.693 GC heap after
{Heap after GC invocations=2 (full 0):
 garbage-first heap   total 262144K, used 9651K [0x00000000e0000000, 0x0000000100000000)
  region size 1024K, 1 young (1024K), 1 survivors (1024K)
 Metaspace       used 4115K, committed 4288K, reserved 221184K
  class space    used 481K, committed 576K, reserved 212992K
}
Event: 2.011 GC heap before
{Heap before GC invocations=2 (full 0):
 garbage-first heap   total 262144K, used 120243K [0x00000000e0000000, 0x0000000100000000)
  region size 1024K, 110 young (112640K), 1 survivors (1024K)
 Metaspace       used 20968K, committed 21248K, reserved 237568K
  class space    used 3036K, committed 3200K, reserved 212992K
}
Event: 2.017 GC heap after
{Heap after GC invocations=3 (full 0):
 garbage-first heap   total 262144K, used 19580K [0x00000000e0000000, 0x0000000100000000)
  region size 1024K, 11 young (11264K), 11 survivors (11264K)
 Metaspace       used 20968K, committed 21248K, reserved 237568K
  class space    used 3036K, committed 3200K, reserved 212992K
}
Event: 3.149 GC heap before
{Heap before GC invocations=4 (full 0):
 garbage-first heap   total 262144K, used 120956K [0x00000000e0000000, 0x0000000100000000)
  region size 1024K, 108 young (110592K), 11 survivors (11264K)
 Metaspace       used 35203K, committed 35520K, reserved 245760K
  class space    used 4774K, committed 4928K, reserved 212992K
}
Event: 3.157 GC heap after
{Heap after GC invocations=5 (full 0):
 garbage-first heap   total 262144K, used 28707K [0x00000000e0000000, 0x0000000100000000)
  region size 1024K, 18 young (18432K), 18 survivors (18432K)
 Metaspace       used 35203K, committed 35520K, reserved 245760K
  class space    used 4774K, committed 4928K, reserved 212992K
}
Event: 111.526 GC heap before
{Heap before GC invocations=6 (full 0):
 garbage-first heap   total 262144K, used 166947K [0x00000000e0000000, 0x0000000100000000)
  region size 1024K, 153 young (156672K), 18 survivors (18432K)
 Metaspace       used 50172K, committed 50688K, reserved 262144K
  class space    used 7040K, committed 7296K, reserved 212992K
}
Event: 111.538 GC heap after
{Heap after GC invocations=7 (full 0):
 garbage-first heap   total 262144K, used 39703K [0x00000000e0000000, 0x0000000100000000)
  region size 1024K, 19 young (19456K), 19 survivors (19456K)
 Metaspace       used 50172K, committed 50688K, reserved 262144K
  class space    used 7040K, committed 7296K, reserved 212992K
}

Deoptimization events (20 events):
Event: 4.501 Thread 0x000002267d428b30 Uncommon trap: trap_request=0xffffff45 fr.pc=0x0000022607ce8870 relative=0x0000000000000ad0
Event: 4.501 Thread 0x000002267d428b30 Uncommon trap: reason=unstable_if action=reinterpret pc=0x0000022607ce8870 method=java.lang.ClassLoader.loadClass(Ljava/lang/String;Z)Ljava/lang/Class; @ 29 c2
Event: 4.501 Thread 0x000002267d428b30 DEOPT PACKING pc=0x0000022607ce8870 sp=0x00000038ac1f4b70
Event: 4.501 Thread 0x000002267d428b30 DEOPT UNPACKING pc=0x000002260004d72e sp=0x00000038ac1f4b38 mode 2
Event: 4.519 Thread 0x000002267d429b20 Uncommon trap: trap_request=0xffffffde fr.pc=0x0000022607c74d80 relative=0x00000000000001c0
Event: 4.519 Thread 0x000002267d429b20 Uncommon trap: reason=class_check action=maybe_recompile pc=0x0000022607c74d80 method=java.io.BufferedInputStream.read1([BII)I @ 39 c2
Event: 4.519 Thread 0x000002267d429b20 DEOPT PACKING pc=0x0000022607c74d80 sp=0x00000038ac5fefb0
Event: 4.519 Thread 0x000002267d429b20 DEOPT UNPACKING pc=0x000002260004d72e sp=0x00000038ac5fef38 mode 2
Event: 111.512 Thread 0x000002267c6123a0 Uncommon trap: trap_request=0xffffff45 fr.pc=0x0000022607b1438c relative=0x000000000000068c
Event: 111.512 Thread 0x000002267c6123a0 Uncommon trap: reason=unstable_if action=reinterpret pc=0x0000022607b1438c method=java.util.concurrent.LinkedBlockingQueue.poll(JLjava/util/concurrent/TimeUnit;)Ljava/lang/Object; @ 29 c2
Event: 111.512 Thread 0x000002267c6123a0 DEOPT PACKING pc=0x0000022607b1438c sp=0x00000038aa0ff5c0
Event: 111.512 Thread 0x000002267c6123a0 DEOPT UNPACKING pc=0x000002260004d72e sp=0x00000038aa0ff500 mode 2
Event: 111.513 Thread 0x000002267d4285e0 Uncommon trap: trap_request=0xffffff45 fr.pc=0x0000022607deb14c relative=0x000000000000004c
Event: 111.513 Thread 0x000002267d4285e0 Uncommon trap: reason=unstable_if action=reinterpret pc=0x0000022607deb14c method=java.lang.Thread.interrupted()Z @ 10 c2
Event: 111.513 Thread 0x000002267d4285e0 DEOPT PACKING pc=0x0000022607deb14c sp=0x00000038abffece0
Event: 111.513 Thread 0x000002267d4285e0 DEOPT UNPACKING pc=0x000002260004d72e sp=0x00000038abffec70 mode 2
Event: 111.513 Thread 0x000002267d42b060 Uncommon trap: trap_request=0xffffff45 fr.pc=0x0000022607e096e0 relative=0x0000000000001460
Event: 111.513 Thread 0x000002267d42b060 Uncommon trap: reason=unstable_if action=reinterpret pc=0x0000022607e096e0 method=java.lang.Thread.interrupted()Z @ 10 c2
Event: 111.513 Thread 0x000002267d42b060 DEOPT PACKING pc=0x0000022607e096e0 sp=0x00000038ac0fedb0
Event: 111.513 Thread 0x000002267d42b060 DEOPT UNPACKING pc=0x000002260004d72e sp=0x00000038ac0fecd0 mode 2

Classes unloaded (0 events):
No events

Classes redefined (0 events):
No events

Internal exceptions (20 events):
Event: 4.374 Thread 0x000002267c6123a0 Exception <a 'java/lang/NoSuchMethodError'{0x00000000e6f47850}: static Lorg/gradle/internal/build/event/types/AbstractResult;.<clinit>()V> (0x00000000e6f47850) 
thrown [e:\jenkins\tmp\workspace\build\src\src\hotspot\share\prims\jni.cpp, line 1210]
Event: 4.469 Thread 0x000002267d428b30 Exception <a 'java/lang/NoSuchMethodError'{0x00000000e6f952e0}: 'void java.lang.invoke.DirectMethodHandle$Holder.invokeVirtual(java.lang.Object, java.lang.Object)'> (0x00000000e6f952e0) 
thrown [e:\jenkins\tmp\workspace\build\src\src\hotspot\share\interpreter\linkResolver.cpp, line 790]
Event: 4.484 Thread 0x000002267c6123a0 Exception <a 'java/lang/NoSuchMethodError'{0x00000000e6f642c0}: static [Ljava/lang/Object;.<clinit>()V> (0x00000000e6f642c0) 
thrown [e:\jenkins\tmp\workspace\build\src\src\hotspot\share\prims\jni.cpp, line 1210]
Event: 4.486 Thread 0x000002267d428b30 Exception <a 'java/lang/NoSuchMethodError'{0x00000000e6e79fb8}: 'void java.lang.invoke.DirectMethodHandle$Holder.invokeInterface(java.lang.Object, java.lang.Object, java.lang.Object, java.lang.Object)'> (0x00000000e6e79fb8) 
thrown [e:\jenkins\tmp\workspace\build\src\src\hotspot\share\interpreter\linkResolver.cpp, line 790]
Event: 4.491 Thread 0x000002267d428b30 Exception <a 'java/lang/ClassNotFoundException'{0x00000000e6d83c28}: org/gradle/api/internal/file/collections/DefaultConfigurableFileCollectionBeanInfo> (0x00000000e6d83c28) 
thrown [e:\jenkins\tmp\workspace\build\src\src\hotspot\share\classfile\systemDictionary.cpp, line 256]
Event: 4.492 Thread 0x000002267d428b30 Exception <a 'java/lang/ClassNotFoundException'{0x00000000e6d92eb8}: org/gradle/api/internal/file/CompositeFileCollectionBeanInfo> (0x00000000e6d92eb8) 
thrown [e:\jenkins\tmp\workspace\build\src\src\hotspot\share\classfile\systemDictionary.cpp, line 256]
Event: 4.492 Thread 0x000002267d428b30 Exception <a 'java/lang/ClassNotFoundException'{0x00000000e6da23e0}: org/gradle/api/internal/file/AbstractFileCollectionBeanInfo> (0x00000000e6da23e0) 
thrown [e:\jenkins\tmp\workspace\build\src\src\hotspot\share\classfile\systemDictionary.cpp, line 256]
Event: 4.492 Thread 0x000002267d428b30 Exception <a 'java/lang/ClassNotFoundException'{0x00000000e6db18d8}: org/gradle/api/internal/file/AbstractFileCollectionCustomizer> (0x00000000e6db18d8) 
thrown [e:\jenkins\tmp\workspace\build\src\src\hotspot\share\classfile\systemDictionary.cpp, line 256]
Event: 4.493 Thread 0x000002267d428b30 Exception <a 'java/lang/ClassNotFoundException'{0x00000000e6dd2e88}: org/gradle/api/internal/file/CompositeFileCollectionCustomizer> (0x00000000e6dd2e88) 
thrown [e:\jenkins\tmp\workspace\build\src\src\hotspot\share\classfile\systemDictionary.cpp, line 256]
Event: 4.494 Thread 0x000002267d428b30 Exception <a 'java/lang/ClassNotFoundException'{0x00000000e6deaa80}: org/gradle/api/internal/file/collections/DefaultConfigurableFileCollectionCustomizer> (0x00000000e6deaa80) 
thrown [e:\jenkins\tmp\workspace\build\src\src\hotspot\share\classfile\systemDictionary.cpp, line 256]
Event: 4.497 Thread 0x000002267d428b30 Exception <a 'java/lang/ClassNotFoundException'{0x00000000e6c30858}: java/io/FileBeanInfo> (0x00000000e6c30858) 
thrown [e:\jenkins\tmp\workspace\build\src\src\hotspot\share\classfile\systemDictionary.cpp, line 256]
Event: 4.497 Thread 0x000002267d428b30 Exception <a 'java/lang/ClassNotFoundException'{0x00000000e6c35c78}: java/io/FileCustomizer> (0x00000000e6c35c78) 
thrown [e:\jenkins\tmp\workspace\build\src\src\hotspot\share\classfile\systemDictionary.cpp, line 256]
Event: 4.500 Thread 0x000002267d428b30 Exception <a 'java/lang/ClassNotFoundException'{0x00000000e6b5ac08}: java/lang/StringBeanInfo> (0x00000000e6b5ac08) 
thrown [e:\jenkins\tmp\workspace\build\src\src\hotspot\share\classfile\systemDictionary.cpp, line 256]
Event: 4.500 Thread 0x000002267d428b30 Exception <a 'java/lang/ClassNotFoundException'{0x00000000e6b600b0}: java/lang/StringCustomizer> (0x00000000e6b600b0) 
thrown [e:\jenkins\tmp\workspace\build\src\src\hotspot\share\classfile\systemDictionary.cpp, line 256]
Event: 4.501 Thread 0x000002267d428b30 Implicit null exception at 0x0000022607d96886 to 0x0000022607d9726c
Event: 4.514 Thread 0x000002267d429080 Exception <a 'java/lang/NoSuchMethodError'{0x00000000e6a47ee0}: 'void java.lang.invoke.DirectMethodHandle$Holder.invokeStatic(java.lang.Object, long)'> (0x00000000e6a47ee0) 
thrown [e:\jenkins\tmp\workspace\build\src\src\hotspot\share\interpreter\linkResolver.cpp, line 790]
Event: 4.515 Thread 0x000002267d429080 Exception <a 'java/lang/NoSuchMethodError'{0x00000000e6a4d768}: 'java.lang.Object java.lang.invoke.DirectMethodHandle$Holder.newInvokeSpecial(java.lang.Object, long)'> (0x00000000e6a4d768) 
thrown [e:\jenkins\tmp\workspace\build\src\src\hotspot\share\interpreter\linkResolver.cpp, line 790]
Event: 4.516 Thread 0x000002267d429080 Exception <a 'java/lang/NoSuchMethodError'{0x00000000e6a54500}: 'java.lang.Object java.lang.invoke.DirectMethodHandle$Holder.invokeStatic(java.lang.Object, java.lang.Object, long, java.lang.Object)'> (0x00000000e6a54500) 
thrown [e:\jenkins\tmp\workspace\build\src\src\hotspot\share\interpreter\linkResolver.cpp, line 790]
Event: 4.516 Thread 0x000002267d429080 Exception <a 'java/lang/NoSuchMethodError'{0x00000000e6a581a0}: 'java.lang.Object java.lang.invoke.DirectMethodHandle$Holder.invokeStaticInit(java.lang.Object, java.lang.Object, long, java.lang.Object)'> (0x00000000e6a581a0) 
thrown [e:\jenkins\tmp\workspace\build\src\src\hotspot\share\interpreter\linkResolver.cpp, line 790]
Event: 111.566 Thread 0x000002267c611e50 Exception <a 'java/lang/NoSuchMethodError'{0x00000000efdb9f88}: 'int java.lang.invoke.DirectMethodHandle$Holder.invokeVirtual(java.lang.Object, java.lang.Object, java.lang.Object)'> (0x00000000efdb9f88) 
thrown [e:\jenkins\tmp\workspace\build\src\src\hotspot\share\interpreter\linkResolver.cpp, line 790]

Events (20 events):
Event: 79.066 Executing  VM operation: Cleanup done
Event: 82.067 Executing  VM operation: Cleanup
Event: 82.068 Executing  VM operation: Cleanup done
Event: 86.069 Executing  VM operation: Cleanup
Event: 86.069 Executing  VM operation: Cleanup done
Event: 91.072 Executing  VM operation: Cleanup
Event: 91.072 Executing  VM operation: Cleanup done
Event: 96.073 Executing  VM operation: Cleanup
Event: 96.074 Executing  VM operation: Cleanup done
Event: 101.085 Executing  VM operation: Cleanup
Event: 101.085 Executing  VM operation: Cleanup done
Event: 111.513 Thread 0x000002267c4426e0 Thread exited: 0x000002267c4426e0
Event: 111.513 Thread 0x000002267d4285e0 Thread exited: 0x000002267d4285e0
Event: 111.513 Thread 0x000002267d428b30 Thread exited: 0x000002267d428b30
Event: 111.513 Thread 0x000002267c43fc60 Thread exited: 0x000002267c43fc60
Event: 111.513 Thread 0x000002267d42b060 Thread exited: 0x000002267d42b060
Event: 111.525 Executing  VM operation: G1CollectForAllocation
Event: 111.538 Executing  VM operation: G1CollectForAllocation done
Event: 111.562 Executing  VM operation: HandshakeAllThreads
Event: 111.562 Executing  VM operation: HandshakeAllThreads done


Dynamic libraries:
0x00007ff626270000 - 0x00007ff62627e000 	C:\Program Files\AdoptOpenJDK\jdk-16.0.1.9-hotspot\bin\java.exe
0x00007ffa6ca70000 - 0x00007ffa6cc65000 	C:\WINDOWS\SYSTEM32\ntdll.dll
0x00007ffa6bb50000 - 0x00007ffa6bc0d000 	C:\WINDOWS\System32\KERNEL32.DLL
0x00007ffa6a530000 - 0x00007ffa6a7f9000 	C:\WINDOWS\System32\KERNELBASE.dll
0x00007ffa6a8a0000 - 0x00007ffa6a9a0000 	C:\WINDOWS\System32\ucrtbase.dll
0x00007ffa65af0000 - 0x00007ffa65b08000 	C:\Program Files\AdoptOpenJDK\jdk-16.0.1.9-hotspot\bin\jli.dll
0x00007ffa63c50000 - 0x00007ffa63c69000 	C:\Program Files\AdoptOpenJDK\jdk-16.0.1.9-hotspot\bin\VCRUNTIME140.dll
0x00007ffa6c890000 - 0x00007ffa6ca30000 	C:\WINDOWS\System32\USER32.dll
0x00007ffa6a4b0000 - 0x00007ffa6a4d2000 	C:\WINDOWS\System32\win32u.dll
0x00007ffa497a0000 - 0x00007ffa49a3a000 	C:\WINDOWS\WinSxS\amd64_microsoft.windows.common-controls_6595b64144ccf1df_6.0.19041.1083_none_60bbe31371f34e71\COMCTL32.dll
0x00007ffa6c280000 - 0x00007ffa6c2aa000 	C:\WINDOWS\System32\GDI32.dll
0x00007ffa6a3a0000 - 0x00007ffa6a4ab000 	C:\WINDOWS\System32\gdi32full.dll
0x00007ffa6c130000 - 0x00007ffa6c1ce000 	C:\WINDOWS\System32\msvcrt.dll
0x00007ffa6a800000 - 0x00007ffa6a89d000 	C:\WINDOWS\System32\msvcp_win.dll
0x00007ffa6b070000 - 0x00007ffa6b0a0000 	C:\WINDOWS\System32\IMM32.DLL
0x00007ffa63c40000 - 0x00007ffa63c4c000 	C:\Program Files\AdoptOpenJDK\jdk-16.0.1.9-hotspot\bin\vcruntime140_1.dll
0x00007ffa5a3b0000 - 0x00007ffa5a441000 	C:\Program Files\AdoptOpenJDK\jdk-16.0.1.9-hotspot\bin\msvcp140.dll
0x00007ffa0c140000 - 0x00007ffa0cd78000 	C:\Program Files\AdoptOpenJDK\jdk-16.0.1.9-hotspot\bin\server\jvm.dll
0x00007ffa6c6d0000 - 0x00007ffa6c77c000 	C:\WINDOWS\System32\ADVAPI32.dll
0x00007ffa6afc0000 - 0x00007ffa6b05b000 	C:\WINDOWS\System32\sechost.dll
0x00007ffa6c4b0000 - 0x00007ffa6c5da000 	C:\WINDOWS\System32\RPCRT4.dll
0x00007ffa6b840000 - 0x00007ffa6b848000 	C:\WINDOWS\System32\PSAPI.DLL
0x00007ffa44d10000 - 0x00007ffa44d19000 	C:\WINDOWS\SYSTEM32\WSOCK32.dll
0x00007ffa4d770000 - 0x00007ffa4d797000 	C:\WINDOWS\SYSTEM32\WINMM.dll
0x00007ffa62420000 - 0x00007ffa6242a000 	C:\WINDOWS\SYSTEM32\VERSION.dll
0x00007ffa6c660000 - 0x00007ffa6c6cb000 	C:\WINDOWS\System32\WS2_32.dll
0x00007ffa68100000 - 0x00007ffa68112000 	C:\WINDOWS\SYSTEM32\kernel.appcore.dll
0x00007ffa5f780000 - 0x00007ffa5f78a000 	C:\Program Files\AdoptOpenJDK\jdk-16.0.1.9-hotspot\bin\jimage.dll
0x00007ffa64fb0000 - 0x00007ffa65194000 	C:\WINDOWS\SYSTEM32\DBGHELP.DLL
0x00007ffa64da0000 - 0x00007ffa64dcc000 	C:\WINDOWS\SYSTEM32\dbgcore.DLL
0x00007ffa6aa50000 - 0x00007ffa6aad3000 	C:\WINDOWS\System32\bcryptPrimitives.dll
0x00007ffa5af80000 - 0x00007ffa5afa5000 	C:\Program Files\AdoptOpenJDK\jdk-16.0.1.9-hotspot\bin\java.dll
0x00007ffa6b100000 - 0x00007ffa6b83f000 	C:\WINDOWS\System32\SHELL32.dll
0x00007ffa68300000 - 0x00007ffa68a91000 	C:\WINDOWS\SYSTEM32\windows.storage.dll
0x00007ffa6bdd0000 - 0x00007ffa6c125000 	C:\WINDOWS\System32\combase.dll
0x00007ffa69c20000 - 0x00007ffa69c4c000 	C:\WINDOWS\SYSTEM32\Wldp.dll
0x00007ffa6c1d0000 - 0x00007ffa6c27e000 	C:\WINDOWS\System32\SHCORE.dll
0x00007ffa6c780000 - 0x00007ffa6c7d5000 	C:\WINDOWS\System32\shlwapi.dll
0x00007ffa6a0f0000 - 0x00007ffa6a10f000 	C:\WINDOWS\SYSTEM32\profapi.dll
0x00007ffa5c390000 - 0x00007ffa5c3a9000 	C:\Program Files\AdoptOpenJDK\jdk-16.0.1.9-hotspot\bin\net.dll
0x00007ffa63580000 - 0x00007ffa6368a000 	C:\WINDOWS\SYSTEM32\WINHTTP.dll
0x00007ffa69980000 - 0x00007ffa699ea000 	C:\WINDOWS\system32\mswsock.dll
0x00007ffa5b3e0000 - 0x00007ffa5b3f3000 	C:\Program Files\AdoptOpenJDK\jdk-16.0.1.9-hotspot\bin\nio.dll
0x00007ffa5ad10000 - 0x00007ffa5ad28000 	C:\Program Files\AdoptOpenJDK\jdk-16.0.1.9-hotspot\bin\zip.dll
0x00007ffa5f770000 - 0x00007ffa5f780000 	C:\Program Files\AdoptOpenJDK\jdk-16.0.1.9-hotspot\bin\verify.dll
0x00007ffa5a5e0000 - 0x00007ffa5a607000 	C:\Users\80010-02-10\.gradle\native\49d0259a56938c7f99b2704e745ce422c4f750a7a20b539a32ccef96729676b1\windows-amd64\native-platform.dll
0x00007ffa2c9d0000 - 0x00007ffa2cb66000 	C:\Users\80010-02-10\.gradle\native\12488b8bf47d2d4c9fbf2f6322a914ad602e24e48041cd04a747c6da556b65c4\windows-amd64\native-platform-file-events.dll
0x00007ffa5f2f0000 - 0x00007ffa5f2f9000 	C:\Program Files\AdoptOpenJDK\jdk-16.0.1.9-hotspot\bin\management.dll
0x00007ffa5dcd0000 - 0x00007ffa5dcdb000 	C:\Program Files\AdoptOpenJDK\jdk-16.0.1.9-hotspot\bin\management_ext.dll
0x00007ffa69b60000 - 0x00007ffa69b78000 	C:\WINDOWS\SYSTEM32\CRYPTSP.dll
0x00007ffa69250000 - 0x00007ffa69284000 	C:\WINDOWS\system32\rsaenh.dll
0x00007ffa6a310000 - 0x00007ffa6a337000 	C:\WINDOWS\System32\bcrypt.dll
0x00007ffa6a0b0000 - 0x00007ffa6a0de000 	C:\WINDOWS\SYSTEM32\USERENV.dll
0x00007ffa69b80000 - 0x00007ffa69b8c000 	C:\WINDOWS\SYSTEM32\CRYPTBASE.dll
0x00007ffa69600000 - 0x00007ffa6963b000 	C:\WINDOWS\SYSTEM32\IPHLPAPI.DLL
0x00007ffa6b060000 - 0x00007ffa6b068000 	C:\WINDOWS\System32\NSI.dll
0x00007ffa659a0000 - 0x00007ffa659b7000 	C:\WINDOWS\SYSTEM32\dhcpcsvc6.DLL
0x00007ffa65950000 - 0x00007ffa6596d000 	C:\WINDOWS\SYSTEM32\dhcpcsvc.DLL
0x00007ffa69640000 - 0x00007ffa6970c000 	C:\WINDOWS\SYSTEM32\DNSAPI.dll
0x00007ffa5c6f0000 - 0x00007ffa5c6fe000 	C:\Program Files\AdoptOpenJDK\jdk-16.0.1.9-hotspot\bin\sunmscapi.dll
0x00007ffa6a1b0000 - 0x00007ffa6a30f000 	C:\WINDOWS\System32\CRYPT32.dll
0x00007ffa69c90000 - 0x00007ffa69cb7000 	C:\WINDOWS\SYSTEM32\ncrypt.dll
0x00007ffa69c50000 - 0x00007ffa69c8b000 	C:\WINDOWS\SYSTEM32\NTASN1.dll
0x00007ffa5aff0000 - 0x00007ffa5aff7000 	C:\WINDOWS\system32\wshunix.dll
0x00007ffa5db10000 - 0x00007ffa5db27000 	C:\WINDOWS\system32\napinsp.dll
0x00007ffa5dbb0000 - 0x00007ffa5dbcb000 	C:\WINDOWS\system32\pnrpnsp.dll
0x00007ffa5dce0000 - 0x00007ffa5dcf5000 	C:\WINDOWS\system32\wshbth.dll
0x00007ffa65290000 - 0x00007ffa652ad000 	C:\WINDOWS\system32\NLAapi.dll
0x00007ffa5e860000 - 0x00007ffa5e872000 	C:\WINDOWS\System32\winrnr.dll
0x00007ffa62cc0000 - 0x00007ffa62cca000 	C:\Windows\System32\rasadhlp.dll
0x00007ffa65a70000 - 0x00007ffa65aef000 	C:\WINDOWS\System32\fwpuclnt.dll

dbghelp: loaded successfully - version: 4.0.5 - missing functions: none
symbol engine: initialized successfully - sym options: 0x614 - pdb path: .;C:\Program Files\AdoptOpenJDK\jdk-16.0.1.9-hotspot\bin;C:\WINDOWS\SYSTEM32;C:\WINDOWS\WinSxS\amd64_microsoft.windows.common-controls_6595b64144ccf1df_6.0.19041.1083_none_60bbe31371f34e71;C:\Program Files\AdoptOpenJDK\jdk-16.0.1.9-hotspot\bin\server;C:\Users\80010-02-10\.gradle\native\49d0259a56938c7f99b2704e745ce422c4f750a7a20b539a32ccef96729676b1\windows-amd64;C:\Users\80010-02-10\.gradle\native\12488b8bf47d2d4c9fbf2f6322a914ad602e24e48041cd04a747c6da556b65c4\windows-amd64

VM Arguments:
jvm_args: --add-opens=java.base/java.util=ALL-UNNAMED --add-opens=java.base/java.lang=ALL-UNNAMED --add-opens=java.base/java.lang.invoke=ALL-UNNAMED --add-opens=java.base/java.util=ALL-UNNAMED --add-opens=java.prefs/java.util.prefs=ALL-UNNAMED --add-opens=java.prefs/java.util.prefs=ALL-UNNAMED --add-opens=java.base/java.nio.charset=ALL-UNNAMED --add-opens=java.base/java.net=ALL-UNNAMED --add-opens=java.base/java.util.concurrent.atomic=ALL-UNNAMED -XX:MaxMetaspaceSize=256m -XX:+HeapDumpOnOutOfMemoryError -Xms256m -Xmx512m -Dfile.encoding=windows-1252 -Duser.country=FR -Duser.language=fr -Duser.variant 
java_command: org.gradle.launcher.daemon.bootstrap.GradleDaemon 7.0
java_class_path (initial): C:\Users\80010-02-10\.gradle\wrapper\dists\gradle-7.0-bin\2p9ebqfz6ilrfozi676ogco7n\gradle-7.0\lib\gradle-launcher-7.0.jar
Launcher Type: SUN_STANDARD

[Global flags]
     intx CICompilerCount                          = 3                                         {product} {ergonomic}
   size_t CompressedClassSpaceSize                 = 218103808                                 {product} {ergonomic}
     uint ConcGCThreads                            = 2                                         {product} {ergonomic}
     uint G1ConcRefinementThreads                  = 6                                         {product} {ergonomic}
   size_t G1HeapRegionSize                         = 1048576                                   {product} {ergonomic}
    uintx GCDrainStackTargetSize                   = 64                                        {product} {ergonomic}
     bool HeapDumpOnOutOfMemoryError               = true                                   {manageable} {command line}
   size_t InitialHeapSize                          = 268435456                                 {product} {command line}
   size_t MarkStackSize                            = 4194304                                   {product} {ergonomic}
   size_t MaxHeapSize                              = 536870912                                 {product} {command line}
   size_t MaxMetaspaceSize                         = 268435456                                 {product} {command line}
   size_t MaxNewSize                               = 321912832                                 {product} {ergonomic}
   size_t MinHeapDeltaBytes                        = 1048576                                   {product} {ergonomic}
   size_t MinHeapSize                              = 268435456                                 {product} {command line}
    uintx NonNMethodCodeHeapSize                   = 5832780                                {pd product} {ergonomic}
    uintx NonProfiledCodeHeapSize                  = 122912730                              {pd product} {ergonomic}
    uintx ProfiledCodeHeapSize                     = 122912730                              {pd product} {ergonomic}
    uintx ReservedCodeCacheSize                    = 251658240                              {pd product} {ergonomic}
     bool SegmentedCodeCache                       = true                                      {product} {ergonomic}
   size_t SoftMaxHeapSize                          = 536870912                              {manageable} {ergonomic}
     bool UseCompressedClassPointers               = true                           {product lp64_product} {ergonomic}
     bool UseCompressedOops                        = true                           {product lp64_product} {ergonomic}
     bool UseG1GC                                  = true                                      {product} {ergonomic}
     bool UseLargePagesIndividualAllocation        = false                                  {pd product} {ergonomic}

Logging:
Log output configuration:
 #0: stdout all=warning uptime,level,tags
 #1: stderr all=off uptime,level,tags

Environment Variables:
JAVA_HOME=C:\Program Files\AdoptOpenJDK\jdk-16.0.1.9-hotspot\
PATH=C:\Program Files\AdoptOpenJDK\jdk-16.0.1.9-hotspot\bin;C:\Program Files (x86)\Common Files\Oracle\Java\javapath;C:\WINDOWS\system32;C:\WINDOWS;C:\WINDOWS\System32\Wbem;C:\WINDOWS\System32\WindowsPowerShell\v1.0\;C:\WINDOWS\System32\OpenSSH\;C:\Program Files (x86)\Microsoft VS Code\bin;C:\Program Files\dotnet\;C:\Program Files\Microsoft SQL Server\130\Tools\Binn\;C:\Program Files\Microsoft SQL Server\Client SDK\ODBC\170\Tools\Binn\;C:\ProgramData\ComposerSetup\bin;C:\Program Files\Symfony;C:\php-7.4.20;C:\Program Files\Git\cmd;C:\Users\80010-02-10\AppData\Local\Microsoft\WindowsApps;C:\Users\80010-02-10\AppData\Roaming\Composer\vendor\bin;C:\Program Files\JetBrains\PhpStorm 2021.1.3\bin;;C:\Program Files\JetBrains\IntelliJ IDEA 2021.1.3\bin;
USERNAME=80010-02-10
OS=Windows_NT
PROCESSOR_IDENTIFIER=Intel64 Family 6 Model 158 Stepping 10, GenuineIntel



---------------  S Y S T E M  ---------------

OS:
 Windows 10 , 64 bit Build 19041 (10.0.19041.1023)
OS uptime: 11 days 1:01 hours

CPU: total 6 (initial active 6) (6 cores per cpu, 1 threads per core) family 6 model 158 stepping 10 microcode 0xb4, cx8, cmov, fxsr, mmx, 3dnowpref, sse, sse2, sse3, ssse3, sse4.1, sse4.2, popcnt, lzcnt, tsc, tscinvbit, avx, avx2, aes, erms, clmul, bmi1, bmi2, adx, fma, vzeroupper, clflush, clflushopt

Memory: 4k page, system-wide physical 16219M (7187M free)
TotalPageFile size 18651M (AvailPageFile size 5511M)
current process WorkingSet (physical memory assigned to process): 352M, peak: 352M
current process commit charge ("private bytes"): 455M, peak: 487M

vm_info: OpenJDK 64-Bit Server VM (16.0.1+9) for windows-amd64 JRE (16.0.1+9), built on Apr 21 2021 12:30:27 by "" with MS VC++ 16.7 (VS2019)

END.
