#
# A fatal error has been detected by the Java Runtime Environment:
#
#  EXCEPTION_ACCESS_VIOLATION (0xc0000005) at pc=0x00007ffa2c9f362e, pid=13964, tid=11828
#
# JRE version: OpenJDK Runtime Environment AdoptOpenJDK-16.0.1+9 (16.0.1+9) (build 16.0.1+9)
# Java VM: OpenJDK 64-Bit Server VM AdoptOpenJDK-16.0.1+9 (16.0.1+9, mixed mode, sharing, tiered, compressed oops, compressed class ptrs, g1 gc, windows-amd64)
# Problematic frame:
# C  [native-platform-file-events.dll+0x2362e]
#
# No core dump will be written. Minidumps are not enabled by default on client versions of Windows
#
# If you would like to submit a bug report, please visit:
#   https://github.com/AdoptOpenJDK/openjdk-support/issues
# The crash happened outside the Java Virtual Machine in native code.
# See problematic frame for where to report the bug.
#

---------------  S U M M A R Y ------------

Command Line: --add-opens=java.base/java.util=ALL-UNNAMED --add-opens=java.base/java.lang=ALL-UNNAMED --add-opens=java.base/java.lang.invoke=ALL-UNNAMED --add-opens=java.base/java.util=ALL-UNNAMED --add-opens=java.prefs/java.util.prefs=ALL-UNNAMED --add-opens=java.prefs/java.util.prefs=ALL-UNNAMED --add-opens=java.base/java.nio.charset=ALL-UNNAMED --add-opens=java.base/java.net=ALL-UNNAMED --add-opens=java.base/java.util.concurrent.atomic=ALL-UNNAMED -XX:MaxMetaspaceSize=256m -XX:+HeapDumpOnOutOfMemoryError -Xms256m -Xmx512m -Dfile.encoding=windows-1252 -Duser.country=FR -Duser.language=fr -Duser.variant org.gradle.launcher.daemon.bootstrap.GradleDaemon 7.0

Host: Intel(R) Core(TM) i5-8400 CPU @ 2.80GHz, 6 cores, 15G,  Windows 10 , 64 bit Build 19041 (10.0.19041.1023)
Time: Fri Jul 23 10:37:12 2021 Paris, Madrid (heure duild 19041 (10.0.19041.1023) elapsed time: 19.232502 seconds (0d 0h 0m 19s)

---------------  T H R E A D  ---------------

Current thread (0x00000201ee282950):  JavaThread "File watcher server" daemon [_thread_in_native, id=11828, stack(0x0000006843600000,0x0000006843700000)]

Stack: [0x0000006843600000,0x0000006843700000],  sp=0x00000068436fe6c0,  free space=1017k
Native frames: (J=compiled Java code, j=interpreted, Vv=VM code, C=native code)
C  [native-platform-file-events.dll+0x2362e]

Java frames: (J=compiled Java code, j=interpreted, Vv=VM code)
j  net.rubygrapefruit.platform.internal.jni.AbstractFileEventFunctions$NativeFileWatcher.executeRunLoop0(Ljava/lang/Object;)V+0
j  net.rubygrapefruit.platform.internal.jni.AbstractFileEventFunctions$NativeFileWatcher.access$100(Lnet/rubygrapefruit/platform/internal/jni/AbstractFileEventFunctions$NativeFileWatcher;Ljava/lang/Object;)V+2
j  net.rubygrapefruit.platform.internal.jni.AbstractFileEventFunctions$NativeFileWatcher$1.run()V+26
v  ~StubRoutines::call_stub

siginfo: EXCEPTION_ACCESS_VIOLATION (0xc0000005), reading address 0xffffffffffffffff


Register to memory mapping:

RIP=0x00007ffa2c9f362e native-platform-file-events.dll
RAX=0x2473636974736974 is an unknown value
RBX=0x0000000000000001 is an unknown value
RCX=0x2473636974736974 is an unknown value
RDX=0x00000068436fe718 is pointing into the stack for thread: 0x00000201ee282950
RSP=0x00000068436fe6c0 is pointing into the stack for thread: 0x00000201ee282950
RBP=0x00000068436ff0b8 is pointing into the stack for thread: 0x00000201ee282950
RSI=0x0 is NULL
RDI=0x00000000ffffffff is an unallocated location in the heap
R8 =0x00000068436fe720 is pointing into the stack for thread: 0x00000201ee282950
R9 =0x000000007ffea000 points into unknown readable memory: 0x00000000546c6148 | 48 61 6c 54 00 00 00 00
R10=0x00000000546c6148 is an unknown value
R11=0x000006d354c177e3 is an unknown value
R12=0x0 is NULL
R13={method} {0x00000201f0f437c8} 'executeRunLoop0' '(Ljava/lang/Object;)V' in 'net/rubygrapefruit/platform/internal/jni/AbstractFileEventFunctions$NativeFileWatcher'
R14=0x00000068436ff0e0 is pointing into the stack for thread: 0x00000201ee282950
R15=0x00000201ee282950 is a thread


Registers:
RAX=0x2473636974736974, RBX=0x0000000000000001, RCX=0x2473636974736974, RDX=0x00000068436fe718
RSP=0x00000068436fe6c0, RBP=0x00000068436ff0b8, RSI=0x0000000000000000, RDI=0x00000000ffffffff
R8 =0x00000068436fe720, R9 =0x000000007ffea000, R10=0x00000000546c6148, R11=0x000006d354c177e3
R12=0x0000000000000000, R13=0x00000201f0f437c0, R14=0x00000068436ff0e0, R15=0x00000201ee282950
RIP=0x00007ffa2c9f362e, EFLAGS=0x0000000000010206

Top of Stack: (sp=0x00000068436fe6c0)
0x00000068436fe6c0:   000364d4766e9b34 000364d47661d73c
0x00000068436fe6d0:   000364d4766e9b34 00007ffa2ca0e965
0x00000068436fe6e0:   00000068436fe798 00000068436fe718
0x00000068436fe6f0:   0000006800000000 00000068436fe728
0x00000068436fe700:   00000068436f0001 000008b0346262d5
0x00000068436fe710:   00000068436fe720 0000000000000000
0x00000068436fe720:   000364d47661d73c 000364d4766e9b34
0x00000068436fe730:   00000000eab808d8 00007ffa2ca0e4f7
0x00000068436fe740:   00000068436fe798 00000068436fe790
0x00000068436fe750:   00000201ecf883d0 00007ffa2c9fd473
0x00000068436fe760:   0000006800000000 0000006842efc480
0x00000068436fe770:   000364d4766e9b34 0000000000000000
0x00000068436fe780:   0000006800000000 00000068436fe7f0
0x00000068436fe790:   000098c8d1e00dcc 0000000000000000
0x00000068436fe7a0:   00000201f1e82430 00007ffa2c9f385c
0x00000068436fe7b0:   2473636974736974 0000020100000003 

Instructions: (pc=0x00007ffa2c9f362e)
0x00007ffa2c9f352e:   8b 00 48 89 44 24 38 48 8b 44 24 38 48 89 44 24
0x00007ffa2c9f353e:   58 48 8b 84 24 b0 00 00 00 48 83 c0 08 48 89 44
0x00007ffa2c9f354e:   24 40 48 8d 54 24 70 48 8b 4c 24 40 e8 84 1a fe
0x00007ffa2c9f355e:   ff 48 8b 00 48 89 44 24 48 48 8b 44 24 48 48 89
0x00007ffa2c9f356e:   44 24 60 4c 8b 4c 24 50 4c 8b 44 24 58 48 8b 54
0x00007ffa2c9f357e:   24 60 48 8d 4c 24 78 e8 b2 48 fe ff 48 8d 4c 24
0x00007ffa2c9f358e:   78 e8 a8 20 fe ff 48 8b c8 ff 15 6b ba 16 00 89
0x00007ffa2c9f359e:   44 24 24 83 7c 24 24 ff 74 15 8b 44 24 24 83 e0
0x00007ffa2c9f35ae:   10 85 c0 74 0a c7 44 24 28 01 00 00 00 eb 08 c7
0x00007ffa2c9f35be:   44 24 28 00 00 00 00 0f b6 44 24 28 88 44 24 20
0x00007ffa2c9f35ce:   48 8d 4c 24 78 e8 04 49 fe ff 0f b6 44 24 20 48
0x00007ffa2c9f35de:   8b 8c 24 98 00 00 00 48 33 cc e8 35 fe fd ff 48
0x00007ffa2c9f35ee:   81 c4 a8 00 00 00 c3 cc cc cc cc cc cc cc cc cc
0x00007ffa2c9f35fe:   cc cc 48 89 4c 24 08 48 81 ec e8 00 00 00 48 8b
0x00007ffa2c9f360e:   05 a5 1a 15 00 48 33 c4 48 89 84 24 d0 00 00 00
0x00007ffa2c9f361e:   c7 44 24 30 00 00 00 00 48 8b 84 24 f0 00 00 00
0x00007ffa2c9f362e:   83 78 68 03 0f 84 02 01 00 00 48 8b 84 24 f0 00
0x00007ffa2c9f363e:   00 00 48 8b 48 28 ff 15 c6 b9 16 00 89 44 24 38
0x00007ffa2c9f364e:   83 7c 24 38 00 0f 85 d0 00 00 00 ba 07 00 00 00
0x00007ffa2c9f365e:   48 8b 0d e3 69 15 00 e8 cd d9 fd ff 88 44 24 34
0x00007ffa2c9f366e:   0f b6 44 24 34 85 c0 0f 84 90 00 00 00 ff 15 97
0x00007ffa2c9f367e:   b9 16 00 89 44 24 3c 48 8b 84 24 f0 00 00 00 48
0x00007ffa2c9f368e:   83 c0 08 48 8b d0 48 8d 8c 24 90 00 00 00 e8 cd
0x00007ffa2c9f369e:   5b fe ff 48 89 44 24 40 48 8b 44 24 40 48 89 44
0x00007ffa2c9f36ae:   24 48 8b 44 24 30 83 c8 01 89 44 24 30 48 8b 4c
0x00007ffa2c9f36be:   24 48 e8 4e 4d fe ff 48 89 44 24 50 48 8b 84 24
0x00007ffa2c9f36ce:   f0 00 00 00 48 8b 40 28 48 89 44 24 58 8b 44 24
0x00007ffa2c9f36de:   3c 89 44 24 28 48 8b 44 24 50 48 89 44 24 20 4c
0x00007ffa2c9f36ee:   8b 4c 24 58 4c 8d 05 67 4f 11 00 ba 07 00 00 00
0x00007ffa2c9f36fe:   48 8b 0d 43 69 15 00 e8 71 67 fe ff 90 8b 44 24
0x00007ffa2c9f370e:   30 83 e0 01 85 c0 74 13 83 64 24 30 fe 48 8d 8c
0x00007ffa2c9f371e:   24 90 00 00 00 e8 eb 1a fe ff 90 eb 00 48 8b 84 


Stack slot to memory mapping:
stack at sp + 0 slots: 0x000364d4766e9b34 is an unknown value
stack at sp + 1 slots: 0x000364d47661d73c is an unknown value
stack at sp + 2 slots: 0x000364d4766e9b34 is an unknown value
stack at sp + 3 slots: 0x00007ffa2ca0e965 native-platform-file-events.dll
stack at sp + 4 slots: 0x00000068436fe798 is pointing into the stack for thread: 0x00000201ee282950
stack at sp + 5 slots: 0x00000068436fe718 is pointing into the stack for thread: 0x00000201ee282950
stack at sp + 6 slots: 0x0000006800000000 is an unknown value
stack at sp + 7 slots: 0x00000068436fe728 is pointing into the stack for thread: 0x00000201ee282950


---------------  P R O C E S S  ---------------

Threads class SMR info:
_java_thread_list=0x00000201f1c29880, length=56, elements={
0x00000201cff4bb10, 0x00000201eb4e01c0, 0x00000201eb4e0cd0, 0x00000201eb4f4780,
0x00000201eb4f70a0, 0x00000201eb4f79b0, 0x00000201eb4f92d0, 0x00000201eb4fafd0,
0x00000201eb4fb9d0, 0x00000201eb4fc320, 0x00000201ec0e03a0, 0x00000201ec0f4910,
0x00000201ec5363a0, 0x00000201ec5368f0, 0x00000201ec5378e0, 0x00000201ec5353b0,
0x00000201ec536e40, 0x00000201ec537390, 0x00000201ec535900, 0x00000201ec537e30,
0x00000201ec538380, 0x00000201ee280970, 0x00000201ee284930, 0x00000201ee284e80,
0x00000201ee280ec0, 0x00000201ee281eb0, 0x00000201ee282950, 0x00000201ee281960,
0x00000201ee2853d0, 0x00000201ee282ea0, 0x00000201ee2863c0, 0x00000201ee286910,
0x00000201ee285e70, 0x00000201ee2833f0, 0x00000201ee27fed0, 0x00000201ee281410,
0x00000201ee282400, 0x00000201ee283940, 0x00000201ee6ab040, 0x00000201ee6ab590,
0x00000201ee6ad020, 0x00000201ee6ad570, 0x00000201ee6abae0, 0x00000201ee6aa5a0,
0x00000201ee6adac0, 0x00000201ee6ac580, 0x00000201ee6ac030, 0x00000201ee6acad0,
0x00000201f1c608b0, 0x00000201f1c5fe10, 0x00000201f1c5b900, 0x00000201f1c5e380,
0x00000201f1c60360, 0x00000201f1c60e00, 0x00000201f1c61350, 0x00000201ec2757b0
}

Java Threads: ( => current thread )
  0x00000201cff4bb10 JavaThread "main" [_thread_blocked, id=7712, stack(0x0000006840f00000,0x0000006841000000)]
  0x00000201eb4e01c0 JavaThread "Reference Handler" daemon [_thread_blocked, id=11000, stack(0x0000006841600000,0x0000006841700000)]
  0x00000201eb4e0cd0 JavaThread "Finalizer" daemon [_thread_blocked, id=9584, stack(0x0000006841700000,0x0000006841800000)]
  0x00000201eb4f4780 JavaThread "Signal Dispatcher" daemon [_thread_blocked, id=11244, stack(0x0000006841800000,0x0000006841900000)]
  0x00000201eb4f70a0 JavaThread "Attach Listener" daemon [_thread_blocked, id=3308, stack(0x0000006841900000,0x0000006841a00000)]
  0x00000201eb4f79b0 JavaThread "Service Thread" daemon [_thread_blocked, id=3356, stack(0x0000006841a00000,0x0000006841b00000)]
  0x00000201eb4f92d0 JavaThread "Monitor Deflation Thread" daemon [_thread_blocked, id=4828, stack(0x0000006841b00000,0x0000006841c00000)]
  0x00000201eb4fafd0 JavaThread "C2 CompilerThread0" daemon [_thread_in_native, id=14220, stack(0x0000006841c00000,0x0000006841d00000)]
  0x00000201eb4fb9d0 JavaThread "C1 CompilerThread0" daemon [_thread_blocked, id=10300, stack(0x0000006841d00000,0x0000006841e00000)]
  0x00000201eb4fc320 JavaThread "Sweeper thread" daemon [_thread_blocked, id=7296, stack(0x0000006841e00000,0x0000006841f00000)]
  0x00000201ec0e03a0 JavaThread "Common-Cleaner" daemon [_thread_blocked, id=5912, stack(0x0000006841f00000,0x0000006842000000)]
  0x00000201ec0f4910 JavaThread "Notification Thread" daemon [_thread_blocked, id=2604, stack(0x0000006842000000,0x0000006842100000)]
  0x00000201ec5363a0 JavaThread "Daemon health stats" [_thread_blocked, id=688, stack(0x0000006842800000,0x0000006842900000)]
  0x00000201ec5368f0 JavaThread "Incoming local TCP Connector on port 51508" [_thread_in_native, id=13668, stack(0x0000006842900000,0x0000006842a00000)]
  0x00000201ec5378e0 JavaThread "Daemon periodic checks" [_thread_blocked, id=2948, stack(0x0000006842a00000,0x0000006842b00000)]
  0x00000201ec5353b0 JavaThread "Daemon" [_thread_blocked, id=9292, stack(0x0000006842b00000,0x0000006842c00000)]
  0x00000201ec536e40 JavaThread "Handler for socket connection from /127.0.0.1:51508 to /127.0.0.1:51509" [_thread_in_native, id=7164, stack(0x0000006842c00000,0x0000006842d00000)]
  0x00000201ec537390 JavaThread "Cancel handler" [_thread_blocked, id=13932, stack(0x0000006842d00000,0x0000006842e00000)]
  0x00000201ec535900 JavaThread "Daemon worker" [_thread_blocked, id=8532, stack(0x0000006842e00000,0x0000006842f00000)]
  0x00000201ec537e30 JavaThread "Asynchronous log dispatcher for DefaultDaemonConnection: socket connection from /127.0.0.1:51508 to /127.0.0.1:51509" [_thread_blocked, id=12464, stack(0x0000006842f00000,0x0000006843000000)]
  0x00000201ec538380 JavaThread "Stdin handler" [_thread_blocked, id=7920, stack(0x0000006843000000,0x0000006843100000)]
  0x00000201ee280970 JavaThread "Daemon client event forwarder" [_thread_blocked, id=1988, stack(0x0000006843100000,0x0000006843200000)]
  0x00000201ee284930 JavaThread "Cache worker for file hash cache (C:\Users\80010-02-10\.gradle\caches\7.0\fileHashes)" [_thread_blocked, id=6636, stack(0x0000006843200000,0x0000006843300000)]
  0x00000201ee284e80 JavaThread "File lock request listener" [_thread_in_native, id=3860, stack(0x0000006843300000,0x0000006843400000)]
  0x00000201ee280ec0 JavaThread "Cache worker for journal cache (C:\Users\80010-02-10\.gradle\caches\journal-1)" [_thread_blocked, id=12976, stack(0x0000006843400000,0x0000006843500000)]
  0x00000201ee281eb0 JavaThread "Cache worker for file hash cache (U:\80010-02-10\Behzad\Projects\tableView\.gradle\7.0\fileHashes)" [_thread_blocked, id=6820, stack(0x0000006843500000,0x0000006843600000)]
=>0x00000201ee282950 JavaThread "File watcher server" daemon [_thread_in_native, id=11828, stack(0x0000006843600000,0x0000006843700000)]
  0x00000201ee281960 JavaThread "File watcher consumer" daemon [_thread_blocked, id=11352, stack(0x0000006843700000,0x0000006843800000)]
  0x00000201ee2853d0 JavaThread "Cache worker for checksums cache (U:\80010-02-10\Behzad\Projects\tableView\.gradle\checksums)" [_thread_blocked, id=8304, stack(0x0000006843800000,0x0000006843900000)]
  0x00000201ee282ea0 JavaThread "Cache worker for cache directory md-supplier (C:\Users\80010-02-10\.gradle\caches\7.0\md-supplier)" [_thread_blocked, id=13600, stack(0x0000006843900000,0x0000006843a00000)]
  0x00000201ee2863c0 JavaThread "Cache worker for cache directory md-rule (C:\Users\80010-02-10\.gradle\caches\7.0\md-rule)" [_thread_blocked, id=8540, stack(0x0000006843a00000,0x0000006843b00000)]
  0x00000201ee286910 JavaThread "Cache worker for execution history cache (C:\Users\80010-02-10\.gradle\caches\7.0\executionHistory)" [_thread_blocked, id=6696, stack(0x0000006843b00000,0x0000006843c00000)]
  0x00000201ee285e70 JavaThread "jar transforms" [_thread_blocked, id=8908, stack(0x0000006843d00000,0x0000006843e00000)]
  0x00000201ee2833f0 JavaThread "jar transforms Thread 2" [_thread_blocked, id=9644, stack(0x0000006843e00000,0x0000006843f00000)]
  0x00000201ee27fed0 JavaThread "Cache worker for file content cache (C:\Users\80010-02-10\.gradle\caches\7.0\fileContent)" [_thread_blocked, id=7332, stack(0x0000006843f00000,0x0000006844000000)]
  0x00000201ee281410 JavaThread "jar transforms Thread 3" [_thread_blocked, id=5848, stack(0x0000006844000000,0x0000006844100000)]
  0x00000201ee282400 JavaThread "jar transforms Thread 4" [_thread_blocked, id=8824, stack(0x0000006844100000,0x0000006844200000)]
  0x00000201ee283940 JavaThread "jar transforms Thread 5" [_thread_blocked, id=2748, stack(0x0000006844200000,0x0000006844300000)]
  0x00000201ee6ab040 JavaThread "Build operations" [_thread_blocked, id=856, stack(0x0000006844300000,0x0000006844400000)]
  0x00000201ee6ab590 JavaThread "jar transforms Thread 6" [_thread_blocked, id=4236, stack(0x0000006844400000,0x0000006844500000)]
  0x00000201ee6ad020 JavaThread "gradle-enterprise-worker-0" [_thread_in_Java, id=9752, stack(0x0000006844500000,0x0000006844600000)]
  0x00000201ee6ad570 JavaThread "Cache worker for dependencies-accessors (U:\80010-02-10\Behzad\Projects\tableView\.gradle\7.0\dependencies-accessors)" [_thread_blocked, id=4788, stack(0x0000006844600000,0x0000006844700000)]
  0x00000201ee6abae0 JavaThread "Cache worker for Build Output Cleanup Cache (U:\80010-02-10\Behzad\Projects\tableView\.gradle\buildOutputCleanup)" [_thread_blocked, id=2908, stack(0x0000006844700000,0x0000006844800000)]
  0x00000201ee6aa5a0 JavaThread "Build operations Thread 2" [_thread_blocked, id=9208, stack(0x0000006844800000,0x0000006844900000)]
  0x00000201ee6adac0 JavaThread "Build operations Thread 3" [_thread_blocked, id=936, stack(0x0000006844900000,0x0000006844a00000)]
  0x00000201ee6ac580 JavaThread "Build operations Thread 4" [_thread_blocked, id=1080, stack(0x0000006844a00000,0x0000006844b00000)]
  0x00000201ee6ac030 JavaThread "Build operations Thread 5" [_thread_blocked, id=8556, stack(0x0000006844b00000,0x0000006844c00000)]
  0x00000201ee6acad0 JavaThread "Build operations Thread 6" [_thread_blocked, id=3704, stack(0x0000006844c00000,0x0000006844d00000)]
  0x00000201f1c608b0 JavaThread "Memory manager" [_thread_blocked, id=564, stack(0x0000006844d00000,0x0000006844e00000)]
  0x00000201f1c5fe10 JavaThread "Cache worker for execution history cache (U:\80010-02-10\Behzad\Projects\tableView\.gradle\7.0\executionHistory)" [_thread_blocked, id=13408, stack(0x0000006845300000,0x0000006845400000)]
  0x00000201f1c5b900 JavaThread "Cache worker for Java compile cache (C:\Users\80010-02-10\.gradle\caches\7.0\javaCompile)" [_thread_blocked, id=9936, stack(0x0000006845400000,0x0000006845500000)]
  0x00000201f1c5e380 JavaThread "Cache worker for Java compile cache (U:\80010-02-10\Behzad\Projects\tableView\.gradle\7.0\javaCompile)" [_thread_blocked, id=1056, stack(0x0000006845500000,0x0000006845600000)]
  0x00000201f1c60360 JavaThread "Exec process" [_thread_blocked, id=13512, stack(0x0000006845700000,0x0000006845800000)]
  0x00000201f1c60e00 JavaThread "Exec process Thread 2" [_thread_blocked, id=7892, stack(0x0000006845800000,0x0000006845900000)]
  0x00000201f1c61350 JavaThread "Exec process Thread 3" [_thread_blocked, id=13124, stack(0x0000006845900000,0x0000006845a00000)]
  0x00000201ec2757b0 JavaThread "C2 CompilerThread1" daemon [_thread_blocked, id=5836, stack(0x0000006842200000,0x0000006842300000)]

Other Threads:
  0x00000201eb4d94c0 VMThread "VM Thread" [stack: 0x0000006841500000,0x0000006841600000] [id=1916]
  0x00000201ec0f5a60 WatcherThread [stack: 0x0000006842100000,0x0000006842200000] [id=8708]
  0x00000201cff78f40 GCTaskThread "GC Thread#0" [stack: 0x0000006841000000,0x0000006841100000] [id=5512]
  0x00000201eca97780 GCTaskThread "GC Thread#1" [stack: 0x0000006842300000,0x0000006842400000] [id=13020]
  0x00000201ec8115c0 GCTaskThread "GC Thread#2" [stack: 0x0000006842400000,0x0000006842500000] [id=13360]
  0x00000201ecb45f50 GCTaskThread "GC Thread#3" [stack: 0x0000006842500000,0x0000006842600000] [id=6200]
  0x00000201ecb06cb0 GCTaskThread "GC Thread#4" [stack: 0x0000006842600000,0x0000006842700000] [id=13800]
  0x00000201ecb073d0 GCTaskThread "GC Thread#5" [stack: 0x0000006842700000,0x0000006842800000] [id=11580]
  0x00000201cff7de30 ConcurrentGCThread "G1 Main Marker" [stack: 0x0000006841100000,0x0000006841200000] [id=2356]
  0x00000201cff7e6d0 ConcurrentGCThread "G1 Conc#0" [stack: 0x0000006841200000,0x0000006841300000] [id=2296]
  0x00000201ef68f8b0 ConcurrentGCThread "G1 Conc#1" [stack: 0x0000006843c00000,0x0000006843d00000] [id=3892]
  0x00000201eb3980c0 ConcurrentGCThread "G1 Refine#0" [stack: 0x0000006841300000,0x0000006841400000] [id=13672]
  0x00000201ee6a2870 ConcurrentGCThread "G1 Refine#1" [stack: 0x0000006845600000,0x0000006845700000] [id=6632]
  0x00000201eb3987f0 ConcurrentGCThread "G1 Service" [stack: 0x0000006841400000,0x0000006841500000] [id=13416]

Threads with active compile tasks:
C2 CompilerThread0    19295 6466       4       java.util.TreeMap::fixAfterInsertion (267 bytes)

VM state: not at safepoint (normal execution)

VM Mutex/Monitor currently owned by a thread: None

Heap address: 0x00000000e0000000, size: 512 MB, Compressed Oops mode: 32-bit

CDS archive(s) mapped at: [0x0000000800000000-0x0000000800bf0000-0x0000000800bf0000), size 12517376, SharedBaseAddress: 0x0000000800000000, ArchiveRelocationMode: 0.
Compressed class space mapped at: 0x0000000800c00000-0x000000080dc00000, reserved size: 218103808
Narrow klass base: 0x0000000800000000, Narrow klass shift: 3, Narrow klass range: 0x100000000

GC Precious Log:
 CPUs: 6 total, 6 available
 Memory: 16219M
 Large Page Support: Disabled
 NUMA Support: Disabled
 Compressed Oops: Enabled (32-bit)
 Heap Region Size: 1M
 Heap Min Capacity: 256M
 Heap Initial Capacity: 256M
 Heap Max Capacity: 512M
 Pre-touch: Disabled
 Parallel Workers: 6
 Concurrent Workers: 2
 Concurrent Refinement Workers: 6
 Periodic GC: Disabled

Heap:
 garbage-first heap   total 262144K, used 51792K [0x00000000e0000000, 0x0000000100000000)
  region size 1024K, 12 young (12288K), 4 survivors (4096K)
 Metaspace       used 59526K, committed 60032K, reserved 270336K
  class space    used 8255K, committed 8512K, reserved 212992K

Heap Regions: E=young(eden), S=young(survivor), O=old, HS=humongous(starts), HC=humongous(continues), CS=collection set, F=free, OA=open archive, CA=closed archive, TAMS=top-at-mark-start (previous, next)
|   0|0x00000000e0000000, 0x00000000e0100000, 0x00000000e0100000|100%| O|  |TAMS 0x00000000e0100000, 0x00000000e0000000| Untracked 
|   1|0x00000000e0100000, 0x00000000e0200000, 0x00000000e0200000|100%| O|  |TAMS 0x00000000e0200000, 0x00000000e0100000| Untracked 
|   2|0x00000000e0200000, 0x00000000e0300000, 0x00000000e0300000|100%| O|  |TAMS 0x00000000e0200000, 0x00000000e0200000| Untracked 
|   3|0x00000000e0300000, 0x00000000e0400000, 0x00000000e0400000|100%|HS|  |TAMS 0x00000000e0400000, 0x00000000e0300000| Complete 
|   4|0x00000000e0400000, 0x00000000e0500000, 0x00000000e0500000|100%|HC|  |TAMS 0x00000000e0500000, 0x00000000e0400000| Complete 
|   5|0x00000000e0500000, 0x00000000e0600000, 0x00000000e0600000|100%|HC|  |TAMS 0x00000000e0600000, 0x00000000e0500000| Complete 
|   6|0x00000000e0600000, 0x00000000e0700000, 0x00000000e0700000|100%| O|  |TAMS 0x00000000e0700000, 0x00000000e0600000| Untracked 
|   7|0x00000000e0700000, 0x00000000e0800000, 0x00000000e0800000|100%| O|  |TAMS 0x00000000e0800000, 0x00000000e0700000| Untracked 
|   8|0x00000000e0800000, 0x00000000e0900000, 0x00000000e0900000|100%| O|  |TAMS 0x00000000e0900000, 0x00000000e0800000| Untracked 
|   9|0x00000000e0900000, 0x00000000e0a00000, 0x00000000e0a00000|100%| O|  |TAMS 0x00000000e0a00000, 0x00000000e0900000| Untracked 
|  10|0x00000000e0a00000, 0x00000000e0b00000, 0x00000000e0b00000|100%| O|  |TAMS 0x00000000e0b00000, 0x00000000e0a00000| Untracked 
|  11|0x00000000e0b00000, 0x00000000e0c00000, 0x00000000e0c00000|100%| O|  |TAMS 0x00000000e0c00000, 0x00000000e0b00000| Untracked 
|  12|0x00000000e0c00000, 0x00000000e0d00000, 0x00000000e0d00000|100%|HS|  |TAMS 0x00000000e0d00000, 0x00000000e0c00000| Complete 
|  13|0x00000000e0d00000, 0x00000000e0e00000, 0x00000000e0e00000|100%| O|  |TAMS 0x00000000e0e00000, 0x00000000e0d00000| Untracked 
|  14|0x00000000e0e00000, 0x00000000e0f00000, 0x00000000e0f00000|100%| O|  |TAMS 0x00000000e0f00000, 0x00000000e0e00000| Untracked 
|  15|0x00000000e0f00000, 0x00000000e1000000, 0x00000000e1000000|100%| O|  |TAMS 0x00000000e1000000, 0x00000000e0f00000| Untracked 
|  16|0x00000000e1000000, 0x00000000e1100000, 0x00000000e1100000|100%| O|  |TAMS 0x00000000e1100000, 0x00000000e1000000| Untracked 
|  17|0x00000000e1100000, 0x00000000e1200000, 0x00000000e1200000|100%| O|  |TAMS 0x00000000e1200000, 0x00000000e1100000| Untracked 
|  18|0x00000000e1200000, 0x00000000e1300000, 0x00000000e1300000|100%| O|  |TAMS 0x00000000e1300000, 0x00000000e1200000| Untracked 
|  19|0x00000000e1300000, 0x00000000e1400000, 0x00000000e1400000|100%| O|  |TAMS 0x00000000e1400000, 0x00000000e1300000| Untracked 
|  20|0x00000000e1400000, 0x00000000e1500000, 0x00000000e1500000|100%| O|  |TAMS 0x00000000e14f5a00, 0x00000000e1400000| Untracked 
|  21|0x00000000e1500000, 0x00000000e1600000, 0x00000000e1600000|100%| O|  |TAMS 0x00000000e1500000, 0x00000000e1500000| Untracked 
|  22|0x00000000e1600000, 0x00000000e1700000, 0x00000000e1700000|100%| O|  |TAMS 0x00000000e1600000, 0x00000000e1600000| Untracked 
|  23|0x00000000e1700000, 0x00000000e1800000, 0x00000000e1800000|100%| O|  |TAMS 0x00000000e1700000, 0x00000000e1700000| Untracked 
|  24|0x00000000e1800000, 0x00000000e1900000, 0x00000000e1900000|100%| O|  |TAMS 0x00000000e1800000, 0x00000000e1800000| Untracked 
|  25|0x00000000e1900000, 0x00000000e1a00000, 0x00000000e1a00000|100%| O|  |TAMS 0x00000000e1900000, 0x00000000e1900000| Untracked 
|  26|0x00000000e1a00000, 0x00000000e1b00000, 0x00000000e1b00000|100%| O|  |TAMS 0x00000000e1a00000, 0x00000000e1a00000| Untracked 
|  27|0x00000000e1b00000, 0x00000000e1c00000, 0x00000000e1c00000|100%| O|  |TAMS 0x00000000e1b00000, 0x00000000e1b00000| Untracked 
|  28|0x00000000e1c00000, 0x00000000e1d00000, 0x00000000e1d00000|100%| O|  |TAMS 0x00000000e1c00000, 0x00000000e1c00000| Untracked 
|  29|0x00000000e1d00000, 0x00000000e1e00000, 0x00000000e1e00000|100%| O|  |TAMS 0x00000000e1d00000, 0x00000000e1d00000| Untracked 
|  30|0x00000000e1e00000, 0x00000000e1f00000, 0x00000000e1f00000|100%| O|  |TAMS 0x00000000e1e00000, 0x00000000e1e00000| Untracked 
|  31|0x00000000e1f00000, 0x00000000e2000000, 0x00000000e2000000|100%| O|  |TAMS 0x00000000e1f00000, 0x00000000e1f00000| Untracked 
|  32|0x00000000e2000000, 0x00000000e2100000, 0x00000000e2100000|100%| O|  |TAMS 0x00000000e2000000, 0x00000000e2000000| Untracked 
|  33|0x00000000e2100000, 0x00000000e2200000, 0x00000000e2200000|100%| O|  |TAMS 0x00000000e2100000, 0x00000000e2100000| Untracked 
|  34|0x00000000e2200000, 0x00000000e2300000, 0x00000000e2300000|100%| O|  |TAMS 0x00000000e2200000, 0x00000000e2200000| Untracked 
|  35|0x00000000e2300000, 0x00000000e2400000, 0x00000000e2400000|100%| O|  |TAMS 0x00000000e2300000, 0x00000000e2300000| Untracked 
|  36|0x00000000e2400000, 0x00000000e2500000, 0x00000000e2500000|100%| O|  |TAMS 0x00000000e2400000, 0x00000000e2400000| Untracked 
|  37|0x00000000e2500000, 0x00000000e2600000, 0x00000000e2600000|100%| O|  |TAMS 0x00000000e2500000, 0x00000000e2500000| Untracked 
|  38|0x00000000e2600000, 0x00000000e2700000, 0x00000000e2700000|100%| O|  |TAMS 0x00000000e2600000, 0x00000000e2600000| Untracked 
|  39|0x00000000e2700000, 0x00000000e27ca200, 0x00000000e2800000| 78%| O|  |TAMS 0x00000000e2700000, 0x00000000e2700000| Untracked 
|  40|0x00000000e2800000, 0x00000000e2800000, 0x00000000e2900000|  0%| F|  |TAMS 0x00000000e2800000, 0x00000000e2800000| Untracked 
|  41|0x00000000e2900000, 0x00000000e2900000, 0x00000000e2a00000|  0%| F|  |TAMS 0x00000000e2900000, 0x00000000e2900000| Untracked 
|  42|0x00000000e2a00000, 0x00000000e2a00000, 0x00000000e2b00000|  0%| F|  |TAMS 0x00000000e2a00000, 0x00000000e2a00000| Untracked 
|  43|0x00000000e2b00000, 0x00000000e2b00000, 0x00000000e2c00000|  0%| F|  |TAMS 0x00000000e2b00000, 0x00000000e2b00000| Untracked 
|  44|0x00000000e2c00000, 0x00000000e2c00000, 0x00000000e2d00000|  0%| F|  |TAMS 0x00000000e2c00000, 0x00000000e2c00000| Untracked 
|  45|0x00000000e2d00000, 0x00000000e2d00000, 0x00000000e2e00000|  0%| F|  |TAMS 0x00000000e2d00000, 0x00000000e2d00000| Untracked 
|  46|0x00000000e2e00000, 0x00000000e2e00000, 0x00000000e2f00000|  0%| F|  |TAMS 0x00000000e2e00000, 0x00000000e2e00000| Untracked 
|  47|0x00000000e2f00000, 0x00000000e2f00000, 0x00000000e3000000|  0%| F|  |TAMS 0x00000000e2f00000, 0x00000000e2f00000| Untracked 
|  48|0x00000000e3000000, 0x00000000e3000000, 0x00000000e3100000|  0%| F|  |TAMS 0x00000000e3000000, 0x00000000e3000000| Untracked 
|  49|0x00000000e3100000, 0x00000000e3100000, 0x00000000e3200000|  0%| F|  |TAMS 0x00000000e3100000, 0x00000000e3100000| Untracked 
|  50|0x00000000e3200000, 0x00000000e3200000, 0x00000000e3300000|  0%| F|  |TAMS 0x00000000e3200000, 0x00000000e3200000| Untracked 
|  51|0x00000000e3300000, 0x00000000e3300000, 0x00000000e3400000|  0%| F|  |TAMS 0x00000000e3300000, 0x00000000e3300000| Untracked 
|  52|0x00000000e3400000, 0x00000000e3400000, 0x00000000e3500000|  0%| F|  |TAMS 0x00000000e3400000, 0x00000000e3400000| Untracked 
|  53|0x00000000e3500000, 0x00000000e3500000, 0x00000000e3600000|  0%| F|  |TAMS 0x00000000e3500000, 0x00000000e3500000| Untracked 
|  54|0x00000000e3600000, 0x00000000e3600000, 0x00000000e3700000|  0%| F|  |TAMS 0x00000000e3600000, 0x00000000e3600000| Untracked 
|  55|0x00000000e3700000, 0x00000000e3700000, 0x00000000e3800000|  0%| F|  |TAMS 0x00000000e3700000, 0x00000000e3700000| Untracked 
|  56|0x00000000e3800000, 0x00000000e3800000, 0x00000000e3900000|  0%| F|  |TAMS 0x00000000e3800000, 0x00000000e3800000| Untracked 
|  57|0x00000000e3900000, 0x00000000e3900000, 0x00000000e3a00000|  0%| F|  |TAMS 0x00000000e3900000, 0x00000000e3900000| Untracked 
|  58|0x00000000e3a00000, 0x00000000e3a00000, 0x00000000e3b00000|  0%| F|  |TAMS 0x00000000e3a00000, 0x00000000e3a00000| Untracked 
|  59|0x00000000e3b00000, 0x00000000e3b00000, 0x00000000e3c00000|  0%| F|  |TAMS 0x00000000e3b00000, 0x00000000e3b00000| Untracked 
|  60|0x00000000e3c00000, 0x00000000e3c00000, 0x00000000e3d00000|  0%| F|  |TAMS 0x00000000e3c00000, 0x00000000e3c00000| Untracked 
|  61|0x00000000e3d00000, 0x00000000e3d00000, 0x00000000e3e00000|  0%| F|  |TAMS 0x00000000e3d00000, 0x00000000e3d00000| Untracked 
|  62|0x00000000e3e00000, 0x00000000e3e00000, 0x00000000e3f00000|  0%| F|  |TAMS 0x00000000e3e00000, 0x00000000e3e00000| Untracked 
|  63|0x00000000e3f00000, 0x00000000e3f00000, 0x00000000e4000000|  0%| F|  |TAMS 0x00000000e3f00000, 0x00000000e3f00000| Untracked 
|  64|0x00000000e4000000, 0x00000000e4000000, 0x00000000e4100000|  0%| F|  |TAMS 0x00000000e4000000, 0x00000000e4000000| Untracked 
|  65|0x00000000e4100000, 0x00000000e4100000, 0x00000000e4200000|  0%| F|  |TAMS 0x00000000e4100000, 0x00000000e4100000| Untracked 
|  66|0x00000000e4200000, 0x00000000e4200000, 0x00000000e4300000|  0%| F|  |TAMS 0x00000000e4200000, 0x00000000e4200000| Untracked 
|  67|0x00000000e4300000, 0x00000000e4300000, 0x00000000e4400000|  0%| F|  |TAMS 0x00000000e4300000, 0x00000000e4300000| Untracked 
|  68|0x00000000e4400000, 0x00000000e4400000, 0x00000000e4500000|  0%| F|  |TAMS 0x00000000e4400000, 0x00000000e4400000| Untracked 
|  69|0x00000000e4500000, 0x00000000e4500000, 0x00000000e4600000|  0%| F|  |TAMS 0x00000000e4500000, 0x00000000e4500000| Untracked 
|  70|0x00000000e4600000, 0x00000000e4600000, 0x00000000e4700000|  0%| F|  |TAMS 0x00000000e4600000, 0x00000000e4600000| Untracked 
|  71|0x00000000e4700000, 0x00000000e4700000, 0x00000000e4800000|  0%| F|  |TAMS 0x00000000e4700000, 0x00000000e4700000| Untracked 
|  72|0x00000000e4800000, 0x00000000e4800000, 0x00000000e4900000|  0%| F|  |TAMS 0x00000000e4800000, 0x00000000e4800000| Untracked 
|  73|0x00000000e4900000, 0x00000000e4900000, 0x00000000e4a00000|  0%| F|  |TAMS 0x00000000e4900000, 0x00000000e4900000| Untracked 
|  74|0x00000000e4a00000, 0x00000000e4a00000, 0x00000000e4b00000|  0%| F|  |TAMS 0x00000000e4a00000, 0x00000000e4a00000| Untracked 
|  75|0x00000000e4b00000, 0x00000000e4b00000, 0x00000000e4c00000|  0%| F|  |TAMS 0x00000000e4b00000, 0x00000000e4b00000| Untracked 
|  76|0x00000000e4c00000, 0x00000000e4c00000, 0x00000000e4d00000|  0%| F|  |TAMS 0x00000000e4c00000, 0x00000000e4c00000| Untracked 
|  77|0x00000000e4d00000, 0x00000000e4d00000, 0x00000000e4e00000|  0%| F|  |TAMS 0x00000000e4d00000, 0x00000000e4d00000| Untracked 
|  78|0x00000000e4e00000, 0x00000000e4e00000, 0x00000000e4f00000|  0%| F|  |TAMS 0x00000000e4e00000, 0x00000000e4e00000| Untracked 
|  79|0x00000000e4f00000, 0x00000000e4f00000, 0x00000000e5000000|  0%| F|  |TAMS 0x00000000e4f00000, 0x00000000e4f00000| Untracked 
|  80|0x00000000e5000000, 0x00000000e5000000, 0x00000000e5100000|  0%| F|  |TAMS 0x00000000e5000000, 0x00000000e5000000| Untracked 
|  81|0x00000000e5100000, 0x00000000e5100000, 0x00000000e5200000|  0%| F|  |TAMS 0x00000000e5100000, 0x00000000e5100000| Untracked 
|  82|0x00000000e5200000, 0x00000000e5200000, 0x00000000e5300000|  0%| F|  |TAMS 0x00000000e5200000, 0x00000000e5200000| Untracked 
|  83|0x00000000e5300000, 0x00000000e5300000, 0x00000000e5400000|  0%| F|  |TAMS 0x00000000e5300000, 0x00000000e5300000| Untracked 
|  84|0x00000000e5400000, 0x00000000e5400000, 0x00000000e5500000|  0%| F|  |TAMS 0x00000000e5400000, 0x00000000e5400000| Untracked 
|  85|0x00000000e5500000, 0x00000000e5500000, 0x00000000e5600000|  0%| F|  |TAMS 0x00000000e5500000, 0x00000000e5500000| Untracked 
|  86|0x00000000e5600000, 0x00000000e5600000, 0x00000000e5700000|  0%| F|  |TAMS 0x00000000e5600000, 0x00000000e5600000| Untracked 
|  87|0x00000000e5700000, 0x00000000e5700000, 0x00000000e5800000|  0%| F|  |TAMS 0x00000000e5700000, 0x00000000e5700000| Untracked 
|  88|0x00000000e5800000, 0x00000000e5800000, 0x00000000e5900000|  0%| F|  |TAMS 0x00000000e5800000, 0x00000000e5800000| Untracked 
|  89|0x00000000e5900000, 0x00000000e5900000, 0x00000000e5a00000|  0%| F|  |TAMS 0x00000000e5900000, 0x00000000e5900000| Untracked 
|  90|0x00000000e5a00000, 0x00000000e5a00000, 0x00000000e5b00000|  0%| F|  |TAMS 0x00000000e5a00000, 0x00000000e5a00000| Untracked 
|  91|0x00000000e5b00000, 0x00000000e5b00000, 0x00000000e5c00000|  0%| F|  |TAMS 0x00000000e5b00000, 0x00000000e5b00000| Untracked 
|  92|0x00000000e5c00000, 0x00000000e5c00000, 0x00000000e5d00000|  0%| F|  |TAMS 0x00000000e5c00000, 0x00000000e5c00000| Untracked 
|  93|0x00000000e5d00000, 0x00000000e5d00000, 0x00000000e5e00000|  0%| F|  |TAMS 0x00000000e5d00000, 0x00000000e5d00000| Untracked 
|  94|0x00000000e5e00000, 0x00000000e5e00000, 0x00000000e5f00000|  0%| F|  |TAMS 0x00000000e5e00000, 0x00000000e5e00000| Untracked 
|  95|0x00000000e5f00000, 0x00000000e5f00000, 0x00000000e6000000|  0%| F|  |TAMS 0x00000000e5f00000, 0x00000000e5f00000| Untracked 
|  96|0x00000000e6000000, 0x00000000e6000000, 0x00000000e6100000|  0%| F|  |TAMS 0x00000000e6000000, 0x00000000e6000000| Untracked 
|  97|0x00000000e6100000, 0x00000000e6100000, 0x00000000e6200000|  0%| F|  |TAMS 0x00000000e6100000, 0x00000000e6100000| Untracked 
|  98|0x00000000e6200000, 0x00000000e6200000, 0x00000000e6300000|  0%| F|  |TAMS 0x00000000e6200000, 0x00000000e6200000| Untracked 
|  99|0x00000000e6300000, 0x00000000e6300000, 0x00000000e6400000|  0%| F|  |TAMS 0x00000000e6300000, 0x00000000e6300000| Untracked 
| 100|0x00000000e6400000, 0x00000000e6400000, 0x00000000e6500000|  0%| F|  |TAMS 0x00000000e6400000, 0x00000000e6400000| Untracked 
| 101|0x00000000e6500000, 0x00000000e6500000, 0x00000000e6600000|  0%| F|  |TAMS 0x00000000e6500000, 0x00000000e6500000| Untracked 
| 102|0x00000000e6600000, 0x00000000e6600000, 0x00000000e6700000|  0%| F|  |TAMS 0x00000000e6600000, 0x00000000e6600000| Untracked 
| 103|0x00000000e6700000, 0x00000000e6700000, 0x00000000e6800000|  0%| F|  |TAMS 0x00000000e6700000, 0x00000000e6700000| Untracked 
| 104|0x00000000e6800000, 0x00000000e6800000, 0x00000000e6900000|  0%| F|  |TAMS 0x00000000e6800000, 0x00000000e6800000| Untracked 
| 105|0x00000000e6900000, 0x00000000e6900000, 0x00000000e6a00000|  0%| F|  |TAMS 0x00000000e6900000, 0x00000000e6900000| Untracked 
| 106|0x00000000e6a00000, 0x00000000e6a00000, 0x00000000e6b00000|  0%| F|  |TAMS 0x00000000e6a00000, 0x00000000e6a00000| Untracked 
| 107|0x00000000e6b00000, 0x00000000e6b00000, 0x00000000e6c00000|  0%| F|  |TAMS 0x00000000e6b00000, 0x00000000e6b00000| Untracked 
| 108|0x00000000e6c00000, 0x00000000e6c00000, 0x00000000e6d00000|  0%| F|  |TAMS 0x00000000e6c00000, 0x00000000e6c00000| Untracked 
| 109|0x00000000e6d00000, 0x00000000e6d00000, 0x00000000e6e00000|  0%| F|  |TAMS 0x00000000e6d00000, 0x00000000e6d00000| Untracked 
| 110|0x00000000e6e00000, 0x00000000e6e00000, 0x00000000e6f00000|  0%| F|  |TAMS 0x00000000e6e00000, 0x00000000e6e00000| Untracked 
| 111|0x00000000e6f00000, 0x00000000e6f00000, 0x00000000e7000000|  0%| F|  |TAMS 0x00000000e6f00000, 0x00000000e6f00000| Untracked 
| 112|0x00000000e7000000, 0x00000000e7000000, 0x00000000e7100000|  0%| F|  |TAMS 0x00000000e7000000, 0x00000000e7000000| Untracked 
| 113|0x00000000e7100000, 0x00000000e7100000, 0x00000000e7200000|  0%| F|  |TAMS 0x00000000e7100000, 0x00000000e7100000| Untracked 
| 114|0x00000000e7200000, 0x00000000e7200000, 0x00000000e7300000|  0%| F|  |TAMS 0x00000000e7200000, 0x00000000e7200000| Untracked 
| 115|0x00000000e7300000, 0x00000000e7300000, 0x00000000e7400000|  0%| F|  |TAMS 0x00000000e7300000, 0x00000000e7300000| Untracked 
| 116|0x00000000e7400000, 0x00000000e7400000, 0x00000000e7500000|  0%| F|  |TAMS 0x00000000e7400000, 0x00000000e7400000| Untracked 
| 117|0x00000000e7500000, 0x00000000e7500000, 0x00000000e7600000|  0%| F|  |TAMS 0x00000000e7500000, 0x00000000e7500000| Untracked 
| 118|0x00000000e7600000, 0x00000000e7600000, 0x00000000e7700000|  0%| F|  |TAMS 0x00000000e7600000, 0x00000000e7600000| Untracked 
| 119|0x00000000e7700000, 0x00000000e7700000, 0x00000000e7800000|  0%| F|  |TAMS 0x00000000e7700000, 0x00000000e7700000| Untracked 
| 120|0x00000000e7800000, 0x00000000e7800000, 0x00000000e7900000|  0%| F|  |TAMS 0x00000000e7800000, 0x00000000e7800000| Untracked 
| 121|0x00000000e7900000, 0x00000000e7900000, 0x00000000e7a00000|  0%| F|  |TAMS 0x00000000e7900000, 0x00000000e7900000| Untracked 
| 122|0x00000000e7a00000, 0x00000000e7a00000, 0x00000000e7b00000|  0%| F|  |TAMS 0x00000000e7a00000, 0x00000000e7a00000| Untracked 
| 123|0x00000000e7b00000, 0x00000000e7b00000, 0x00000000e7c00000|  0%| F|  |TAMS 0x00000000e7b00000, 0x00000000e7b00000| Untracked 
| 124|0x00000000e7c00000, 0x00000000e7c00000, 0x00000000e7d00000|  0%| F|  |TAMS 0x00000000e7c00000, 0x00000000e7c00000| Untracked 
| 125|0x00000000e7d00000, 0x00000000e7d00000, 0x00000000e7e00000|  0%| F|  |TAMS 0x00000000e7d00000, 0x00000000e7d00000| Untracked 
| 126|0x00000000e7e00000, 0x00000000e7e00000, 0x00000000e7f00000|  0%| F|  |TAMS 0x00000000e7e00000, 0x00000000e7e00000| Untracked 
| 127|0x00000000e7f00000, 0x00000000e7f00000, 0x00000000e8000000|  0%| F|  |TAMS 0x00000000e7f00000, 0x00000000e7f00000| Untracked 
| 128|0x00000000e8000000, 0x00000000e8000000, 0x00000000e8100000|  0%| F|  |TAMS 0x00000000e8000000, 0x00000000e8000000| Untracked 
| 129|0x00000000e8100000, 0x00000000e8100000, 0x00000000e8200000|  0%| F|  |TAMS 0x00000000e8100000, 0x00000000e8100000| Untracked 
| 130|0x00000000e8200000, 0x00000000e8200000, 0x00000000e8300000|  0%| F|  |TAMS 0x00000000e8200000, 0x00000000e8200000| Untracked 
| 131|0x00000000e8300000, 0x00000000e8300000, 0x00000000e8400000|  0%| F|  |TAMS 0x00000000e8300000, 0x00000000e8300000| Untracked 
| 132|0x00000000e8400000, 0x00000000e8400000, 0x00000000e8500000|  0%| F|  |TAMS 0x00000000e8400000, 0x00000000e8400000| Untracked 
| 133|0x00000000e8500000, 0x00000000e8500000, 0x00000000e8600000|  0%| F|  |TAMS 0x00000000e8500000, 0x00000000e8500000| Untracked 
| 134|0x00000000e8600000, 0x00000000e8600000, 0x00000000e8700000|  0%| F|  |TAMS 0x00000000e8600000, 0x00000000e8600000| Untracked 
| 135|0x00000000e8700000, 0x00000000e8700000, 0x00000000e8800000|  0%| F|  |TAMS 0x00000000e8700000, 0x00000000e8700000| Untracked 
| 136|0x00000000e8800000, 0x00000000e8800000, 0x00000000e8900000|  0%| F|  |TAMS 0x00000000e8800000, 0x00000000e8800000| Untracked 
| 137|0x00000000e8900000, 0x00000000e8900000, 0x00000000e8a00000|  0%| F|  |TAMS 0x00000000e8900000, 0x00000000e8900000| Untracked 
| 138|0x00000000e8a00000, 0x00000000e8a00000, 0x00000000e8b00000|  0%| F|  |TAMS 0x00000000e8a00000, 0x00000000e8a00000| Untracked 
| 139|0x00000000e8b00000, 0x00000000e8b00000, 0x00000000e8c00000|  0%| F|  |TAMS 0x00000000e8b00000, 0x00000000e8b00000| Untracked 
| 140|0x00000000e8c00000, 0x00000000e8c00000, 0x00000000e8d00000|  0%| F|  |TAMS 0x00000000e8c00000, 0x00000000e8c00000| Untracked 
| 141|0x00000000e8d00000, 0x00000000e8d00000, 0x00000000e8e00000|  0%| F|  |TAMS 0x00000000e8d00000, 0x00000000e8d00000| Untracked 
| 142|0x00000000e8e00000, 0x00000000e8e00000, 0x00000000e8f00000|  0%| F|  |TAMS 0x00000000e8e00000, 0x00000000e8e00000| Untracked 
| 143|0x00000000e8f00000, 0x00000000e8f00000, 0x00000000e9000000|  0%| F|  |TAMS 0x00000000e8f00000, 0x00000000e8f00000| Untracked 
| 144|0x00000000e9000000, 0x00000000e9000000, 0x00000000e9100000|  0%| F|  |TAMS 0x00000000e9000000, 0x00000000e9000000| Untracked 
| 145|0x00000000e9100000, 0x00000000e9100000, 0x00000000e9200000|  0%| F|  |TAMS 0x00000000e9100000, 0x00000000e9100000| Untracked 
| 146|0x00000000e9200000, 0x00000000e9200000, 0x00000000e9300000|  0%| F|  |TAMS 0x00000000e9200000, 0x00000000e9200000| Untracked 
| 147|0x00000000e9300000, 0x00000000e9300000, 0x00000000e9400000|  0%| F|  |TAMS 0x00000000e9300000, 0x00000000e9300000| Untracked 
| 148|0x00000000e9400000, 0x00000000e9400000, 0x00000000e9500000|  0%| F|  |TAMS 0x00000000e9400000, 0x00000000e9400000| Untracked 
| 149|0x00000000e9500000, 0x00000000e9500000, 0x00000000e9600000|  0%| F|  |TAMS 0x00000000e9500000, 0x00000000e9500000| Untracked 
| 150|0x00000000e9600000, 0x00000000e9600000, 0x00000000e9700000|  0%| F|  |TAMS 0x00000000e9600000, 0x00000000e9600000| Untracked 
| 151|0x00000000e9700000, 0x00000000e9700000, 0x00000000e9800000|  0%| F|  |TAMS 0x00000000e9700000, 0x00000000e9700000| Untracked 
| 152|0x00000000e9800000, 0x00000000e9800000, 0x00000000e9900000|  0%| F|  |TAMS 0x00000000e9800000, 0x00000000e9800000| Untracked 
| 153|0x00000000e9900000, 0x00000000e9900000, 0x00000000e9a00000|  0%| F|  |TAMS 0x00000000e9900000, 0x00000000e9900000| Untracked 
| 154|0x00000000e9a00000, 0x00000000e9a00000, 0x00000000e9b00000|  0%| F|  |TAMS 0x00000000e9a00000, 0x00000000e9a00000| Untracked 
| 155|0x00000000e9b00000, 0x00000000e9b00000, 0x00000000e9c00000|  0%| F|  |TAMS 0x00000000e9b00000, 0x00000000e9b00000| Untracked 
| 156|0x00000000e9c00000, 0x00000000e9c00000, 0x00000000e9d00000|  0%| F|  |TAMS 0x00000000e9c00000, 0x00000000e9c00000| Untracked 
| 157|0x00000000e9d00000, 0x00000000e9d00000, 0x00000000e9e00000|  0%| F|  |TAMS 0x00000000e9d00000, 0x00000000e9d00000| Untracked 
| 158|0x00000000e9e00000, 0x00000000e9e00000, 0x00000000e9f00000|  0%| F|  |TAMS 0x00000000e9e00000, 0x00000000e9e00000| Untracked 
| 159|0x00000000e9f00000, 0x00000000e9f00000, 0x00000000ea000000|  0%| F|  |TAMS 0x00000000e9f00000, 0x00000000e9f00000| Untracked 
| 160|0x00000000ea000000, 0x00000000ea000000, 0x00000000ea100000|  0%| F|  |TAMS 0x00000000ea000000, 0x00000000ea000000| Untracked 
| 161|0x00000000ea100000, 0x00000000ea100000, 0x00000000ea200000|  0%| F|  |TAMS 0x00000000ea100000, 0x00000000ea100000| Untracked 
| 162|0x00000000ea200000, 0x00000000ea200000, 0x00000000ea300000|  0%| F|  |TAMS 0x00000000ea200000, 0x00000000ea200000| Untracked 
| 163|0x00000000ea300000, 0x00000000ea300000, 0x00000000ea400000|  0%| F|  |TAMS 0x00000000ea300000, 0x00000000ea300000| Untracked 
| 164|0x00000000ea400000, 0x00000000ea400000, 0x00000000ea500000|  0%| F|  |TAMS 0x00000000ea400000, 0x00000000ea400000| Untracked 
| 165|0x00000000ea500000, 0x00000000ea500000, 0x00000000ea600000|  0%| F|  |TAMS 0x00000000ea500000, 0x00000000ea500000| Untracked 
| 166|0x00000000ea600000, 0x00000000ea600000, 0x00000000ea700000|  0%| F|  |TAMS 0x00000000ea600000, 0x00000000ea600000| Untracked 
| 167|0x00000000ea700000, 0x00000000ea700000, 0x00000000ea800000|  0%| F|  |TAMS 0x00000000ea700000, 0x00000000ea700000| Untracked 
| 168|0x00000000ea800000, 0x00000000ea800000, 0x00000000ea900000|  0%| F|  |TAMS 0x00000000ea800000, 0x00000000ea800000| Untracked 
| 169|0x00000000ea900000, 0x00000000ea900000, 0x00000000eaa00000|  0%| F|  |TAMS 0x00000000ea900000, 0x00000000ea900000| Untracked 
| 170|0x00000000eaa00000, 0x00000000eaa00000, 0x00000000eab00000|  0%| F|  |TAMS 0x00000000eaa00000, 0x00000000eaa00000| Untracked 
| 171|0x00000000eab00000, 0x00000000eab00000, 0x00000000eac00000|  0%| F|  |TAMS 0x00000000eab00000, 0x00000000eab00000| Untracked 
| 172|0x00000000eac00000, 0x00000000eac00000, 0x00000000ead00000|  0%| F|  |TAMS 0x00000000eac00000, 0x00000000eac00000| Untracked 
| 173|0x00000000ead00000, 0x00000000ead00000, 0x00000000eae00000|  0%| F|  |TAMS 0x00000000ead00000, 0x00000000ead00000| Untracked 
| 174|0x00000000eae00000, 0x00000000eae00000, 0x00000000eaf00000|  0%| F|  |TAMS 0x00000000eae00000, 0x00000000eae00000| Untracked 
| 175|0x00000000eaf00000, 0x00000000eaf00000, 0x00000000eb000000|  0%| F|  |TAMS 0x00000000eaf00000, 0x00000000eaf00000| Untracked 
| 176|0x00000000eb000000, 0x00000000eb000000, 0x00000000eb100000|  0%| F|  |TAMS 0x00000000eb000000, 0x00000000eb000000| Untracked 
| 177|0x00000000eb100000, 0x00000000eb100000, 0x00000000eb200000|  0%| F|  |TAMS 0x00000000eb100000, 0x00000000eb100000| Untracked 
| 178|0x00000000eb200000, 0x00000000eb200000, 0x00000000eb300000|  0%| F|  |TAMS 0x00000000eb200000, 0x00000000eb200000| Untracked 
| 179|0x00000000eb300000, 0x00000000eb300000, 0x00000000eb400000|  0%| F|  |TAMS 0x00000000eb300000, 0x00000000eb300000| Untracked 
| 180|0x00000000eb400000, 0x00000000eb400000, 0x00000000eb500000|  0%| F|  |TAMS 0x00000000eb400000, 0x00000000eb400000| Untracked 
| 181|0x00000000eb500000, 0x00000000eb500000, 0x00000000eb600000|  0%| F|  |TAMS 0x00000000eb500000, 0x00000000eb500000| Untracked 
| 182|0x00000000eb600000, 0x00000000eb600000, 0x00000000eb700000|  0%| F|  |TAMS 0x00000000eb600000, 0x00000000eb600000| Untracked 
| 183|0x00000000eb700000, 0x00000000eb700000, 0x00000000eb800000|  0%| F|  |TAMS 0x00000000eb700000, 0x00000000eb700000| Untracked 
| 184|0x00000000eb800000, 0x00000000eb800000, 0x00000000eb900000|  0%| F|  |TAMS 0x00000000eb800000, 0x00000000eb800000| Untracked 
| 185|0x00000000eb900000, 0x00000000eb900000, 0x00000000eba00000|  0%| F|  |TAMS 0x00000000eb900000, 0x00000000eb900000| Untracked 
| 186|0x00000000eba00000, 0x00000000eba00000, 0x00000000ebb00000|  0%| F|  |TAMS 0x00000000eba00000, 0x00000000eba00000| Untracked 
| 187|0x00000000ebb00000, 0x00000000ebb00000, 0x00000000ebc00000|  0%| F|  |TAMS 0x00000000ebb00000, 0x00000000ebb00000| Untracked 
| 188|0x00000000ebc00000, 0x00000000ebc00000, 0x00000000ebd00000|  0%| F|  |TAMS 0x00000000ebc00000, 0x00000000ebc00000| Untracked 
| 189|0x00000000ebd00000, 0x00000000ebd00000, 0x00000000ebe00000|  0%| F|  |TAMS 0x00000000ebd00000, 0x00000000ebd00000| Untracked 
| 190|0x00000000ebe00000, 0x00000000ebe00000, 0x00000000ebf00000|  0%| F|  |TAMS 0x00000000ebe00000, 0x00000000ebe00000| Untracked 
| 191|0x00000000ebf00000, 0x00000000ebf00000, 0x00000000ec000000|  0%| F|  |TAMS 0x00000000ebf00000, 0x00000000ebf00000| Untracked 
| 192|0x00000000ec000000, 0x00000000ec000000, 0x00000000ec100000|  0%| F|  |TAMS 0x00000000ec000000, 0x00000000ec000000| Untracked 
| 193|0x00000000ec100000, 0x00000000ec100000, 0x00000000ec200000|  0%| F|  |TAMS 0x00000000ec100000, 0x00000000ec100000| Untracked 
| 194|0x00000000ec200000, 0x00000000ec200000, 0x00000000ec300000|  0%| F|  |TAMS 0x00000000ec200000, 0x00000000ec200000| Untracked 
| 195|0x00000000ec300000, 0x00000000ec300000, 0x00000000ec400000|  0%| F|  |TAMS 0x00000000ec300000, 0x00000000ec300000| Untracked 
| 196|0x00000000ec400000, 0x00000000ec400000, 0x00000000ec500000|  0%| F|  |TAMS 0x00000000ec400000, 0x00000000ec400000| Untracked 
| 197|0x00000000ec500000, 0x00000000ec500000, 0x00000000ec600000|  0%| F|  |TAMS 0x00000000ec500000, 0x00000000ec500000| Untracked 
| 198|0x00000000ec600000, 0x00000000ec600000, 0x00000000ec700000|  0%| F|  |TAMS 0x00000000ec600000, 0x00000000ec600000| Untracked 
| 199|0x00000000ec700000, 0x00000000ec700000, 0x00000000ec800000|  0%| F|  |TAMS 0x00000000ec700000, 0x00000000ec700000| Untracked 
| 200|0x00000000ec800000, 0x00000000ec800000, 0x00000000ec900000|  0%| F|  |TAMS 0x00000000ec800000, 0x00000000ec800000| Untracked 
| 201|0x00000000ec900000, 0x00000000ec900000, 0x00000000eca00000|  0%| F|  |TAMS 0x00000000ec900000, 0x00000000ec900000| Untracked 
| 202|0x00000000eca00000, 0x00000000eca00000, 0x00000000ecb00000|  0%| F|  |TAMS 0x00000000eca00000, 0x00000000eca00000| Untracked 
| 203|0x00000000ecb00000, 0x00000000ecb00000, 0x00000000ecc00000|  0%| F|  |TAMS 0x00000000ecb00000, 0x00000000ecb00000| Untracked 
| 204|0x00000000ecc00000, 0x00000000ecc00000, 0x00000000ecd00000|  0%| F|  |TAMS 0x00000000ecc00000, 0x00000000ecc00000| Untracked 
| 205|0x00000000ecd00000, 0x00000000ecd00000, 0x00000000ece00000|  0%| F|  |TAMS 0x00000000ecd00000, 0x00000000ecd00000| Untracked 
| 206|0x00000000ece00000, 0x00000000ece00000, 0x00000000ecf00000|  0%| F|  |TAMS 0x00000000ece00000, 0x00000000ece00000| Untracked 
| 207|0x00000000ecf00000, 0x00000000ecf00000, 0x00000000ed000000|  0%| F|  |TAMS 0x00000000ecf00000, 0x00000000ecf00000| Untracked 
| 208|0x00000000ed000000, 0x00000000ed000000, 0x00000000ed100000|  0%| F|  |TAMS 0x00000000ed000000, 0x00000000ed000000| Untracked 
| 209|0x00000000ed100000, 0x00000000ed100000, 0x00000000ed200000|  0%| F|  |TAMS 0x00000000ed100000, 0x00000000ed100000| Untracked 
| 210|0x00000000ed200000, 0x00000000ed200000, 0x00000000ed300000|  0%| F|  |TAMS 0x00000000ed200000, 0x00000000ed200000| Untracked 
| 211|0x00000000ed300000, 0x00000000ed300000, 0x00000000ed400000|  0%| F|  |TAMS 0x00000000ed300000, 0x00000000ed300000| Untracked 
| 212|0x00000000ed400000, 0x00000000ed400000, 0x00000000ed500000|  0%| F|  |TAMS 0x00000000ed400000, 0x00000000ed400000| Untracked 
| 213|0x00000000ed500000, 0x00000000ed500000, 0x00000000ed600000|  0%| F|  |TAMS 0x00000000ed500000, 0x00000000ed500000| Untracked 
| 214|0x00000000ed600000, 0x00000000ed600000, 0x00000000ed700000|  0%| F|  |TAMS 0x00000000ed600000, 0x00000000ed600000| Untracked 
| 215|0x00000000ed700000, 0x00000000ed7c9f90, 0x00000000ed800000| 78%| S|CS|TAMS 0x00000000ed700000, 0x00000000ed700000| Complete 
| 216|0x00000000ed800000, 0x00000000ed900000, 0x00000000ed900000|100%| S|CS|TAMS 0x00000000ed800000, 0x00000000ed800000| Complete 
| 217|0x00000000ed900000, 0x00000000eda00000, 0x00000000eda00000|100%| S|CS|TAMS 0x00000000ed900000, 0x00000000ed900000| Complete 
| 218|0x00000000eda00000, 0x00000000edb00000, 0x00000000edb00000|100%| S|CS|TAMS 0x00000000eda00000, 0x00000000eda00000| Complete 
| 219|0x00000000edb00000, 0x00000000edb00000, 0x00000000edc00000|  0%| F|  |TAMS 0x00000000edb00000, 0x00000000edb00000| Untracked 
| 220|0x00000000edc00000, 0x00000000edc00000, 0x00000000edd00000|  0%| F|  |TAMS 0x00000000edc00000, 0x00000000edc00000| Untracked 
| 221|0x00000000edd00000, 0x00000000edd00000, 0x00000000ede00000|  0%| F|  |TAMS 0x00000000edd00000, 0x00000000edd00000| Untracked 
| 222|0x00000000ede00000, 0x00000000ede00000, 0x00000000edf00000|  0%| F|  |TAMS 0x00000000ede00000, 0x00000000ede00000| Untracked 
| 223|0x00000000edf00000, 0x00000000edf00000, 0x00000000ee000000|  0%| F|  |TAMS 0x00000000edf00000, 0x00000000edf00000| Untracked 
| 224|0x00000000ee000000, 0x00000000ee000000, 0x00000000ee100000|  0%| F|  |TAMS 0x00000000ee000000, 0x00000000ee000000| Untracked 
| 225|0x00000000ee100000, 0x00000000ee100000, 0x00000000ee200000|  0%| F|  |TAMS 0x00000000ee100000, 0x00000000ee100000| Untracked 
| 226|0x00000000ee200000, 0x00000000ee200000, 0x00000000ee300000|  0%| F|  |TAMS 0x00000000ee200000, 0x00000000ee200000| Untracked 
| 227|0x00000000ee300000, 0x00000000ee300000, 0x00000000ee400000|  0%| F|  |TAMS 0x00000000ee300000, 0x00000000ee300000| Untracked 
| 228|0x00000000ee400000, 0x00000000ee400000, 0x00000000ee500000|  0%| F|  |TAMS 0x00000000ee400000, 0x00000000ee400000| Untracked 
| 229|0x00000000ee500000, 0x00000000ee500000, 0x00000000ee600000|  0%| F|  |TAMS 0x00000000ee500000, 0x00000000ee500000| Untracked 
| 230|0x00000000ee600000, 0x00000000ee600000, 0x00000000ee700000|  0%| F|  |TAMS 0x00000000ee600000, 0x00000000ee600000| Untracked 
| 231|0x00000000ee700000, 0x00000000ee700000, 0x00000000ee800000|  0%| F|  |TAMS 0x00000000ee700000, 0x00000000ee700000| Untracked 
| 232|0x00000000ee800000, 0x00000000ee800000, 0x00000000ee900000|  0%| F|  |TAMS 0x00000000ee800000, 0x00000000ee800000| Untracked 
| 233|0x00000000ee900000, 0x00000000ee900000, 0x00000000eea00000|  0%| F|  |TAMS 0x00000000ee900000, 0x00000000ee900000| Untracked 
| 234|0x00000000eea00000, 0x00000000eea00000, 0x00000000eeb00000|  0%| F|  |TAMS 0x00000000eea00000, 0x00000000eea00000| Untracked 
| 235|0x00000000eeb00000, 0x00000000eeb00000, 0x00000000eec00000|  0%| F|  |TAMS 0x00000000eeb00000, 0x00000000eeb00000| Untracked 
| 236|0x00000000eec00000, 0x00000000eec00000, 0x00000000eed00000|  0%| F|  |TAMS 0x00000000eec00000, 0x00000000eec00000| Untracked 
| 237|0x00000000eed00000, 0x00000000eed00000, 0x00000000eee00000|  0%| F|  |TAMS 0x00000000eed00000, 0x00000000eed00000| Untracked 
| 238|0x00000000eee00000, 0x00000000eee00000, 0x00000000eef00000|  0%| F|  |TAMS 0x00000000eee00000, 0x00000000eee00000| Untracked 
| 239|0x00000000eef00000, 0x00000000eef00000, 0x00000000ef000000|  0%| F|  |TAMS 0x00000000eef00000, 0x00000000eef00000| Untracked 
| 240|0x00000000ef000000, 0x00000000ef000000, 0x00000000ef100000|  0%| F|  |TAMS 0x00000000ef000000, 0x00000000ef000000| Untracked 
| 241|0x00000000ef100000, 0x00000000ef100000, 0x00000000ef200000|  0%| F|  |TAMS 0x00000000ef100000, 0x00000000ef100000| Untracked 
| 242|0x00000000ef200000, 0x00000000ef200000, 0x00000000ef300000|  0%| F|  |TAMS 0x00000000ef200000, 0x00000000ef200000| Untracked 
| 243|0x00000000ef300000, 0x00000000ef300000, 0x00000000ef400000|  0%| F|  |TAMS 0x00000000ef300000, 0x00000000ef300000| Untracked 
| 244|0x00000000ef400000, 0x00000000ef400000, 0x00000000ef500000|  0%| F|  |TAMS 0x00000000ef400000, 0x00000000ef400000| Untracked 
| 245|0x00000000ef500000, 0x00000000ef500000, 0x00000000ef600000|  0%| F|  |TAMS 0x00000000ef500000, 0x00000000ef500000| Untracked 
| 246|0x00000000ef600000, 0x00000000ef600000, 0x00000000ef700000|  0%| F|  |TAMS 0x00000000ef600000, 0x00000000ef600000| Untracked 
| 247|0x00000000ef700000, 0x00000000ef700000, 0x00000000ef800000|  0%| F|  |TAMS 0x00000000ef700000, 0x00000000ef700000| Untracked 
| 248|0x00000000ef800000, 0x00000000ef880800, 0x00000000ef900000| 50%| E|  |TAMS 0x00000000ef800000, 0x00000000ef800000| Complete 
| 249|0x00000000ef900000, 0x00000000efa00000, 0x00000000efa00000|100%| E|CS|TAMS 0x00000000ef900000, 0x00000000ef900000| Complete 
| 250|0x00000000efa00000, 0x00000000efb00000, 0x00000000efb00000|100%| E|CS|TAMS 0x00000000efa00000, 0x00000000efa00000| Complete 
| 251|0x00000000efb00000, 0x00000000efc00000, 0x00000000efc00000|100%| E|CS|TAMS 0x00000000efb00000, 0x00000000efb00000| Complete 
| 252|0x00000000efc00000, 0x00000000efd00000, 0x00000000efd00000|100%| E|CS|TAMS 0x00000000efc00000, 0x00000000efc00000| Complete 
| 253|0x00000000efd00000, 0x00000000efe00000, 0x00000000efe00000|100%| E|CS|TAMS 0x00000000efd00000, 0x00000000efd00000| Complete 
| 254|0x00000000efe00000, 0x00000000eff00000, 0x00000000eff00000|100%| E|CS|TAMS 0x00000000efe00000, 0x00000000efe00000| Complete 
| 255|0x00000000eff00000, 0x00000000f0000000, 0x00000000f0000000|100%| E|CS|TAMS 0x00000000eff00000, 0x00000000eff00000| Complete 

Card table byte_map: [0x00000201e7b10000,0x00000201e7c10000] _byte_map_base: 0x00000201e7410000

Marking Bits (Prev, Next): (CMBitMap*) 0x00000201cff79420, (CMBitMap*) 0x00000201cff793e0
 Prev Bits: [0x00000201e8510000, 0x00000201e8d10000)
 Next Bits: [0x00000201e7d10000, 0x00000201e8510000)

Polling page: 0x00000201cde40000

Metaspace:

Usage:
  Non-class:     50.07 MB used.
      Class:      8.06 MB used.
       Both:     58.13 MB used.

Virtual space:
  Non-class space:       56.00 MB reserved,      50.31 MB ( 90%) committed,  7 nodes.
      Class space:      208.00 MB reserved,       8.31 MB (  4%) committed,  1 nodes.
              Both:      264.00 MB reserved,      58.62 MB ( 22%) committed. 

Chunk freelists:
   Non-Class:  960.00 KB
       Class:  3.59 MB
        Both:  4.53 MB

MaxMetaspaceSize: 256.00 MB
CompressedClassSpaceSize: 208.00 MB
 - commit_granule_bytes: 65536.
 - commit_granule_words: 8192.
 - virtual_space_node_default_size: 1048576.
 - enlarge_chunks_in_place: 1.
 - new_chunks_are_fully_committed: 0.
 - uncommit_free_chunks: 1.
 - use_allocation_guard: 0.
 - handle_deallocations: 1.


Internal statistics:

num_allocs_failed_limit: 9.
num_arena_births: 624.
num_arena_deaths: 0.
num_vsnodes_births: 8.
num_vsnodes_deaths: 0.
num_space_committed: 938.
num_space_uncommitted: 0.
num_chunks_returned_to_freelist: 9.
num_chunks_taken_from_freelist: 2999.
num_chunk_merges: 6.
num_chunk_splits: 1957.
num_chunks_enlarged: 1319.
num_purges: 0.

CodeHeap 'non-profiled nmethods': size=120000Kb used=2909Kb max_used=3386Kb free=117090Kb
 bounds [0x00000201e03d0000, 0x00000201e0720000, 0x00000201e7900000]
CodeHeap 'profiled nmethods': size=120000Kb used=11179Kb max_used=11424Kb free=108820Kb
 bounds [0x00000201d8ea0000, 0x00000201d99d0000, 0x00000201e03d0000]
CodeHeap 'non-nmethods': size=5760Kb used=2383Kb max_used=2465Kb free=3376Kb
 bounds [0x00000201d8900000, 0x00000201d8b80000, 0x00000201d8ea0000]
 total_blobs=6589 nmethods=5682 adapters=819
 compilation: enabled
              stopped_count=0, restarted_count=0
 full_count=0

Compilation events (20 events):
Event: 19.216 Thread 0x00000201eb4fb9d0 6419       3       com.gradle.scan.agent.serialization.scan.serializer.kryo.e::a (15 bytes)
Event: 19.216 Thread 0x00000201ec2757b0 nmethod 6413 0x00000201e0453890 code [0x00000201e0453a00, 0x00000201e0453a78]
Event: 19.216 Thread 0x00000201ec2757b0 6418       4       com.gradle.scan.agent.serialization.scan.serializer.f::b (433 bytes)
Event: 19.217 Thread 0x00000201eb4fb9d0 nmethod 6419 0x00000201d8fb4410 code [0x00000201d8fb45c0, 0x00000201d8fb47c8]
Event: 19.218 Thread 0x00000201eb4fafd0 nmethod 6409 0x00000201e0597d10 code [0x00000201e0597ee0, 0x00000201e0598348]
Event: 19.218 Thread 0x00000201eb4fafd0 6420       4       java.util.concurrent.ConcurrentHashMap::put (8 bytes)
Event: 19.219 Thread 0x00000201eb4fb9d0 6421       3       org.gradle.internal.file.DefaultFileHierarchySet$Node::contains (101 bytes)
Event: 19.219 Thread 0x00000201eb4fafd0 nmethod 6420 0x00000201e0597a10 code [0x00000201e0597ba0, 0x00000201e0597c48]
Event: 19.219 Thread 0x00000201eb4fb9d0 nmethod 6421 0x00000201d8fb3490 code [0x00000201d8fb36e0, 0x00000201d8fb40d8]
Event: 19.219 Thread 0x00000201eb4fb9d0 6423       3       java.lang.ClassLoader::postDefineClass (39 bytes)
Event: 19.219 Thread 0x00000201ec2757b0 nmethod 6418 0x00000201e0596f90 code [0x00000201e0597160, 0x00000201e05976b0]
Event: 19.219 Thread 0x00000201eb4fb9d0 nmethod 6423 0x00000201d8fb2e10 code [0x00000201d8fb3000, 0x00000201d8fb3318]
Event: 19.219 Thread 0x00000201eb4fb9d0 6422       3       org.gradle.internal.file.DefaultFileHierarchySet$PrefixFileSet::contains (10 bytes)
Event: 19.219 Thread 0x00000201eb4fb9d0 nmethod 6422 0x00000201d8f4d990 code [0x00000201d8f4db40, 0x00000201d8f4dca8]
Event: 19.220 Thread 0x00000201ec2757b0 6424       4       java.nio.MappedByteBuffer::position (8 bytes)
Event: 19.221 Thread 0x00000201ec2757b0 nmethod 6424 0x00000201e0596c10 code [0x00000201e0596da0, 0x00000201e0596e98]
Event: 19.222 Thread 0x00000201eb4fb9d0 6425       3       java.util.concurrent.locks.AbstractQueuedSynchronizer::casTail (13 bytes)
Event: 19.223 Thread 0x00000201eb4fb9d0 nmethod 6425 0x00000201d8fb2a90 code [0x00000201d8fb2c20, 0x00000201d8fb2d98]
Event: 19.223 Thread 0x00000201eb4fb9d0 6426       3       java.util.concurrent.SynchronousQueue$TransferStack::shouldSpin (30 bytes)
Event: 19.223 Thread 0x00000201eb4fb9d0 nmethod 6426 0x00000201d8fb2590 code [0x00000201d8fb2740, 0x00000201d8fb29d8]

GC Heap History (12 events):
Event: 0.447 GC heap before
{Heap before GC invocations=0 (full 0):
 garbage-first heap   total 262144K, used 26624K [0x00000000e0000000, 0x0000000100000000)
  region size 1024K, 21 young (21504K), 0 survivors (0K)
 Metaspace       used 3163K, committed 3328K, reserved 221184K
  class space    used 378K, committed 448K, reserved 212992K
}
Event: 0.450 GC heap after
{Heap after GC invocations=1 (full 0):
 garbage-first heap   total 262144K, used 9415K [0x00000000e0000000, 0x0000000100000000)
  region size 1024K, 3 young (3072K), 3 survivors (3072K)
 Metaspace       used 3163K, committed 3328K, reserved 221184K
  class space    used 378K, committed 448K, reserved 212992K
}
Event: 0.729 GC heap before
{Heap before GC invocations=1 (full 0):
 garbage-first heap   total 262144K, used 32967K [0x00000000e0000000, 0x0000000100000000)
  region size 1024K, 26 young (26624K), 3 survivors (3072K)
 Metaspace       used 4126K, committed 4288K, reserved 221184K
  class space    used 481K, committed 576K, reserved 212992K
}
Event: 0.731 GC heap after
{Heap after GC invocations=2 (full 0):
 garbage-first heap   total 262144K, used 9667K [0x00000000e0000000, 0x0000000100000000)
  region size 1024K, 1 young (1024K), 1 survivors (1024K)
 Metaspace       used 4126K, committed 4288K, reserved 221184K
  class space    used 481K, committed 576K, reserved 212992K
}
Event: 2.171 GC heap before
{Heap before GC invocations=2 (full 0):
 garbage-first heap   total 262144K, used 119235K [0x00000000e0000000, 0x0000000100000000)
  region size 1024K, 109 young (111616K), 1 survivors (1024K)
 Metaspace       used 20983K, committed 21248K, reserved 237568K
  class space    used 3032K, committed 3200K, reserved 212992K
}
Event: 2.178 GC heap after
{Heap after GC invocations=3 (full 0):
 garbage-first heap   total 262144K, used 20148K [0x00000000e0000000, 0x0000000100000000)
  region size 1024K, 11 young (11264K), 11 survivors (11264K)
 Metaspace       used 20983K, committed 21248K, reserved 237568K
  class space    used 3032K, committed 3200K, reserved 212992K
}
Event: 3.270 GC heap before
{Heap before GC invocations=4 (full 0):
 garbage-first heap   total 262144K, used 121524K [0x00000000e0000000, 0x0000000100000000)
  region size 1024K, 108 young (110592K), 11 survivors (11264K)
 Metaspace       used 35199K, committed 35520K, reserved 245760K
  class space    used 4769K, committed 4928K, reserved 212992K
}
Event: 3.280 GC heap after
{Heap after GC invocations=5 (full 0):
 garbage-first heap   total 262144K, used 28688K [0x00000000e0000000, 0x0000000100000000)
  region size 1024K, 18 young (18432K), 18 survivors (18432K)
 Metaspace       used 35199K, committed 35520K, reserved 245760K
  class space    used 4769K, committed 4928K, reserved 212992K
}
Event: 4.805 GC heap before
{Heap before GC invocations=6 (full 0):
 garbage-first heap   total 262144K, used 166928K [0x00000000e0000000, 0x0000000100000000)
  region size 1024K, 153 young (156672K), 18 survivors (18432K)
 Metaspace       used 50115K, committed 50624K, reserved 262144K
  class space    used 7040K, committed 7232K, reserved 212992K
}
Event: 4.822 GC heap after
{Heap after GC invocations=7 (full 0):
 garbage-first heap   total 262144K, used 40918K [0x00000000e0000000, 0x0000000100000000)
  region size 1024K, 20 young (20480K), 20 survivors (20480K)
 Metaspace       used 50115K, committed 50624K, reserved 262144K
  class space    used 7040K, committed 7232K, reserved 212992K
}
Event: 5.546 GC heap before
{Heap before GC invocations=7 (full 0):
 garbage-first heap   total 262144K, used 76758K [0x00000000e0000000, 0x0000000100000000)
  region size 1024K, 57 young (58368K), 20 survivors (20480K)
 Metaspace       used 58809K, committed 59328K, reserved 270336K
  class space    used 8144K, committed 8384K, reserved 212992K
}
Event: 5.557 GC heap after
{Heap after GC invocations=8 (full 0):
 garbage-first heap   total 262144K, used 44624K [0x00000000e0000000, 0x0000000100000000)
  region size 1024K, 4 young (4096K), 4 survivors (4096K)
 Metaspace       used 58809K, committed 59328K, reserved 270336K
  class space    used 8144K, committed 8384K, reserved 212992K
}

Deoptimization events (20 events):
Event: 5.539 Thread 0x00000201f1c5be50 DEOPT PACKING pc=0x00000201e05f2e70 sp=0x0000006844ff4e10
Event: 5.539 Thread 0x00000201f1c5be50 DEOPT UNPACKING pc=0x00000201d894d72e sp=0x0000006844ff4dd8 mode 2
Event: 5.591 Thread 0x00000201ee281960 DEOPT PACKING pc=0x00000201d9202f74 sp=0x00000068437fe870
Event: 5.591 Thread 0x00000201ee281960 DEOPT UNPACKING pc=0x00000201d894dece sp=0x00000068437fddf0 mode 0
Event: 11.174 Thread 0x00000201ec5378e0 Uncommon trap: trap_request=0xffffff45 fr.pc=0x00000201e040a940 relative=0x0000000000000600
Event: 11.174 Thread 0x00000201ec5378e0 Uncommon trap: reason=unstable_if action=reinterpret pc=0x00000201e040a940 method=java.lang.AbstractStringBuilder.append(Ljava/lang/String;)Ljava/lang/AbstractStringBuilder; @ 1 c2
Event: 11.174 Thread 0x00000201ec5378e0 DEOPT PACKING pc=0x00000201e040a940 sp=0x0000006842afe250
Event: 11.174 Thread 0x00000201ec5378e0 DEOPT UNPACKING pc=0x00000201d894d72e sp=0x0000006842afe1d0 mode 2
Event: 11.174 Thread 0x00000201ec5378e0 Uncommon trap: trap_request=0xffffff45 fr.pc=0x00000201e0423cfc relative=0x00000000000005bc
Event: 11.174 Thread 0x00000201ec5378e0 Uncommon trap: reason=unstable_if action=reinterpret pc=0x00000201e0423cfc method=java.lang.AbstractStringBuilder.append(Ljava/lang/String;)Ljava/lang/AbstractStringBuilder; @ 1 c2
Event: 11.174 Thread 0x00000201ec5378e0 DEOPT PACKING pc=0x00000201e0423cfc sp=0x0000006842afe1e0
Event: 11.174 Thread 0x00000201ec5378e0 DEOPT UNPACKING pc=0x00000201d894d72e sp=0x0000006842afe1c8 mode 2
Event: 19.196 Thread 0x00000201f1c5c8f0 Uncommon trap: trap_request=0xffffffde fr.pc=0x00000201e0689278 relative=0x0000000000001438
Event: 19.196 Thread 0x00000201f1c5c8f0 Uncommon trap: reason=class_check action=maybe_recompile pc=0x00000201e0689278 method=java.util.concurrent.ConcurrentHashMap.putVal(Ljava/lang/Object;Ljava/lang/Object;Z)Ljava/lang/Object; @ 242 c2
Event: 19.196 Thread 0x00000201f1c5c8f0 DEOPT PACKING pc=0x00000201e0689278 sp=0x00000068451fe120
Event: 19.196 Thread 0x00000201f1c5c8f0 DEOPT UNPACKING pc=0x00000201d894d72e sp=0x00000068451fe0a0 mode 2
Event: 19.203 Thread 0x00000201ec535900 Uncommon trap: trap_request=0xffffff45 fr.pc=0x00000201e05f61cc relative=0x000000000000066c
Event: 19.203 Thread 0x00000201ec535900 Uncommon trap: reason=unstable_if action=reinterpret pc=0x00000201e05f61cc method=java.util.regex.Matcher.search(I)Z @ 76 c2
Event: 19.203 Thread 0x00000201ec535900 DEOPT PACKING pc=0x00000201e05f61cc sp=0x0000006842efbd50
Event: 19.203 Thread 0x00000201ec535900 DEOPT UNPACKING pc=0x00000201d894d72e sp=0x0000006842efbd20 mode 2

Classes unloaded (0 events):
No events

Classes redefined (0 events):
No events

Internal exceptions (20 events):
Event: 5.528 Thread 0x00000201f1c5be50 Exception <a 'java/lang/ClassNotFoundException'{0x00000000edd22540}: org/gradle/api/internal/file/CompositeFileCollectionBeanInfo> (0x00000000edd22540) 
thrown [e:\jenkins\tmp\workspace\build\src\src\hotspot\share\classfile\systemDictionary.cpp, line 256]
Event: 5.529 Thread 0x00000201f1c5be50 Exception <a 'java/lang/ClassNotFoundException'{0x00000000edd319d8}: org/gradle/api/internal/file/AbstractFileCollectionBeanInfo> (0x00000000edd319d8) 
thrown [e:\jenkins\tmp\workspace\build\src\src\hotspot\share\classfile\systemDictionary.cpp, line 256]
Event: 5.529 Thread 0x00000201f1c5be50 Exception <a 'java/lang/ClassNotFoundException'{0x00000000edd410b0}: org/gradle/api/internal/file/AbstractFileCollectionCustomizer> (0x00000000edd410b0) 
thrown [e:\jenkins\tmp\workspace\build\src\src\hotspot\share\classfile\systemDictionary.cpp, line 256]
Event: 5.530 Thread 0x00000201f1c5be50 Exception <a 'java/lang/ClassNotFoundException'{0x00000000edd62370}: org/gradle/api/internal/file/CompositeFileCollectionCustomizer> (0x00000000edd62370) 
thrown [e:\jenkins\tmp\workspace\build\src\src\hotspot\share\classfile\systemDictionary.cpp, line 256]
Event: 5.530 Thread 0x00000201f1c5be50 Exception <a 'java/lang/ClassNotFoundException'{0x00000000edd7a180}: org/gradle/api/internal/file/collections/DefaultConfigurableFileCollectionCustomizer> (0x00000000edd7a180) 
thrown [e:\jenkins\tmp\workspace\build\src\src\hotspot\share\classfile\systemDictionary.cpp, line 256]
Event: 5.534 Thread 0x00000201f1c5be50 Exception <a 'java/lang/ClassNotFoundException'{0x00000000eddc0470}: java/io/FileBeanInfo> (0x00000000eddc0470) 
thrown [e:\jenkins\tmp\workspace\build\src\src\hotspot\share\classfile\systemDictionary.cpp, line 256]
Event: 5.534 Thread 0x00000201f1c5be50 Exception <a 'java/lang/ClassNotFoundException'{0x00000000eddc5878}: java/io/FileCustomizer> (0x00000000eddc5878) 
thrown [e:\jenkins\tmp\workspace\build\src\src\hotspot\share\classfile\systemDictionary.cpp, line 256]
Event: 5.537 Thread 0x00000201f1c5be50 Exception <a 'java/lang/ClassNotFoundException'{0x00000000edcea778}: java/lang/StringBeanInfo> (0x00000000edcea778) 
thrown [e:\jenkins\tmp\workspace\build\src\src\hotspot\share\classfile\systemDictionary.cpp, line 256]
Event: 5.537 Thread 0x00000201f1c5be50 Exception <a 'java/lang/ClassNotFoundException'{0x00000000edcefc08}: java/lang/StringCustomizer> (0x00000000edcefc08) 
thrown [e:\jenkins\tmp\workspace\build\src\src\hotspot\share\classfile\systemDictionary.cpp, line 256]
Event: 5.538 Thread 0x00000201f1c5be50 Implicit null exception at 0x00000201e05d4f6f to 0x00000201e05d5464
Event: 5.539 Thread 0x00000201f1c5be50 Implicit null exception at 0x00000201e05c3500 to 0x00000201e05c3ee4
Event: 5.577 Thread 0x00000201f1c60360 Exception <a 'java/lang/NoSuchMethodError'{0x00000000effbf568}: 'void java.lang.invoke.DirectMethodHandle$Holder.invokeStatic(java.lang.Object, long)'> (0x00000000effbf568) 
thrown [e:\jenkins\tmp\workspace\build\src\src\hotspot\share\interpreter\linkResolver.cpp, line 790]
Event: 5.578 Thread 0x00000201f1c60360 Exception <a 'java/lang/NoSuchMethodError'{0x00000000effc4dd8}: 'java.lang.Object java.lang.invoke.DirectMethodHandle$Holder.newInvokeSpecial(java.lang.Object, long)'> (0x00000000effc4dd8) 
thrown [e:\jenkins\tmp\workspace\build\src\src\hotspot\share\interpreter\linkResolver.cpp, line 790]
Event: 5.579 Thread 0x00000201f1c60360 Exception <a 'java/lang/NoSuchMethodError'{0x00000000effcbba8}: 'java.lang.Object java.lang.invoke.DirectMethodHandle$Holder.invokeStatic(java.lang.Object, java.lang.Object, long, java.lang.Object)'> (0x00000000effcbba8) 
thrown [e:\jenkins\tmp\workspace\build\src\src\hotspot\share\interpreter\linkResolver.cpp, line 790]
Event: 5.579 Thread 0x00000201f1c60360 Exception <a 'java/lang/NoSuchMethodError'{0x00000000effcf830}: 'java.lang.Object java.lang.invoke.DirectMethodHandle$Holder.invokeStaticInit(java.lang.Object, java.lang.Object, long, java.lang.Object)'> (0x00000000effcf830) 
thrown [e:\jenkins\tmp\workspace\build\src\src\hotspot\share\interpreter\linkResolver.cpp, line 790]
Event: 11.174 Thread 0x00000201ec5378e0 Implicit null exception at 0x00000201e040a372 to 0x00000201e040a928
Event: 11.174 Thread 0x00000201ec5378e0 Implicit null exception at 0x00000201e0423772 to 0x00000201e0423ce4
Event: 19.193 Thread 0x00000201f1c5be50 Exception <a 'java/lang/reflect/InvocationTargetException'{0x00000000eff4ac70}> (0x00000000eff4ac70) 
thrown [e:\jenkins\tmp\workspace\build\src\src\hotspot\share\runtime\reflection.cpp, line 1157]
Event: 19.196 Thread 0x00000201ee280970 Exception <a 'java/lang/NoSuchMethodError'{0x00000000eff119f0}: static Lorg/gradle/internal/build/event/types/DefaultTaskFailureResult;.<clinit>()V> (0x00000000eff119f0) 
thrown [e:\jenkins\tmp\workspace\build\src\src\hotspot\share\prims\jni.cpp, line 1210]
Event: 19.198 Thread 0x00000201ee280970 Exception <a 'java/lang/NoSuchMethodError'{0x00000000efa06940}: static Lorg/gradle/internal/build/event/types/DefaultFailure;.<clinit>()V> (0x00000000efa06940) 
thrown [e:\jenkins\tmp\workspace\build\src\src\hotspot\share\prims\jni.cpp, line 1210]

Events (20 events):
Event: 16.595 Executing  VM operation: Cleanup
Event: 16.595 Executing  VM operation: Cleanup done
Event: 19.195 loading class java/lang/Throwable$WrappedPrintWriter
Event: 19.195 loading class java/lang/Throwable$PrintStreamOrWriter
Event: 19.195 loading class java/lang/Throwable$PrintStreamOrWriter done
Event: 19.195 loading class java/lang/Throwable$WrappedPrintWriter done
Event: 19.195 loading class java/lang/StackTraceElement$HashedModules
Event: 19.195 loading class java/lang/StackTraceElement$HashedModules done
Event: 19.196 Thread 0x00000201f1c5de30 Thread exited: 0x00000201f1c5de30
Event: 19.197 Thread 0x00000201f1c5c3a0 Thread exited: 0x00000201f1c5c3a0
Event: 19.197 Thread 0x00000201f1c5c8f0 Thread exited: 0x00000201f1c5c8f0
Event: 19.197 Thread 0x00000201f1c5be50 Thread exited: 0x00000201f1c5be50
Event: 19.197 Thread 0x00000201f1c5a910 Thread exited: 0x00000201f1c5a910
Event: 19.203 loading class java/util/logging/LogRecord
Event: 19.204 loading class java/util/logging/LogRecord done
Event: 19.207 Executing  VM operation: HandshakeAllThreads
Event: 19.207 Executing  VM operation: HandshakeAllThreads done
Event: 19.207 Executing  VM operation: Cleanup
Event: 19.207 Executing  VM operation: Cleanup done
Event: 19.209 Thread 0x00000201ec2757b0 Thread added: 0x00000201ec2757b0


Dynamic libraries:
0x00007ff626270000 - 0x00007ff62627e000 	C:\Program Files\AdoptOpenJDK\jdk-16.0.1.9-hotspot\bin\java.exe
0x00007ffa6ca70000 - 0x00007ffa6cc65000 	C:\WINDOWS\SYSTEM32\ntdll.dll
0x00007ffa6bb50000 - 0x00007ffa6bc0d000 	C:\WINDOWS\System32\KERNEL32.DLL
0x00007ffa6a530000 - 0x00007ffa6a7f9000 	C:\WINDOWS\System32\KERNELBASE.dll
0x00007ffa6a8a0000 - 0x00007ffa6a9a0000 	C:\WINDOWS\System32\ucrtbase.dll
0x00007ffa65af0000 - 0x00007ffa65b08000 	C:\Program Files\AdoptOpenJDK\jdk-16.0.1.9-hotspot\bin\jli.dll
0x00007ffa63c50000 - 0x00007ffa63c69000 	C:\Program Files\AdoptOpenJDK\jdk-16.0.1.9-hotspot\bin\VCRUNTIME140.dll
0x00007ffa6c890000 - 0x00007ffa6ca30000 	C:\WINDOWS\System32\USER32.dll
0x00007ffa6a4b0000 - 0x00007ffa6a4d2000 	C:\WINDOWS\System32\win32u.dll
0x00007ffa497a0000 - 0x00007ffa49a3a000 	C:\WINDOWS\WinSxS\amd64_microsoft.windows.common-controls_6595b64144ccf1df_6.0.19041.1083_none_60bbe31371f34e71\COMCTL32.dll
0x00007ffa6c280000 - 0x00007ffa6c2aa000 	C:\WINDOWS\System32\GDI32.dll
0x00007ffa6c130000 - 0x00007ffa6c1ce000 	C:\WINDOWS\System32\msvcrt.dll
0x00007ffa6a3a0000 - 0x00007ffa6a4ab000 	C:\WINDOWS\System32\gdi32full.dll
0x00007ffa6a800000 - 0x00007ffa6a89d000 	C:\WINDOWS\System32\msvcp_win.dll
0x00007ffa6b070000 - 0x00007ffa6b0a0000 	C:\WINDOWS\System32\IMM32.DLL
0x00007ffa63c40000 - 0x00007ffa63c4c000 	C:\Program Files\AdoptOpenJDK\jdk-16.0.1.9-hotspot\bin\vcruntime140_1.dll
0x00007ffa5a3b0000 - 0x00007ffa5a441000 	C:\Program Files\AdoptOpenJDK\jdk-16.0.1.9-hotspot\bin\msvcp140.dll
0x00007ffa0c140000 - 0x00007ffa0cd78000 	C:\Program Files\AdoptOpenJDK\jdk-16.0.1.9-hotspot\bin\server\jvm.dll
0x00007ffa6c6d0000 - 0x00007ffa6c77c000 	C:\WINDOWS\System32\ADVAPI32.dll
0x00007ffa6afc0000 - 0x00007ffa6b05b000 	C:\WINDOWS\System32\sechost.dll
0x00007ffa6c4b0000 - 0x00007ffa6c5da000 	C:\WINDOWS\System32\RPCRT4.dll
0x00007ffa6b840000 - 0x00007ffa6b848000 	C:\WINDOWS\System32\PSAPI.DLL
0x00007ffa44d10000 - 0x00007ffa44d19000 	C:\WINDOWS\SYSTEM32\WSOCK32.dll
0x00007ffa4d770000 - 0x00007ffa4d797000 	C:\WINDOWS\SYSTEM32\WINMM.dll
0x00007ffa6c660000 - 0x00007ffa6c6cb000 	C:\WINDOWS\System32\WS2_32.dll
0x00007ffa62420000 - 0x00007ffa6242a000 	C:\WINDOWS\SYSTEM32\VERSION.dll
0x00007ffa68100000 - 0x00007ffa68112000 	C:\WINDOWS\SYSTEM32\kernel.appcore.dll
0x00007ffa5f780000 - 0x00007ffa5f78a000 	C:\Program Files\AdoptOpenJDK\jdk-16.0.1.9-hotspot\bin\jimage.dll
0x00007ffa64fb0000 - 0x00007ffa65194000 	C:\WINDOWS\SYSTEM32\DBGHELP.DLL
0x00007ffa64da0000 - 0x00007ffa64dcc000 	C:\WINDOWS\SYSTEM32\dbgcore.DLL
0x00007ffa6aa50000 - 0x00007ffa6aad3000 	C:\WINDOWS\System32\bcryptPrimitives.dll
0x00007ffa5af80000 - 0x00007ffa5afa5000 	C:\Program Files\AdoptOpenJDK\jdk-16.0.1.9-hotspot\bin\java.dll
0x00007ffa6b100000 - 0x00007ffa6b83f000 	C:\WINDOWS\System32\SHELL32.dll
0x00007ffa68300000 - 0x00007ffa68a91000 	C:\WINDOWS\SYSTEM32\windows.storage.dll
0x00007ffa6bdd0000 - 0x00007ffa6c125000 	C:\WINDOWS\System32\combase.dll
0x00007ffa69c20000 - 0x00007ffa69c4c000 	C:\WINDOWS\SYSTEM32\Wldp.dll
0x00007ffa6c1d0000 - 0x00007ffa6c27e000 	C:\WINDOWS\System32\SHCORE.dll
0x00007ffa6c780000 - 0x00007ffa6c7d5000 	C:\WINDOWS\System32\shlwapi.dll
0x00007ffa6a0f0000 - 0x00007ffa6a10f000 	C:\WINDOWS\SYSTEM32\profapi.dll
0x00007ffa5c390000 - 0x00007ffa5c3a9000 	C:\Program Files\AdoptOpenJDK\jdk-16.0.1.9-hotspot\bin\net.dll
0x00007ffa63580000 - 0x00007ffa6368a000 	C:\WINDOWS\SYSTEM32\WINHTTP.dll
0x00007ffa69980000 - 0x00007ffa699ea000 	C:\WINDOWS\system32\mswsock.dll
0x00007ffa5b3e0000 - 0x00007ffa5b3f3000 	C:\Program Files\AdoptOpenJDK\jdk-16.0.1.9-hotspot\bin\nio.dll
0x00007ffa5ad10000 - 0x00007ffa5ad28000 	C:\Program Files\AdoptOpenJDK\jdk-16.0.1.9-hotspot\bin\zip.dll
0x00007ffa5f770000 - 0x00007ffa5f780000 	C:\Program Files\AdoptOpenJDK\jdk-16.0.1.9-hotspot\bin\verify.dll
0x00007ffa5a5e0000 - 0x00007ffa5a607000 	C:\Users\80010-02-10\.gradle\native\49d0259a56938c7f99b2704e745ce422c4f750a7a20b539a32ccef96729676b1\windows-amd64\native-platform.dll
0x00007ffa2c9d0000 - 0x00007ffa2cb66000 	C:\Users\80010-02-10\.gradle\native\12488b8bf47d2d4c9fbf2f6322a914ad602e24e48041cd04a747c6da556b65c4\windows-amd64\native-platform-file-events.dll
0x00007ffa5f2f0000 - 0x00007ffa5f2f9000 	C:\Program Files\AdoptOpenJDK\jdk-16.0.1.9-hotspot\bin\management.dll
0x00007ffa5dcd0000 - 0x00007ffa5dcdb000 	C:\Program Files\AdoptOpenJDK\jdk-16.0.1.9-hotspot\bin\management_ext.dll
0x00007ffa69b60000 - 0x00007ffa69b78000 	C:\WINDOWS\SYSTEM32\CRYPTSP.dll
0x00007ffa69250000 - 0x00007ffa69284000 	C:\WINDOWS\system32\rsaenh.dll
0x00007ffa6a310000 - 0x00007ffa6a337000 	C:\WINDOWS\System32\bcrypt.dll
0x00007ffa6a0b0000 - 0x00007ffa6a0de000 	C:\WINDOWS\SYSTEM32\USERENV.dll
0x00007ffa69b80000 - 0x00007ffa69b8c000 	C:\WINDOWS\SYSTEM32\CRYPTBASE.dll
0x00007ffa69600000 - 0x00007ffa6963b000 	C:\WINDOWS\SYSTEM32\IPHLPAPI.DLL
0x00007ffa6b060000 - 0x00007ffa6b068000 	C:\WINDOWS\System32\NSI.dll
0x00007ffa659a0000 - 0x00007ffa659b7000 	C:\WINDOWS\SYSTEM32\dhcpcsvc6.DLL
0x00007ffa65950000 - 0x00007ffa6596d000 	C:\WINDOWS\SYSTEM32\dhcpcsvc.DLL
0x00007ffa69640000 - 0x00007ffa6970c000 	C:\WINDOWS\SYSTEM32\DNSAPI.dll
0x00007ffa5c6f0000 - 0x00007ffa5c6fe000 	C:\Program Files\AdoptOpenJDK\jdk-16.0.1.9-hotspot\bin\sunmscapi.dll
0x00007ffa6a1b0000 - 0x00007ffa6a30f000 	C:\WINDOWS\System32\CRYPT32.dll
0x00007ffa69c90000 - 0x00007ffa69cb7000 	C:\WINDOWS\SYSTEM32\ncrypt.dll
0x00007ffa69c50000 - 0x00007ffa69c8b000 	C:\WINDOWS\SYSTEM32\NTASN1.dll
0x00007ffa5aff0000 - 0x00007ffa5aff7000 	C:\WINDOWS\system32\wshunix.dll
0x00007ffa5db10000 - 0x00007ffa5db27000 	C:\WINDOWS\system32\napinsp.dll
0x00007ffa5dbb0000 - 0x00007ffa5dbcb000 	C:\WINDOWS\system32\pnrpnsp.dll
0x00007ffa5dce0000 - 0x00007ffa5dcf5000 	C:\WINDOWS\system32\wshbth.dll
0x00007ffa65290000 - 0x00007ffa652ad000 	C:\WINDOWS\system32\NLAapi.dll
0x00007ffa5e860000 - 0x00007ffa5e872000 	C:\WINDOWS\System32\winrnr.dll
0x00007ffa62cc0000 - 0x00007ffa62cca000 	C:\Windows\System32\rasadhlp.dll
0x00007ffa65a70000 - 0x00007ffa65aef000 	C:\WINDOWS\System32\fwpuclnt.dll

dbghelp: loaded successfully - version: 4.0.5 - missing functions: none
symbol engine: initialized successfully - sym options: 0x614 - pdb path: .;C:\Program Files\AdoptOpenJDK\jdk-16.0.1.9-hotspot\bin;C:\WINDOWS\SYSTEM32;C:\WINDOWS\WinSxS\amd64_microsoft.windows.common-controls_6595b64144ccf1df_6.0.19041.1083_none_60bbe31371f34e71;C:\Program Files\AdoptOpenJDK\jdk-16.0.1.9-hotspot\bin\server;C:\Users\80010-02-10\.gradle\native\49d0259a56938c7f99b2704e745ce422c4f750a7a20b539a32ccef96729676b1\windows-amd64;C:\Users\80010-02-10\.gradle\native\12488b8bf47d2d4c9fbf2f6322a914ad602e24e48041cd04a747c6da556b65c4\windows-amd64

VM Arguments:
jvm_args: --add-opens=java.base/java.util=ALL-UNNAMED --add-opens=java.base/java.lang=ALL-UNNAMED --add-opens=java.base/java.lang.invoke=ALL-UNNAMED --add-opens=java.base/java.util=ALL-UNNAMED --add-opens=java.prefs/java.util.prefs=ALL-UNNAMED --add-opens=java.prefs/java.util.prefs=ALL-UNNAMED --add-opens=java.base/java.nio.charset=ALL-UNNAMED --add-opens=java.base/java.net=ALL-UNNAMED --add-opens=java.base/java.util.concurrent.atomic=ALL-UNNAMED -XX:MaxMetaspaceSize=256m -XX:+HeapDumpOnOutOfMemoryError -Xms256m -Xmx512m -Dfile.encoding=windows-1252 -Duser.country=FR -Duser.language=fr -Duser.variant 
java_command: org.gradle.launcher.daemon.bootstrap.GradleDaemon 7.0
java_class_path (initial): C:\Users\80010-02-10\.gradle\wrapper\dists\gradle-7.0-bin\2p9ebqfz6ilrfozi676ogco7n\gradle-7.0\lib\gradle-launcher-7.0.jar
Launcher Type: SUN_STANDARD

[Global flags]
     intx CICompilerCount                          = 3                                         {product} {ergonomic}
   size_t CompressedClassSpaceSize                 = 218103808                                 {product} {ergonomic}
     uint ConcGCThreads                            = 2                                         {product} {ergonomic}
     uint G1ConcRefinementThreads                  = 6                                         {product} {ergonomic}
   size_t G1HeapRegionSize                         = 1048576                                   {product} {ergonomic}
    uintx GCDrainStackTargetSize                   = 64                                        {product} {ergonomic}
     bool HeapDumpOnOutOfMemoryError               = true                                   {manageable} {command line}
   size_t InitialHeapSize                          = 268435456                                 {product} {command line}
   size_t MarkStackSize                            = 4194304                                   {product} {ergonomic}
   size_t MaxHeapSize                              = 536870912                                 {product} {command line}
   size_t MaxMetaspaceSize                         = 268435456                                 {product} {command line}
   size_t MaxNewSize                               = 321912832                                 {product} {ergonomic}
   size_t MinHeapDeltaBytes                        = 1048576                                   {product} {ergonomic}
   size_t MinHeapSize                              = 268435456                                 {product} {command line}
    uintx NonNMethodCodeHeapSize                   = 5832780                                {pd product} {ergonomic}
    uintx NonProfiledCodeHeapSize                  = 122912730                              {pd product} {ergonomic}
    uintx ProfiledCodeHeapSize                     = 122912730                              {pd product} {ergonomic}
    uintx ReservedCodeCacheSize                    = 251658240                              {pd product} {ergonomic}
     bool SegmentedCodeCache                       = true                                      {product} {ergonomic}
   size_t SoftMaxHeapSize                          = 536870912                              {manageable} {ergonomic}
     bool UseCompressedClassPointers               = true                           {product lp64_product} {ergonomic}
     bool UseCompressedOops                        = true                           {product lp64_product} {ergonomic}
     bool UseG1GC                                  = true                                      {product} {ergonomic}
     bool UseLargePagesIndividualAllocation        = false                                  {pd product} {ergonomic}

Logging:
Log output configuration:
 #0: stdout all=warning uptime,level,tags
 #1: stderr all=off uptime,level,tags

Environment Variables:
JAVA_HOME=C:\Program Files\AdoptOpenJDK\jdk-16.0.1.9-hotspot\
PATH=C:\Program Files\AdoptOpenJDK\jdk-16.0.1.9-hotspot\bin;C:\Program Files (x86)\Common Files\Oracle\Java\javapath;C:\WINDOWS\system32;C:\WINDOWS;C:\WINDOWS\System32\Wbem;C:\WINDOWS\System32\WindowsPowerShell\v1.0\;C:\WINDOWS\System32\OpenSSH\;C:\Program Files (x86)\Microsoft VS Code\bin;C:\Program Files\dotnet\;C:\Program Files\Microsoft SQL Server\130\Tools\Binn\;C:\Program Files\Microsoft SQL Server\Client SDK\ODBC\170\Tools\Binn\;C:\ProgramData\ComposerSetup\bin;C:\Program Files\Symfony;C:\php-7.4.20;C:\Program Files\Git\cmd;C:\Users\80010-02-10\AppData\Local\Microsoft\WindowsApps;C:\Users\80010-02-10\AppData\Roaming\Composer\vendor\bin;C:\Program Files\JetBrains\PhpStorm 2021.1.3\bin;;C:\Program Files\JetBrains\IntelliJ IDEA 2021.1.3\bin;
USERNAME=80010-02-10
OS=Windows_NT
PROCESSOR_IDENTIFIER=Intel64 Family 6 Model 158 Stepping 10, GenuineIntel



---------------  S Y S T E M  ---------------

OS:
 Windows 10 , 64 bit Build 19041 (10.0.19041.1023)
OS uptime: 11 days 1:21 hours

CPU: total 6 (initial active 6) (6 cores per cpu, 1 threads per core) family 6 model 158 stepping 10 microcode 0xb4, cx8, cmov, fxsr, mmx, 3dnowpref, sse, sse2, sse3, ssse3, sse4.1, sse4.2, popcnt, lzcnt, tsc, tscinvbit, avx, avx2, aes, erms, clmul, bmi1, bmi2, adx, fma, vzeroupper, clflush, clflushopt

Memory: 4k page, system-wide physical 16219M (5876M free)
TotalPageFile size 18651M (AvailPageFile size 3609M)
current process WorkingSet (physical memory assigned to process): 388M, peak: 396M
current process commit charge ("private bytes"): 468M, peak: 491M

vm_info: OpenJDK 64-Bit Server VM (16.0.1+9) for windows-amd64 JRE (16.0.1+9), built on Apr 21 2021 12:30:27 by "" with MS VC++ 16.7 (VS2019)

END.
